#
# There is insufficient memory for the Java Runtime Environment to continue.
# Native memory allocation (malloc) failed to allocate 1045648 bytes for Chunk::new
# Possible reasons:
#   The system is out of physical RAM or swap space
#   In 32 bit mode, the process size limit was hit
# Possible solutions:
#   Reduce memory load on the system
#   Increase physical memory or swap space
#   Check if swap backing store is full
#   Use 64 bit Java on a 64 bit OS
#   Decrease Java heap size (-Xmx/-Xms)
#   Decrease number of Java threads
#   Decrease Java thread stack sizes (-Xss)
#   Set larger code cache with -XX:ReservedCodeCacheSize=
# This output file may be truncated or incomplete.
#
#  Out of Memory Error (allocation.cpp:390), pid=3080, tid=0x00000000000007b8
#
# JRE version: Java(TM) SE Runtime Environment (8.0_92-b14) (build 1.8.0_92-b14)
# Java VM: Java HotSpot(TM) 64-Bit Server VM (25.92-b14 mixed mode windows-amd64 compressed oops)
# Failed to write core dump. Minidumps are not enabled by default on client versions of Windows
#

---------------  T H R E A D  ---------------

Current thread (0x000000005524c000):  JavaThread "C2 CompilerThread1" daemon [_thread_in_native, id=1976, stack(0x0000000056e30000,0x0000000056f30000)]

Stack: [0x0000000056e30000,0x0000000056f30000]
[error occurred during error reporting (printing stack bounds), id 0xc0000005]

Native frames: (J=compiled Java code, j=interpreted, Vv=VM code, C=native code)


Current CompileTask:
C2:   5849 1885       4       com.android.dx.cf.code.Simulator$SimVisitor::visitConstant (332 bytes)


---------------  P R O C E S S  ---------------

Java Threads: ( => current thread )
  0x0000000056a43800 JavaThread "pool-1-thread-4" [_thread_blocked, id=2372, stack(0x00000000571d0000,0x00000000572d0000)]
  0x00000000569da000 JavaThread "pool-1-thread-3" [_thread_blocked, id=1436, stack(0x0000000058030000,0x0000000058130000)]
  0x00000000569d9000 JavaThread "pool-1-thread-2" [_thread_blocked, id=1372, stack(0x0000000057e60000,0x0000000057f60000)]
  0x00000000569d8800 JavaThread "pool-2-thread-1" [_thread_blocked, id=2764, stack(0x0000000057d20000,0x0000000057e20000)]
  0x0000000056935800 JavaThread "pool-1-thread-1" [_thread_blocked, id=2844, stack(0x0000000057c00000,0x0000000057d00000)]
  0x00000000566c2800 JavaThread "Service Thread" daemon [_thread_blocked, id=2784, stack(0x00000000570b0000,0x00000000571b0000)]
  0x000000005524f000 JavaThread "C1 CompilerThread2" daemon [_thread_blocked, id=3212, stack(0x0000000056fa0000,0x00000000570a0000)]
=>0x000000005524c000 JavaThread "C2 CompilerThread1" daemon [_thread_in_native, id=1976, stack(0x0000000056e30000,0x0000000056f30000)]
  0x0000000056667000 JavaThread "C2 CompilerThread0" daemon [_thread_in_native, id=2104, stack(0x0000000056ce0000,0x0000000056de0000)]
  0x0000000056664800 JavaThread "Attach Listener" daemon [_thread_blocked, id=3248, stack(0x0000000056b10000,0x0000000056c10000)]
  0x000000005665a800 JavaThread "Signal Dispatcher" daemon [_thread_blocked, id=3024, stack(0x00000000561a0000,0x00000000562a0000)]
  0x0000000055223800 JavaThread "Finalizer" daemon [_thread_blocked, id=2756, stack(0x0000000056550000,0x0000000056650000)]
  0x00000000551e2000 JavaThread "Reference Handler" daemon [_thread_blocked, id=3456, stack(0x00000000562f0000,0x00000000563f0000)]
  0x000000000262f000 JavaThread "main" [_thread_blocked, id=2036, stack(0x00000000028e0000,0x00000000029e0000)]

Other Threads:
  0x00000000551da800 VMThread [stack: 0x0000000056070000,0x0000000056170000] [id=3340]
  0x00000000566f5000 WatcherThread [stack: 0x00000000572d0000,0x00000000573d0000] [id=1808]

VM state:not at safepoint (normal execution)

VM Mutex/Monitor currently owned by a thread: None

Heap:
 PSYoungGen      total 35328K, used 16696K [0x00000000eab00000, 0x00000000ef000000, 0x0000000100000000)
  eden space 32768K, 43% used [0x00000000eab00000,0x00000000eb8ce010,0x00000000ecb00000)
  from space 2560K, 100% used [0x00000000ecd80000,0x00000000ed000000,0x00000000ed000000)
  to   space 2560K, 0% used [0x00000000ecb00000,0x00000000ecb00000,0x00000000ecd80000)
 ParOldGen       total 44032K, used 13804K [0x00000000c0000000, 0x00000000c2b00000, 0x00000000eab00000)
  object space 44032K, 31% used [0x00000000c0000000,0x00000000c0d7b0d8,0x00000000c2b00000)
 Metaspace       used 6363K, capacity 7156K, committed 7296K, reserved 1056768K
  class space    used 606K, capacity 620K, committed 640K, reserved 1048576K

Card table byte_map: [0x0000000011da0000,0x0000000011fb0000] byte_map_base: 0x00000000117a0000

Marking Bits: (ParMarkBitMap*) 0x00000000619e64f0
 Begin Bits: [0x0000000012650000, 0x0000000013650000)
 End Bits:   [0x0000000013650000, 0x0000000014650000)

Polling page: 0x0000000000260000

CodeCache: size=245760Kb used=8242Kb max_used=8254Kb free=237517Kb
 bounds [0x00000000029e0000, 0x0000000003200000, 0x00000000119e0000]
 total_blobs=2150 nmethods=1880 adapters=182
 compilation: enabled

Compilation events (10 events):
Event: 5.772 Thread 0x0000000056667000 nmethod 1889 0x00000000031e7890 code [0x00000000031e7d00, 0x00000000031eb978]
Event: 5.773 Thread 0x000000005524f000 1890   !   3       com.android.dx.dex.cf.CfTranslator::processMethods (583 bytes)
Event: 5.774 Thread 0x0000000056667000 1891   !   4       com.android.dx.rop.type.Prototype::putIntern (50 bytes)
Event: 5.778 Thread 0x000000005524f000 nmethod 1890 0x00000000031f2810 code [0x00000000031f2fa0, 0x00000000031f8ba8]
Event: 5.789 Thread 0x0000000056667000 nmethod 1891 0x00000000031e5fd0 code [0x00000000031e61a0, 0x00000000031e6f48]
Event: 5.792 Thread 0x0000000056667000 1892       4       com.android.dx.rop.type.Prototype::<init> (67 bytes)
Event: 5.792 Thread 0x0000000056667000 nmethod 1892 0x00000000031c4e10 code [0x00000000031c4f40, 0x00000000031c5018]
Event: 5.810 Thread 0x0000000056667000 1893       4       com.android.dx.cf.code.ExecutionStack::<init> (34 bytes)
Event: 5.811 Thread 0x0000000056667000 nmethod 1893 0x00000000031d0e10 code [0x00000000031d0f60, 0x00000000031d1158]
Event: 5.827 Thread 0x0000000056667000 1894       4       com.android.dx.rop.code.LocalVariableExtractor::processBlock (327 bytes)

GC Heap History (8 events):
Event: 0.637 GC heap before
{Heap before GC invocations=1 (full 0):
 PSYoungGen      total 18944K, used 16384K [0x00000000eab00000, 0x00000000ec000000, 0x0000000100000000)
  eden space 16384K, 100% used [0x00000000eab00000,0x00000000ebb00000,0x00000000ebb00000)
  from space 2560K, 0% used [0x00000000ebd80000,0x00000000ebd80000,0x00000000ec000000)
  to   space 2560K, 0% used [0x00000000ebb00000,0x00000000ebb00000,0x00000000ebd80000)
 ParOldGen       total 44032K, used 0K [0x00000000c0000000, 0x00000000c2b00000, 0x00000000eab00000)
  object space 44032K, 0% used [0x00000000c0000000,0x00000000c0000000,0x00000000c2b00000)
 Metaspace       used 5531K, capacity 6448K, committed 6528K, reserved 1056768K
  class space    used 593K, capacity 616K, committed 640K, reserved 1048576K
Event: 0.670 GC heap after
Heap after GC invocations=1 (full 0):
 PSYoungGen      total 18944K, used 2528K [0x00000000eab00000, 0x00000000ed000000, 0x0000000100000000)
  eden space 16384K, 0% used [0x00000000eab00000,0x00000000eab00000,0x00000000ebb00000)
  from space 2560K, 98% used [0x00000000ebb00000,0x00000000ebd78088,0x00000000ebd80000)
  to   space 2560K, 0% used [0x00000000ecd80000,0x00000000ecd80000,0x00000000ed000000)
 ParOldGen       total 44032K, used 1051K [0x00000000c0000000, 0x00000000c2b00000, 0x00000000eab00000)
  object space 44032K, 2% used [0x00000000c0000000,0x00000000c0106da8,0x00000000c2b00000)
 Metaspace       used 5531K, capacity 6448K, committed 6528K, reserved 1056768K
  class space    used 593K, capacity 616K, committed 640K, reserved 1048576K
}
Event: 1.263 GC heap before
{Heap before GC invocations=2 (full 0):
 PSYoungGen      total 18944K, used 18912K [0x00000000eab00000, 0x00000000ed000000, 0x0000000100000000)
  eden space 16384K, 100% used [0x00000000eab00000,0x00000000ebb00000,0x00000000ebb00000)
  from space 2560K, 98% used [0x00000000ebb00000,0x00000000ebd78088,0x00000000ebd80000)
  to   space 2560K, 0% used [0x00000000ecd80000,0x00000000ecd80000,0x00000000ed000000)
 ParOldGen       total 44032K, used 1051K [0x00000000c0000000, 0x00000000c2b00000, 0x00000000eab00000)
  object space 44032K, 2% used [0x00000000c0000000,0x00000000c0106da8,0x00000000c2b00000)
 Metaspace       used 5955K, capacity 6836K, committed 7040K, reserved 1056768K
  class space    used 603K, capacity 620K, committed 640K, reserved 1048576K
Event: 1.354 GC heap after
Heap after GC invocations=2 (full 0):
 PSYoungGen      total 35328K, used 2552K [0x00000000eab00000, 0x00000000ed000000, 0x0000000100000000)
  eden space 32768K, 0% used [0x00000000eab00000,0x00000000eab00000,0x00000000ecb00000)
  from space 2560K, 99% used [0x00000000ecd80000,0x00000000ecffe048,0x00000000ed000000)
  to   space 2560K, 0% used [0x00000000ecb00000,0x00000000ecb00000,0x00000000ecd80000)
 ParOldGen       total 44032K, used 3135K [0x00000000c0000000, 0x00000000c2b00000, 0x00000000eab00000)
  object space 44032K, 7% used [0x00000000c0000000,0x00000000c030fec8,0x00000000c2b00000)
 Metaspace       used 5955K, capacity 6836K, committed 7040K, reserved 1056768K
  class space    used 603K, capacity 620K, committed 640K, reserved 1048576K
}
Event: 1.994 GC heap before
{Heap before GC invocations=3 (full 0):
 PSYoungGen      total 35328K, used 35320K [0x00000000eab00000, 0x00000000ed000000, 0x0000000100000000)
  eden space 32768K, 100% used [0x00000000eab00000,0x00000000ecb00000,0x00000000ecb00000)
  from space 2560K, 99% used [0x00000000ecd80000,0x00000000ecffe048,0x00000000ed000000)
  to   space 2560K, 0% used [0x00000000ecb00000,0x00000000ecb00000,0x00000000ecd80000)
 ParOldGen       total 44032K, used 3135K [0x00000000c0000000, 0x00000000c2b00000, 0x00000000eab00000)
  object space 44032K, 7% used [0x00000000c0000000,0x00000000c030fec8,0x00000000c2b00000)
 Metaspace       used 6262K, capacity 7092K, committed 7296K, reserved 1056768K
  class space    used 604K, capacity 620K, committed 640K, reserved 1048576K
Event: 2.273 GC heap after
Heap after GC invocations=3 (full 0):
 PSYoungGen      total 35328K, used 2552K [0x00000000eab00000, 0x00000000ed000000, 0x0000000100000000)
  eden space 32768K, 0% used [0x00000000eab00000,0x00000000eab00000,0x00000000ecb00000)
  from space 2560K, 99% used [0x00000000ecb00000,0x00000000ecd7e028,0x00000000ecd80000)
  to   space 2560K, 0% used [0x00000000ecd80000,0x00000000ecd80000,0x00000000ed000000)
 ParOldGen       total 44032K, used 8352K [0x00000000c0000000, 0x00000000c2b00000, 0x00000000eab00000)
  object space 44032K, 18% used [0x00000000c0000000,0x00000000c0828230,0x00000000c2b00000)
 Metaspace       used 6262K, capacity 7092K, committed 7296K, reserved 1056768K
  class space    used 604K, capacity 620K, committed 640K, reserved 1048576K
}
Event: 5.179 GC heap before
{Heap before GC invocations=4 (full 0):
 PSYoungGen      total 35328K, used 35320K [0x00000000eab00000, 0x00000000ed000000, 0x0000000100000000)
  eden space 32768K, 100% used [0x00000000eab00000,0x00000000ecb00000,0x00000000ecb00000)
  from space 2560K, 99% used [0x00000000ecb00000,0x00000000ecd7e028,0x00000000ecd80000)
  to   space 2560K, 0% used [0x00000000ecd80000,0x00000000ecd80000,0x00000000ed000000)
 ParOldGen       total 44032K, used 8352K [0x00000000c0000000, 0x00000000c2b00000, 0x00000000eab00000)
  object space 44032K, 18% used [0x00000000c0000000,0x00000000c0828230,0x00000000c2b00000)
 Metaspace       used 6350K, capacity 7156K, committed 7296K, reserved 1056768K
  class space    used 606K, capacity 620K, committed 640K, reserved 1048576K
Event: 5.292 GC heap after
Heap after GC invocations=4 (full 0):
 PSYoungGen      total 35328K, used 2560K [0x00000000eab00000, 0x00000000ef000000, 0x0000000100000000)
  eden space 32768K, 0% used [0x00000000eab00000,0x00000000eab00000,0x00000000ecb00000)
  from space 2560K, 100% used [0x00000000ecd80000,0x00000000ed000000,0x00000000ed000000)
  to   space 2560K, 0% used [0x00000000ecb00000,0x00000000ecb00000,0x00000000ecd80000)
 ParOldGen       total 44032K, used 13804K [0x00000000c0000000, 0x00000000c2b00000, 0x00000000eab00000)
  object space 44032K, 31% used [0x00000000c0000000,0x00000000c0d7b0d8,0x00000000c2b00000)
 Metaspace       used 6350K, capacity 7156K, committed 7296K, reserved 1056768K
  class space    used 606K, capacity 620K, committed 640K, reserved 1048576K
}

Deoptimization events (10 events):
Event: 1.890 Thread 0x00000000569d9000 Uncommon trap: reason=unstable_if action=reinterpret pc=0x0000000002ed3f78 method=com.android.dx.ssa.SCCP.simulateStmt(Lcom/android/dx/ssa/SsaInsn;)V @ 53
Event: 1.941 Thread 0x00000000569d9000 Uncommon trap: reason=unstable_if action=reinterpret pc=0x0000000002dc0e28 method=com.android.dx.dex.code.OutputFinisher.hasLocalInfo(Lcom/android/dx/dex/code/DalvInsn;)Z @ 24
Event: 3.490 Thread 0x00000000569d9000 Uncommon trap: reason=bimorphic action=maybe_recompile pc=0x00000000030067fc method=com.android.dx.rop.code.RegisterSpec.withSimpleType()Lcom/android/dx/rop/code/RegisterSpec; @ 21
Event: 4.306 Thread 0x0000000056a43800 Uncommon trap: reason=unstable_if action=reinterpret pc=0x00000000030a69c8 method=java.util.ArrayList.<init>(I)V @ 5
Event: 4.306 Thread 0x0000000056a43800 Uncommon trap: reason=unstable_if action=reinterpret pc=0x00000000030fa500 method=com.android.dx.rop.code.RegisterSpecSet.<init>(I)V @ 2
Event: 4.306 Thread 0x0000000056a43800 Uncommon trap: reason=unstable_if action=reinterpret pc=0x0000000002daae58 method=com.android.dx.rop.code.RegisterSpecSet.<init>(I)V @ 2
Event: 4.563 Thread 0x0000000056a43800 Uncommon trap: reason=bimorphic action=maybe_recompile pc=0x00000000030e4040 method=com.android.dx.cf.code.RopperMachine.run(Lcom/android/dx/cf/code/Frame;II)V @ 988
Event: 4.573 Thread 0x0000000056a43800 Uncommon trap: reason=unstable_if action=reinterpret pc=0x0000000002f95c38 method=com.android.dx.ssa.LiteralOpUpgrader$1.visitNonMoveInsn(Lcom/android/dx/ssa/NormalSsaInsn;)V @ 55
Event: 4.573 Thread 0x0000000056a43800 Uncommon trap: reason=unstable_if action=reinterpret pc=0x0000000002e0b4cc method=com.android.dx.ssa.SsaMethod.updateOneDefinition(Lcom/android/dx/ssa/SsaInsn;Lcom/android/dx/rop/code/RegisterSpec;)V @ 4
Event: 5.514 Thread 0x00000000569d9000 Uncommon trap: reason=unstable_if action=reinterpret pc=0x0000000003102130 method=com.android.dx.cf.code.Merger.mergeType(Lcom/android/dx/rop/type/TypeBearer;Lcom/android/dx/rop/type/TypeBearer;)Lcom/android/dx/rop/type/TypeBearer; @ 45

Internal exceptions (3 events):
Event: 0.039 Thread 0x000000000262f000 Exception <a 'java/lang/NoSuchMethodError': Method sun.misc.Unsafe.defineClass(Ljava/lang/String;[BII)Ljava/lang/Class; name or signature does not match> (0x00000000eab07cc0) thrown at [D:\re\workspace\8-2-build-windows-amd64-cygwin\jdk8u92\6642\hotspot\sr	1%—-ÿ£?
Event: 0.039 Thread 0x000000000262f000 Exception <a 'java/lang/NoSuchMethodError': Method sun.misc.Unsafe.prefetchRead(Ljava/lang/Object;J)V name or signature does not match> (0x00000000eab07fa8) thrown at [D:\re\workspace\8-2-build-windows-amd64-cygwin\jdk8u92\6642\hotspot\src\share\vm\prims\jå}Üù?
Event: 1.568 Thread 0x00000000569da000 Implicit null exception at 0x0000000002cde456 to 0x0000000002cdfb41

Events (10 events):
Event: 4.574 Thread 0x0000000056a43800 DEOPT UNPACKING pc=0x0000000002a2582a sp=0x00000000572ce8d8 mode 2
Event: 4.873 Thread 0x0000000056a43800 DEOPT PACKING pc=0x0000000002e04e90 sp=0x00000000572ceaa0
Event: 4.873 Thread 0x0000000056a43800 DEOPT UNPACKING pc=0x0000000002a2787f sp=0x00000000572ce8d0 mode 0
Event: 5.179 Executing VM operation: ParallelGCFailedAllocation
Event: 5.292 Executing VM operation: ParallelGCFailedAllocation done
Event: 5.514 Thread 0x00000000569d9000 Uncommon trap: trap_request=0xffffff65 fr.pc=0x0000000003102130
Event: 5.514 Thread 0x00000000569d9000 DEOPT PACKING pc=0x0000000003102130 sp=0x0000000057f5edd0
Event: 5.514 Thread 0x00000000569d9000 DEOPT UNPACKING pc=0x0000000002a2582a sp=0x0000000057f5ed60 mode 2
Event: 5.661 loading class com/android/dx/cf/iface/ParseObserver
Event: 5.661 loading class com/android/dx/cf/iface/ParseObserver done


Dynamic libraries:
0x000000013f970000 - 0x000000013f9a7000 	C:\Program Files\Java\jdk1.8.0_92\bin\java.exe
0x0000000077420000 - 0x00000000775ca000 	C:\windows\SYSTEM32\ntdll.dll
0x0000000077200000 - 0x000000007731f000 	C:\windows\system32\kernel32.dll
0x000007fefd1d0000 - 0x000007fefd23b000 	C:\windows\system32\KERNELBASE.dll
0x000007feff320000 - 0x000007feff3fb000 	C:\windows\system32\ADVAPI32.dll
0x000007fefe930000 - 0x000007fefe9cf000 	C:\windows\system32\msvcrt.dll
0x000007feff680000 - 0x000007feff69f000 	C:\windows\SYSTEM32\sechost.dll
0x000007feff450000 - 0x000007feff57d000 	C:\windows\system32\RPCRT4.dll
0x0000000077320000 - 0x000000007741a000 	C:\windows\system32\USER32.dll
0x000007fefeb80000 - 0x000007fefebe7000 	C:\windows\system32\GDI32.dll
0x000007feff6a0000 - 0x000007feff6ae000 	C:\windows\system32\LPK.dll
0x000007fefd5a0000 - 0x000007fefd66a000 	C:\windows\system32\USP10.dll
0x000007fefb8e0000 - 0x000007fefbad4000 	C:\windows\WinSxS\amd64_microsoft.windows.common-controls_6595b64144ccf1df_6.0.7601.18837_none_fa3b1e3d17594757\COMCTL32.dll
0x000007feff5e0000 - 0x000007feff651000 	C:\windows\system32\SHLWAPI.dll
0x000007fefd850000 - 0x000007fefd87e000 	C:\windows\system32\IMM32.DLL
0x000007fefe9d0000 - 0x000007fefead9000 	C:\windows\system32\MSCTF.dll
0x000000006aee0000 - 0x000000006afb2000 	C:\Program Files\Java\jdk1.8.0_92\jre\bin\msvcr100.dll
0x00000000611d0000 - 0x0000000061a66000 	C:\Program Files\Java\jdk1.8.0_92\jre\bin\server\jvm.dll
0x000007fefb150000 - 0x000007fefb159000 	C:\windows\system32\WSOCK32.dll
0x000007feff400000 - 0x000007feff44d000 	C:\windows\system32\WS2_32.dll
0x000007fefe610000 - 0x000007fefe618000 	C:\windows\system32\NSI.dll
0x000007fefd270000 - 0x000007fefd2ab000 	C:\windows\system32\WINMM.dll
0x000007fefc250000 - 0x000007fefc25c000 	C:\windows\system32\VERSION.dll
0x00000000775e0000 - 0x00000000775e7000 	C:\windows\system32\PSAPI.DLL
0x0000000073770000 - 0x000000007377f000 	C:\Program Files\Java\jdk1.8.0_92\jre\bin\verify.dll
0x0000000071490000 - 0x00000000714b9000 	C:\Program Files\Java\jdk1.8.0_92\jre\bin\java.dll
0x0000000072430000 - 0x0000000072446000 	C:\Program Files\Java\jdk1.8.0_92\jre\bin\zip.dll
0x000007fefd880000 - 0x000007fefe609000 	C:\windows\system32\SHELL32.dll
0x000007feff110000 - 0x000007feff313000 	C:\windows\system32\ole32.dll
0x000007fefd0f0000 - 0x000007fefd0ff000 	C:\windows\system32\profapi.dll

VM Arguments:
jvm_args: -Djava.awt.headless=true -Xmx1024M -Dfile.encoding=GBK -Duser.country=CN -Duser.language=zh -Duser.variant 
java_command: com.android.dx.command.Main --dex --force-jumbo --num-threads=4 --output C:\Android\Project\MyGitDroid\app\build\intermediates\pre-dexed\debug\internal_impl-24.0.0_e98c77ecbb49475556e68f02980f07486adf963c.jar C:\Android\Project\MyGitDroid\app\build\intermediates\exploded-aar\com.android.support\support-v4\24.0.0\jars\libs\internal_impl-24.0.0.jar
java_class_path (initial): C:\Android\sdk\build-tools\24.0.1\lib\dx.jar
Launcher Type: SUN_STANDARD

Environment Variables:
JAVA_HOME=C:\Program Files\Java\jdk1.8.0_92
CLASSPATH=.
PATH=C:\Program Files\Java\jdk1.8.0_92\bin;C:\ProgramData\Oracle\Java\javapath;C:\windows\system32;C:\windows;C:\windows\System32\Wbem;C:\windows\System32\WindowsPowerShell\v1.0\;C:\Program Files (x86)\Intel\OpenCL SDK\2.0\bin\x86;C:\Program Files (x86)\Intel\OpenCL SDK\2.0\bin\x64
USERNAME=Administrator
OS=Windows_NT
PROCESSOR_IDENTIFIER=Intel64 Family 6 Model 42 Stepping 7, GenuineIntel



---------------  S Y S T E M  ---------------

OS: Windows 7 , 64 bit Build 7601 (6.1.7601.19135)

CPU:total 4 (4 cores per cpu, 1 threads per core) family 6 model 42 stepping 7, cmov, cx8, fxsr, mmx, sse, sse2, sse3, ssse3, sse4.1, sse4.2, popcnt, avx, aes, clmul, tsc, tscinvbit

Memory: 4k page, physical 4104836k(368100k free), swap 5151576k(6092k free)

vm_info: Java HotSpot(TM) 64-Bit Server VM (25.92-b14) for windows-amd64 JRE (1.8.0_92-b14), built on Mar 31 2016 21:03:04 by "java_re" with MS VC++ 10.0 (VS2010)

time: Thu Jul 28 15:45:39 2016
elapsed time: 5 seconds (0d 0h 0m 5s)

