#
# There is insufficient memory for the Java Runtime Environment to continue.
# Native memory allocation (malloc) failed to allocate 376464 bytes for Chunk::new
# Possible reasons:
#   The system is out of physical RAM or swap space
#   In 32 bit mode, the process size limit was hit
# Possible solutions:
#   Reduce memory load on the system
#   Increase physical memory or swap space
#   Check if swap backing store is full
#   Use 64 bit Java on a 64 bit OS
#   Decrease Java heap size (-Xmx/-Xms)
#   Decrease number of Java threads
#   Decrease Java thread stack sizes (-Xss)
#   Set larger code cache with -XX:ReservedCodeCacheSize=
# This output file may be truncated or incomplete.
#
#  Out of Memory Error (allocation.cpp:390), pid=3312, tid=0x0000000000000a08
#
# JRE version: Java(TM) SE Runtime Environment (8.0_92-b14) (build 1.8.0_92-b14)
# Java VM: Java HotSpot(TM) 64-Bit Server VM (25.92-b14 mixed mode windows-amd64 compressed oops)
# Failed to write core dump. Minidumps are not enabled by default on client versions of Windows
#

---------------  T H R E A D  ---------------

Current thread (0x00000000551fe000):  JavaThread "C2 CompilerThread0" daemon [_thread_in_native, id=2568, stack(0x0000000056b00000,0x0000000056c00000)]

Stack: [0x0000000056b00000,0x0000000056c00000]
[error occurred during error reporting (printing stack bounds), id 0xc0000005]

Native frames: (J=compiled Java code, j=interpreted, Vv=VM code, C=native code)


Current CompileTask:
C2:   1792 1455       4       com.android.dx.ssa.SCCP::simulateBranch (666 bytes)


---------------  P R O C E S S  ---------------

Java Threads: ( => current thread )
  0x0000000056769000 JavaThread "pool-1-thread-4" [_thread_in_Java, id=3820, stack(0x0000000057c20000,0x0000000057d20000)]
  0x0000000056765800 JavaThread "pool-1-thread-3" [_thread_blocked, id=2872, stack(0x0000000057ab0000,0x0000000057bb0000)]
  0x000000005678f000 JavaThread "pool-1-thread-2" [_thread_blocked, id=1396, stack(0x0000000057880000,0x0000000057980000)]
  0x0000000056781800 JavaThread "pool-2-thread-1" [_thread_blocked, id=2664, stack(0x00000000576b0000,0x00000000577b0000)]
  0x0000000056783800 JavaThread "pool-1-thread-1" [_thread_blocked, id=3256, stack(0x00000000574d0000,0x00000000575d0000)]
  0x00000000564d3000 JavaThread "Service Thread" daemon [_thread_blocked, id=2828, stack(0x00000000570b0000,0x00000000571b0000)]
  0x0000000056495000 JavaThread "C1 CompilerThread2" daemon [_thread_blocked, id=1536, stack(0x0000000056f00000,0x0000000057000000)]
  0x0000000056494000 JavaThread "C2 CompilerThread1" daemon [_thread_in_native, id=3268, stack(0x0000000056d90000,0x0000000056e90000)]
=>0x00000000551fe000 JavaThread "C2 CompilerThread0" daemon [_thread_in_native, id=2568, stack(0x0000000056b00000,0x0000000056c00000)]
  0x000000005648b800 JavaThread "Attach Listener" daemon [_thread_blocked, id=3024, stack(0x0000000056c10000,0x0000000056d10000)]
  0x000000005648a800 JavaThread "Signal Dispatcher" daemon [_thread_blocked, id=1172, stack(0x0000000056960000,0x0000000056a60000)]
  0x00000000551da800 JavaThread "Finalizer" daemon [_thread_blocked, id=340, stack(0x0000000056380000,0x0000000056480000)]
  0x0000000055193800 JavaThread "Reference Handler" daemon [_thread_blocked, id=1976, stack(0x0000000056100000,0x0000000056200000)]
  0x000000000259f000 JavaThread "main" [_thread_blocked, id=3280, stack(0x00000000025d0000,0x00000000026d0000)]

Other Threads:
  0x000000005518b800 VMThread [stack: 0x0000000056250000,0x0000000056350000] [id=1932]
  0x0000000056529800 WatcherThread [stack: 0x0000000057280000,0x0000000057380000] [id=3044]

VM state:not at safepoint (normal execution)

VM Mutex/Monitor currently owned by a thread: None

Heap:
 PSYoungGen      total 68096K, used 8478K [0x00000000eab00000, 0x00000000ef000000, 0x0000000100000000)
  eden space 65536K, 9% used [0x00000000eab00000,0x00000000eb0c97e0,0x00000000eeb00000)
  from space 2560K, 99% used [0x00000000eed80000,0x00000000eeffe178,0x00000000ef000000)
  to   space 2560K, 0% used [0x00000000eeb00000,0x00000000eeb00000,0x00000000eed80000)
 ParOldGen       total 44032K, used 14343K [0x00000000c0000000, 0x00000000c2b00000, 0x00000000eab00000)
  object space 44032K, 32% used [0x00000000c0000000,0x00000000c0e01d88,0x00000000c2b00000)
 Metaspace       used 6318K, capacity 7128K, committed 7424K, reserved 1056768K
  class space    used 626K, capacity 656K, committed 768K, reserved 1048576K

Card table byte_map: [0x0000000011bb0000,0x0000000011dc0000] byte_map_base: 0x00000000115b0000

Marking Bits: (ParMarkBitMap*) 0x00000000619e64f0
 Begin Bits: [0x0000000012600000, 0x0000000013600000)
 End Bits:   [0x0000000013600000, 0x0000000014600000)

Polling page: 0x0000000000260000

CodeCache: size=245760Kb used=6218Kb max_used=6218Kb free=239541Kb
 bounds [0x00000000027f0000, 0x0000000002e10000, 0x00000000117f0000]
 total_blobs=1819 nmethods=1550 adapters=182
 compilation: enabled

Compilation events (10 events):
Event: 1.788 Thread 0x0000000056495000 1568       2       com.android.dx.ssa.SsaMethod::setBackMode (16 bytes)
Event: 1.788 Thread 0x0000000056495000 nmethod 1568 0x0000000002e03b10 code [0x0000000002e03c60, 0x0000000002e03dd0]
Event: 1.788 Thread 0x0000000056495000 1569       2       com.android.dx.ssa.back.SsaToRop::removeEmptyGotos (26 bytes)
Event: 1.788 Thread 0x0000000056495000 nmethod 1569 0x0000000002e03e50 code [0x0000000002e03fc0, 0x0000000002e041c8]
Event: 1.788 Thread 0x0000000056495000 1570       2       com.android.dx.ssa.back.SsaToRop$1::<init> (15 bytes)
Event: 1.788 Thread 0x0000000056495000 nmethod 1570 0x0000000002e042d0 code [0x0000000002e04420, 0x0000000002e04590]
Event: 1.788 Thread 0x0000000056495000 1571       2       com.android.dx.ssa.back.IdenticalBlockCombiner::<init> (32 bytes)
Event: 1.788 Thread 0x0000000056495000 nmethod 1571 0x0000000002e04610 code [0x0000000002e04780, 0x0000000002e049c8]
Event: 1.788 Thread 0x0000000056495000 1574       1       com.android.dx.ssa.PhiInsn::canThrow (2 bytes)
Event: 1.788 Thread 0x0000000056495000 nmethod 1574 0x0000000002e04b10 code [0x0000000002e04c60, 0x0000000002e04d70]

GC Heap History (8 events):
Event: 0.777 GC heap before
{Heap before GC invocations=1 (full 0):
 PSYoungGen      total 18944K, used 16384K [0x00000000eab00000, 0x00000000ec000000, 0x0000000100000000)
  eden space 16384K, 100% used [0x00000000eab00000,0x00000000ebb00000,0x00000000ebb00000)
  from space 2560K, 0% used [0x00000000ebd80000,0x00000000ebd80000,0x00000000ec000000)
  to   space 2560K, 0% used [0x00000000ebb00000,0x00000000ebb00000,0x00000000ebd80000)
 ParOldGen       total 44032K, used 0K [0x00000000c0000000, 0x00000000c2b00000, 0x00000000eab00000)
  object space 44032K, 0% used [0x00000000c0000000,0x00000000c0000000,0x00000000c2b00000)
 Metaspace       used 5870K, capacity 6770K, committed 7040K, reserved 1056768K
  class space    used 601K, capacity 618K, committed 640K, reserved 1048576K
Event: 0.798 GC heap after
Heap after GC invocations=1 (full 0):
 PSYoungGen      total 18944K, used 2559K [0x00000000eab00000, 0x00000000ed000000, 0x0000000100000000)
  eden space 16384K, 0% used [0x00000000eab00000,0x00000000eab00000,0x00000000ebb00000)
  from space 2560K, 99% used [0x00000000ebb00000,0x00000000ebd7fc80,0x00000000ebd80000)
  to   space 2560K, 0% used [0x00000000ecd80000,0x00000000ecd80000,0x00000000ed000000)
 ParOldGen       total 44032K, used 1708K [0x00000000c0000000, 0x00000000c2b00000, 0x00000000eab00000)
  object space 44032K, 3% used [0x00000000c0000000,0x00000000c01ab340,0x00000000c2b00000)
 Metaspace       used 5870K, capacity 6770K, committed 7040K, reserved 1056768K
  class space    used 601K, capacity 618K, committed 640K, reserved 1048576K
}
Event: 1.032 GC heap before
{Heap before GC invocations=2 (full 0):
 PSYoungGen      total 18944K, used 18943K [0x00000000eab00000, 0x00000000ed000000, 0x0000000100000000)
  eden space 16384K, 100% used [0x00000000eab00000,0x00000000ebb00000,0x00000000ebb00000)
  from space 2560K, 99% used [0x00000000ebb00000,0x00000000ebd7fc80,0x00000000ebd80000)
  to   space 2560K, 0% used [0x00000000ecd80000,0x00000000ecd80000,0x00000000ed000000)
 ParOldGen       total 44032K, used 1708K [0x00000000c0000000, 0x00000000c2b00000, 0x00000000eab00000)
  object space 44032K, 3% used [0x00000000c0000000,0x00000000c01ab340,0x00000000c2b00000)
 Metaspace       used 6054K, capacity 6900K, committed 7040K, reserved 1056768K
  class space    used 603K, capacity 620K, committed 640K, reserved 1048576K
Event: 1.092 GC heap after
Heap after GC invocations=2 (full 0):
 PSYoungGen      total 35328K, used 2536K [0x00000000eab00000, 0x00000000ed000000, 0x0000000100000000)
  eden space 32768K, 0% used [0x00000000eab00000,0x00000000eab00000,0x00000000ecb00000)
  from space 2560K, 99% used [0x00000000ecd80000,0x00000000ecffa040,0x00000000ed000000)
  to   space 2560K, 0% used [0x00000000ecb00000,0x00000000ecb00000,0x00000000ecd80000)
 ParOldGen       total 44032K, used 4095K [0x00000000c0000000, 0x00000000c2b00000, 0x00000000eab00000)
  object space 44032K, 9% used [0x00000000c0000000,0x00000000c03ffe68,0x00000000c2b00000)
 Metaspace       used 6054K, capacity 6900K, committed 7040K, reserved 1056768K
  class space    used 603K, capacity 620K, committed 640K, reserved 1048576K
}
Event: 1.344 GC heap before
{Heap before GC invocations=3 (full 0):
 PSYoungGen      total 35328K, used 35304K [0x00000000eab00000, 0x00000000ed000000, 0x0000000100000000)
  eden space 32768K, 100% used [0x00000000eab00000,0x00000000ecb00000,0x00000000ecb00000)
  from space 2560K, 99% used [0x00000000ecd80000,0x00000000ecffa040,0x00000000ed000000)
  to   space 2560K, 0% used [0x00000000ecb00000,0x00000000ecb00000,0x00000000ecd80000)
 ParOldGen       total 44032K, used 4095K [0x00000000c0000000, 0x00000000c2b00000, 0x00000000eab00000)
  object space 44032K, 9% used [0x00000000c0000000,0x00000000c03ffe68,0x00000000c2b00000)
 Metaspace       used 6187K, capacity 7028K, committed 7296K, reserved 1056768K
  class space    used 606K, capacity 620K, committed 640K, reserved 1048576K
Event: 1.396 GC heap after
Heap after GC invocations=3 (full 0):
 PSYoungGen      total 35328K, used 2545K [0x00000000eab00000, 0x00000000ef000000, 0x0000000100000000)
  eden space 32768K, 0% used [0x00000000eab00000,0x00000000eab00000,0x00000000ecb00000)
  from space 2560K, 99% used [0x00000000ecb00000,0x00000000ecd7c6f8,0x00000000ecd80000)
  to   space 2560K, 0% used [0x00000000eed80000,0x00000000eed80000,0x00000000ef000000)
 ParOldGen       total 44032K, used 9587K [0x00000000c0000000, 0x00000000c2b00000, 0x00000000eab00000)
  object space 44032K, 21% used [0x00000000c0000000,0x00000000c095ce18,0x00000000c2b00000)
 Metaspace       used 6187K, capacity 7028K, committed 7296K, reserved 1056768K
  class space    used 606K, capacity 620K, committed 640K, reserved 1048576K
}
Event: 1.720 GC heap before
{Heap before GC invocations=4 (full 0):
 PSYoungGen      total 35328K, used 35313K [0x00000000eab00000, 0x00000000ef000000, 0x0000000100000000)
  eden space 32768K, 100% used [0x00000000eab00000,0x00000000ecb00000,0x00000000ecb00000)
  from space 2560K, 99% used [0x00000000ecb00000,0x00000000ecd7c6f8,0x00000000ecd80000)
  to   space 2560K, 0% used [0x00000000eed80000,0x00000000eed80000,0x00000000ef000000)
 ParOldGen       total 44032K, used 9587K [0x00000000c0000000, 0x00000000c2b00000, 0x00000000eab00000)
  object space 44032K, 21% used [0x00000000c0000000,0x00000000c095ce18,0x00000000c2b00000)
 Metaspace       used 6306K, capacity 7128K, committed 7424K, reserved 1056768K
  class space    used 626K, capacity 656K, committed 768K, reserved 1048576K
Event: 1.751 GC heap after
Heap after GC invocations=4 (full 0):
 PSYoungGen      total 68096K, used 2552K [0x00000000eab00000, 0x00000000ef000000, 0x0000000100000000)
  eden space 65536K, 0% used [0x00000000eab00000,0x00000000eab00000,0x00000000eeb00000)
  from space 2560K, 99% used [0x00000000eed80000,0x00000000eeffe178,0x00000000ef000000)
  to   space 2560K, 0% used [0x00000000eeb00000,0x00000000eeb00000,0x00000000eed80000)
 ParOldGen       total 44032K, used 14343K [0x00000000c0000000, 0x00000000c2b00000, 0x00000000eab00000)
  object space 44032K, 32% used [0x00000000c0000000,0x00000000c0e01d88,0x00000000c2b00000)
 Metaspace       used 6306K, capacity 7128K, committed 7424K, reserved 1056768K
  class space    used 626K, capacity 656K, committed 768K, reserved 1048576K
}

Deoptimization events (10 events):
Event: 1.318 Thread 0x000000000259f000 Uncommon trap: reason=bimorphic action=maybe_recompile pc=0x0000000002d94520 method=com.android.dx.cf.code.BytecodeArray.parseInstruction(ILcom/android/dx/cf/code/BytecodeArray$Visitor;)I @ 1501
Event: 1.319 Thread 0x000000000259f000 Uncommon trap: reason=bimorphic action=maybe_recompile pc=0x0000000002d94520 method=com.android.dx.cf.code.BytecodeArray.parseInstruction(ILcom/android/dx/cf/code/BytecodeArray$Visitor;)I @ 1501
Event: 1.319 Thread 0x000000005678f000 Uncommon trap: reason=unstable_if action=reinterpret pc=0x0000000002d95338 method=com.android.dx.cf.code.BytecodeArray.parseInstruction(ILcom/android/dx/cf/code/BytecodeArray$Visitor;)I @ 1198
Event: 1.320 Thread 0x000000000259f000 Uncommon trap: reason=null_check action=make_not_entrant pc=0x0000000002bbb5ec method=com.android.dx.ssa.SsaRenamer.getLocalForNewReg(I)Lcom/android/dx/rop/code/LocalItem; @ 19
Event: 1.492 Thread 0x0000000056769000 Uncommon trap: reason=unstable_if action=reinterpret pc=0x0000000002b8c7c4 method=java.util.HashMap.putVal(ILjava/lang/Object;Ljava/lang/Object;ZZ)Ljava/lang/Object; @ 162
Event: 1.502 Thread 0x0000000056769000 Uncommon trap: reason=unstable_if action=reinterpret pc=0x0000000002d81abc method=java.util.HashMap.getNode(ILjava/lang/Object;)Ljava/util/HashMap$Node; @ 84
Event: 1.506 Thread 0x0000000056769000 Uncommon trap: reason=unstable_if action=reinterpret pc=0x0000000002d8cdd4 method=java.util.HashMap.getNode(ILjava/lang/Object;)Ljava/util/HashMap$Node; @ 84
Event: 1.506 Thread 0x0000000056769000 Uncommon trap: reason=unstable_if action=reinterpret pc=0x0000000002d852f8 method=java.util.HashMap.getNode(ILjava/lang/Object;)Ljava/util/HashMap$Node; @ 84
Event: 1.511 Thread 0x0000000056769000 Uncommon trap: reason=unstable_if action=reinterpret pc=0x0000000002c59f6c method=com.android.dx.util.IntList.binarysearch(I)I @ 105
Event: 1.535 Thread 0x000000000259f000 Uncommon trap: reason=unstable_if action=reinterpret pc=0x0000000002c79c7c method=java.util.HashMap.putVal(ILjava/lang/Object;Ljava/lang/Object;ZZ)Ljava/lang/Object; @ 162

Internal exceptions (7 events):
Event: 0.056 Thread 0x000000000259f000 Exception <a 'java/lang/NoSuchMethodError': Method sun.misc.Unsafe.defineClass(Ljava/lang/String;[BII)Ljava/lang/Class; name or signature does not match> (0x00000000eab07cc0) thrown at [D:\re\workspace\8-2-build-windows-amd64-cygwin\jdk8u92\6642\hotspot\sr	ÃkP¯¡¬?
Event: 0.056 Thread 0x000000000259f000 Exception <a 'java/lang/NoSuchMethodError': Method sun.misc.Unsafe.prefetchRead(Ljava/lang/Object;J)V name or signature does not match> (0x00000000eab07fa8) thrown at [D:\re\workspace\8-2-build-windows-amd64-cygwin\jdk8u92\6642\hotspot\src\share\vm\prims\jô5DÆ¬Áî?
Event: 0.961 Thread 0x000000005678f000 Implicit null exception at 0x0000000002b88ad2 to 0x0000000002b88bc2
Event: 1.320 Thread 0x000000000259f000 Implicit null exception at 0x0000000002bb9a5d to 0x0000000002bbb5cd
Event: 1.501 Thread 0x0000000056769000 Exception <a 'java/lang/ArrayIndexOutOfBoundsException': 18> (0x00000000eb0debd0) thrown at [D:\re\workspace\8-2-build-windows-amd64-cygwin\jdk8u92\6642\hotspot\src\share\vm\interpreter\interpreterRuntime.cpp, line 366]
Event: 1.501 Thread 0x0000000056769000 Exception <a 'java/lang/ArrayIndexOutOfBoundsException': 145> (0x00000000eb0e0750) thrown at [D:\re\workspace\8-2-build-windows-amd64-cygwin\jdk8u92\6642\hotspot\src\share\vm\interpreter\interpreterRuntime.cpp, line 366]
Event: 1.502 Thread 0x0000000056769000 Exception <a 'java/lang/ArrayIndexOutOfBoundsException': 40> (0x00000000eb0e1a38) thrown at [D:\re\workspace\8-2-build-windows-amd64-cygwin\jdk8u92\6642\hotspot\src\share\vm\interpreter\interpreterRuntime.cpp, line 366]

Events (10 events):
Event: 1.535 Thread 0x000000000259f000 DEOPT PACKING pc=0x0000000002c79c7c sp=0x00000000026ce0a0
Event: 1.535 Thread 0x000000000259f000 DEOPT UNPACKING pc=0x000000000283582a sp=0x00000000026cdfc8 mode 2
Event: 1.632 Thread 0x0000000056765800 DEOPT PACKING pc=0x0000000002b694bc sp=0x0000000057baed00
Event: 1.632 Thread 0x0000000056765800 DEOPT UNPACKING pc=0x000000000283787f sp=0x0000000057baeac8 mode 0
Event: 1.649 Thread 0x000000000259f000 DEOPT PACKING pc=0x0000000002b694bc sp=0x00000000026ce350
Event: 1.649 Thread 0x000000000259f000 DEOPT UNPACKING pc=0x000000000283787f sp=0x00000000026ce118 mode 0
Event: 1.714 Thread 0x0000000056783800 DEOPT PACKING pc=0x0000000002b694bc sp=0x00000000575ce8e0
Event: 1.714 Thread 0x0000000056783800 DEOPT UNPACKING pc=0x000000000283787f sp=0x00000000575ce6a8 mode 0
Event: 1.720 Executing VM operation: ParallelGCFailedAllocation
Event: 1.751 Executing VM operation: ParallelGCFailedAllocation done


Dynamic libraries:
0x000000013f970000 - 0x000000013f9a7000 	C:\Program Files\Java\jdk1.8.0_92\bin\java.exe
0x0000000077420000 - 0x00000000775ca000 	C:\windows\SYSTEM32\ntdll.dll
0x0000000077200000 - 0x000000007731f000 	C:\windows\system32\kernel32.dll
0x000007fefd1d0000 - 0x000007fefd23b000 	C:\windows\system32\KERNELBASE.dll
0x000007feff320000 - 0x000007feff3fb000 	C:\windows\system32\ADVAPI32.dll
0x000007fefe930000 - 0x000007fefe9cf000 	C:\windows\system32\msvcrt.dll
0x000007feff680000 - 0x000007feff69f000 	C:\windows\SYSTEM32\sechost.dll
0x000007feff450000 - 0x000007feff57d000 	C:\windows\system32\RPCRT4.dll
0x0000000077320000 - 0x000000007741a000 	C:\windows\system32\USER32.dll
0x000007fefeb80000 - 0x000007fefebe7000 	C:\windows\system32\GDI32.dll
0x000007feff6a0000 - 0x000007feff6ae000 	C:\windows\system32\LPK.dll
0x000007fefd5a0000 - 0x000007fefd66a000 	C:\windows\system32\USP10.dll
0x000007fefb8e0000 - 0x000007fefbad4000 	C:\windows\WinSxS\amd64_microsoft.windows.common-controls_6595b64144ccf1df_6.0.7601.18837_none_fa3b1e3d17594757\COMCTL32.dll
0x000007feff5e0000 - 0x000007feff651000 	C:\windows\system32\SHLWAPI.dll
0x000007fefd850000 - 0x000007fefd87e000 	C:\windows\system32\IMM32.DLL
0x000007fefe9d0000 - 0x000007fefead9000 	C:\windows\system32\MSCTF.dll
0x000000006aee0000 - 0x000000006afb2000 	C:\Program Files\Java\jdk1.8.0_92\jre\bin\msvcr100.dll
0x00000000611d0000 - 0x0000000061a66000 	C:\Program Files\Java\jdk1.8.0_92\jre\bin\server\jvm.dll
0x000007fefb150000 - 0x000007fefb159000 	C:\windows\system32\WSOCK32.dll
0x000007feff400000 - 0x000007feff44d000 	C:\windows\system32\WS2_32.dll
0x000007fefe610000 - 0x000007fefe618000 	C:\windows\system32\NSI.dll
0x000007fefd270000 - 0x000007fefd2ab000 	C:\windows\system32\WINMM.dll
0x000007fefc250000 - 0x000007fefc25c000 	C:\windows\system32\VERSION.dll
0x00000000775e0000 - 0x00000000775e7000 	C:\windows\system32\PSAPI.DLL
0x0000000073770000 - 0x000000007377f000 	C:\Program Files\Java\jdk1.8.0_92\jre\bin\verify.dll
0x0000000071490000 - 0x00000000714b9000 	C:\Program Files\Java\jdk1.8.0_92\jre\bin\java.dll
0x0000000072430000 - 0x0000000072446000 	C:\Program Files\Java\jdk1.8.0_92\jre\bin\zip.dll
0x000007fefd880000 - 0x000007fefe609000 	C:\windows\system32\SHELL32.dll
0x000007feff110000 - 0x000007feff313000 	C:\windows\system32\ole32.dll
0x000007fefd0f0000 - 0x000007fefd0ff000 	C:\windows\system32\profapi.dll

VM Arguments:
jvm_args: -Djava.awt.headless=true -Xmx1024M -Dfile.encoding=GBK -Duser.country=CN -Duser.language=zh -Duser.variant 
java_command: com.android.dx.command.Main --dex --force-jumbo --num-threads=4 --output C:\Android\Project\MyGitDroid\app\build\intermediates\pre-dexed\debug\com.android.support-recyclerview-v7-24.0.0_b0d3001d2e9fb64c6872bf2b4b1cebbfbeeae923.jar C:\Android\Project\MyGitDroid\app\build\intermediates\exploded-aar\com.android.support\recyclerview-v7\24.0.0\jars\classes.jar
java_class_path (initial): C:\Android\sdk\build-tools\24.0.1\lib\dx.jar
Launcher Type: SUN_STANDARD

Environment Variables:
JAVA_HOME=C:\Program Files\Java\jdk1.8.0_92
CLASSPATH=.
PATH=C:\Program Files\Java\jdk1.8.0_92\bin;C:\ProgramData\Oracle\Java\javapath;C:\windows\system32;C:\windows;C:\windows\System32\Wbem;C:\windows\System32\WindowsPowerShell\v1.0\;C:\Program Files (x86)\Intel\OpenCL SDK\2.0\bin\x86;C:\Program Files (x86)\Intel\OpenCL SDK\2.0\bin\x64
USERNAME=Administrator
OS=Windows_NT
PROCESSOR_IDENTIFIER=Intel64 Family 6 Model 42 Stepping 7, GenuineIntel



---------------  S Y S T E M  ---------------

OS: Windows 7 , 64 bit Build 7601 (6.1.7601.19135)

CPU:total 4 (4 cores per cpu, 1 threads per core) family 6 model 42 stepping 7, cmov, cx8, fxsr, mmx, sse, sse2, sse3, ssse3, sse4.1, sse4.2, popcnt, avx, aes, clmul, tsc, tscinvbit

Memory: 4k page, physical 4104836k(509436k free), swap 5151576k(5072k free)

vm_info: Java HotSpot(TM) 64-Bit Server VM (25.92-b14) for windows-amd64 JRE (1.8.0_92-b14), built on Mar 31 2016 21:03:04 by "java_re" with MS VC++ 10.0 (VS2010)

time: Thu Jul 28 15:50:24 2016
elapsed time: 1 seconds (0d 0h 0m 1s)

