#
# There is insufficient memory for the Java Runtime Environment to continue.
# Native memory allocation (malloc) failed to allocate 611296 bytes for Chunk::new
# Possible reasons:
#   The system is out of physical RAM or swap space
#   In 32 bit mode, the process size limit was hit
# Possible solutions:
#   Reduce memory load on the system
#   Increase physical memory or swap space
#   Check if swap backing store is full
#   Use 64 bit Java on a 64 bit OS
#   Decrease Java heap size (-Xmx/-Xms)
#   Decrease number of Java threads
#   Decrease Java thread stack sizes (-Xss)
#   Set larger code cache with -XX:ReservedCodeCacheSize=
# This output file may be truncated or incomplete.
#
#  Out of Memory Error (allocation.cpp:390), pid=1396, tid=0x0000000000000a44
#
# JRE version: Java(TM) SE Runtime Environment (8.0_92-b14) (build 1.8.0_92-b14)
# Java VM: Java HotSpot(TM) 64-Bit Server VM (25.92-b14 mixed mode windows-amd64 compressed oops)
# Failed to write core dump. Minidumps are not enabled by default on client versions of Windows
#

---------------  T H R E A D  ---------------

Current thread (0x00000000564a5000):  JavaThread "C2 CompilerThread1" daemon [_thread_in_native, id=2628, stack(0x0000000056cd0000,0x0000000056dd0000)]

Stack: [0x0000000056cd0000,0x0000000056dd0000]
[error occurred during error reporting (printing stack bounds), id 0xc0000005]

Native frames: (J=compiled Java code, j=interpreted, Vv=VM code, C=native code)


Current CompileTask:
C2:   2274 1483   !   4       com.android.dx.cf.code.BytecodeArray::parseInstruction (2764 bytes)


---------------  P R O C E S S  ---------------

Java Threads: ( => current thread )
  0x0000000056764000 JavaThread "pool-1-thread-4" [_thread_blocked, id=544, stack(0x0000000057590000,0x0000000057690000)]
  0x000000005675d800 JavaThread "pool-1-thread-3" [_thread_in_Java, id=344, stack(0x00000000576e0000,0x00000000577e0000)]
  0x000000005675b000 JavaThread "pool-1-thread-2" [_thread_in_Java, id=1340, stack(0x0000000057410000,0x0000000057510000)]
  0x0000000056759000 JavaThread "pool-2-thread-1" [_thread_blocked, id=1540, stack(0x0000000056250000,0x0000000056350000)]
  0x000000005674c800 JavaThread "pool-1-thread-1" [_thread_blocked, id=3564, stack(0x00000000572b0000,0x00000000573b0000)]
  0x00000000564b0000 JavaThread "Service Thread" daemon [_thread_blocked, id=2828, stack(0x0000000057110000,0x0000000057210000)]
  0x00000000564a6000 JavaThread "C1 CompilerThread2" daemon [_thread_blocked, id=3484, stack(0x0000000056ea0000,0x0000000056fa0000)]
=>0x00000000564a5000 JavaThread "C2 CompilerThread1" daemon [_thread_in_native, id=2628, stack(0x0000000056cd0000,0x0000000056dd0000)]
  0x0000000054f8c800 JavaThread "C2 CompilerThread0" daemon [_thread_in_native, id=888, stack(0x00000000568a0000,0x00000000569a0000)]
  0x000000005649b000 JavaThread "Attach Listener" daemon [_thread_blocked, id=1004, stack(0x0000000056b50000,0x0000000056c50000)]
  0x000000005649a800 JavaThread "Signal Dispatcher" daemon [_thread_blocked, id=1716, stack(0x0000000056a20000,0x0000000056b20000)]
  0x0000000054f69000 JavaThread "Finalizer" daemon [_thread_blocked, id=3040, stack(0x0000000056390000,0x0000000056490000)]
  0x0000000054f22000 JavaThread "Reference Handler" daemon [_thread_blocked, id=3372, stack(0x0000000055fa0000,0x00000000560a0000)]
  0x000000000258f000 JavaThread "main" [_thread_blocked, id=2792, stack(0x00000000028e0000,0x00000000029e0000)]

Other Threads:
  0x0000000054f1a800 VMThread [stack: 0x0000000056150000,0x0000000056250000] [id=2904]
  0x0000000056539800 WatcherThread [stack: 0x0000000056ff0000,0x00000000570f0000] [id=1140]

VM state:not at safepoint (normal execution)

VM Mutex/Monitor currently owned by a thread: None

Heap:
 PSYoungGen      total 35328K, used 19983K [0x00000000eab00000, 0x00000000ed000000, 0x0000000100000000)
  eden space 32768K, 53% used [0x00000000eab00000,0x00000000ebc31188,0x00000000ecb00000)
  from space 2560K, 98% used [0x00000000ecd80000,0x00000000ecff8720,0x00000000ed000000)
  to   space 2560K, 0% used [0x00000000ecb00000,0x00000000ecb00000,0x00000000ecd80000)
 ParOldGen       total 44032K, used 8726K [0x00000000c0000000, 0x00000000c2b00000, 0x00000000eab00000)
  object space 44032K, 19% used [0x00000000c0000000,0x00000000c0885ab0,0x00000000c2b00000)
 Metaspace       used 6284K, capacity 7064K, committed 7424K, reserved 1056768K
  class space    used 625K, capacity 656K, committed 768K, reserved 1048576K

Card table byte_map: [0x0000000011da0000,0x0000000011fb0000] byte_map_base: 0x00000000117a0000

Marking Bits: (ParMarkBitMap*) 0x00000000619e64f0
 Begin Bits: [0x0000000012390000, 0x0000000013390000)
 End Bits:   [0x0000000013390000, 0x0000000014390000)

Polling page: 0x0000000000370000

CodeCache: size=245760Kb used=6102Kb max_used=6102Kb free=239657Kb
 bounds [0x00000000029e0000, 0x0000000002fe0000, 0x00000000119e0000]
 total_blobs=1762 nmethods=1493 adapters=182
 compilation: enabled

Compilation events (10 events):
Event: 2.271 Thread 0x00000000564a6000 nmethod 1519 0x0000000002fd70d0 code [0x0000000002fd7240, 0x0000000002fd7428]
Event: 2.271 Thread 0x00000000564a6000 1511       2       com.android.dx.ssa.Optimizer::runSsaFormSteps (117 bytes)
Event: 2.272 Thread 0x00000000564a6000 nmethod 1511 0x0000000002fd7510 code [0x0000000002fd77c0, 0x0000000002fd8218]
Event: 2.272 Thread 0x00000000564a6000 1512       2       com.android.dx.ssa.MoveParamCombiner::process (12 bytes)
Event: 2.272 Thread 0x00000000564a6000 nmethod 1512 0x0000000002fd8990 code [0x0000000002fd8b00, 0x0000000002fd8ca8]
Event: 2.272 Thread 0x00000000564a6000 1514       2       com.android.dx.ssa.MoveParamCombiner::run (45 bytes)
Event: 2.272 Thread 0x00000000564a6000 nmethod 1514 0x0000000002fd8d50 code [0x0000000002fd8ee0, 0x0000000002fd9278]
Event: 2.272 Thread 0x00000000564a6000 1517       2       com.android.dx.ssa.back.FirstFitLocalCombiningAllocator$1::<init> (10 bytes)
Event: 2.272 Thread 0x00000000564a6000 nmethod 1517 0x0000000002fd9410 code [0x0000000002fd9560, 0x0000000002fd96d0]
Event: 2.272 Thread 0x00000000564a6000 1513       2       com.android.dx.ssa.MoveParamCombiner::<init> (10 bytes)

GC Heap History (8 events):
Event: 0.692 GC heap before
{Heap before GC invocations=1 (full 0):
 PSYoungGen      total 18944K, used 16384K [0x00000000eab00000, 0x00000000ec000000, 0x0000000100000000)
  eden space 16384K, 100% used [0x00000000eab00000,0x00000000ebb00000,0x00000000ebb00000)
  from space 2560K, 0% used [0x00000000ebd80000,0x00000000ebd80000,0x00000000ec000000)
  to   space 2560K, 0% used [0x00000000ebb00000,0x00000000ebb00000,0x00000000ebd80000)
 ParOldGen       total 44032K, used 0K [0x00000000c0000000, 0x00000000c2b00000, 0x00000000eab00000)
  object space 44032K, 0% used [0x00000000c0000000,0x00000000c0000000,0x00000000c2b00000)
 Metaspace       used 5779K, capacity 6706K, committed 6784K, reserved 1056768K
  class space    used 600K, capacity 618K, committed 640K, reserved 1048576K
Event: 0.698 GC heap after
Heap after GC invocations=1 (full 0):
 PSYoungGen      total 18944K, used 2559K [0x00000000eab00000, 0x00000000ec000000, 0x0000000100000000)
  eden space 16384K, 0% used [0x00000000eab00000,0x00000000eab00000,0x00000000ebb00000)
  from space 2560K, 99% used [0x00000000ebb00000,0x00000000ebd7fc98,0x00000000ebd80000)
  to   space 2560K, 0% used [0x00000000ebd80000,0x00000000ebd80000,0x00000000ec000000)
 ParOldGen       total 44032K, used 1590K [0x00000000c0000000, 0x00000000c2b00000, 0x00000000eab00000)
  object space 44032K, 3% used [0x00000000c0000000,0x00000000c018d880,0x00000000c2b00000)
 Metaspace       used 5779K, capacity 6706K, committed 6784K, reserved 1056768K
  class space    used 600K, capacity 618K, committed 640K, reserved 1048576K
}
Event: 0.986 GC heap before
{Heap before GC invocations=2 (full 0):
 PSYoungGen      total 18944K, used 18943K [0x00000000eab00000, 0x00000000ec000000, 0x0000000100000000)
  eden space 16384K, 100% used [0x00000000eab00000,0x00000000ebb00000,0x00000000ebb00000)
  from space 2560K, 99% used [0x00000000ebb00000,0x00000000ebd7fc98,0x00000000ebd80000)
  to   space 2560K, 0% used [0x00000000ebd80000,0x00000000ebd80000,0x00000000ec000000)
 ParOldGen       total 44032K, used 1590K [0x00000000c0000000, 0x00000000c2b00000, 0x00000000eab00000)
  object space 44032K, 3% used [0x00000000c0000000,0x00000000c018d880,0x00000000c2b00000)
 Metaspace       used 6060K, capacity 6900K, committed 7040K, reserved 1056768K
  class space    used 603K, capacity 620K, committed 640K, reserved 1048576K
Event: 1.000 GC heap after
Heap after GC invocations=2 (full 0):
 PSYoungGen      total 18944K, used 2538K [0x00000000eab00000, 0x00000000ed000000, 0x0000000100000000)
  eden space 16384K, 0% used [0x00000000eab00000,0x00000000eab00000,0x00000000ebb00000)
  from space 2560K, 99% used [0x00000000ebd80000,0x00000000ebffaa88,0x00000000ec000000)
  to   space 2560K, 0% used [0x00000000ebb00000,0x00000000ebb00000,0x00000000ebd80000)
 ParOldGen       total 44032K, used 4419K [0x00000000c0000000, 0x00000000c2b00000, 0x00000000eab00000)
  object space 44032K, 10% used [0x00000000c0000000,0x00000000c0450d00,0x00000000c2b00000)
 Metaspace       used 6060K, capacity 6900K, committed 7040K, reserved 1056768K
  class space    used 603K, capacity 620K, committed 640K, reserved 1048576K
}
Event: 1.123 GC heap before
{Heap before GC invocations=3 (full 0):
 PSYoungGen      total 18944K, used 18922K [0x00000000eab00000, 0x00000000ed000000, 0x0000000100000000)
  eden space 16384K, 100% used [0x00000000eab00000,0x00000000ebb00000,0x00000000ebb00000)
  from space 2560K, 99% used [0x00000000ebd80000,0x00000000ebffaa88,0x00000000ec000000)
  to   space 2560K, 0% used [0x00000000ebb00000,0x00000000ebb00000,0x00000000ebd80000)
 ParOldGen       total 44032K, used 4419K [0x00000000c0000000, 0x00000000c2b00000, 0x00000000eab00000)
  object space 44032K, 10% used [0x00000000c0000000,0x00000000c0450d00,0x00000000c2b00000)
 Metaspace       used 6084K, capacity 6964K, committed 7040K, reserved 1056768K
  class space    used 603K, capacity 620K, committed 640K, reserved 1048576K
Event: 1.151 GC heap after
Heap after GC invocations=3 (full 0):
 PSYoungGen      total 18944K, used 2529K [0x00000000eab00000, 0x00000000ed000000, 0x0000000100000000)
  eden space 16384K, 0% used [0x00000000eab00000,0x00000000eab00000,0x00000000ebb00000)
  from space 2560K, 98% used [0x00000000ebb00000,0x00000000ebd78720,0x00000000ebd80000)
  to   space 2560K, 0% used [0x00000000ecd80000,0x00000000ecd80000,0x00000000ed000000)
 ParOldGen       total 44032K, used 6630K [0x00000000c0000000, 0x00000000c2b00000, 0x00000000eab00000)
  object space 44032K, 15% used [0x00000000c0000000,0x00000000c06798c8,0x00000000c2b00000)
 Metaspace       used 6084K, capacity 6964K, committed 7040K, reserved 1056768K
  class space    used 603K, capacity 620K, committed 640K, reserved 1048576K
}
Event: 1.762 GC heap before
{Heap before GC invocations=4 (full 0):
 PSYoungGen      total 18944K, used 18913K [0x00000000eab00000, 0x00000000ed000000, 0x0000000100000000)
  eden space 16384K, 100% used [0x00000000eab00000,0x00000000ebb00000,0x00000000ebb00000)
  from space 2560K, 98% used [0x00000000ebb00000,0x00000000ebd78720,0x00000000ebd80000)
  to   space 2560K, 0% used [0x00000000ecd80000,0x00000000ecd80000,0x00000000ed000000)
 ParOldGen       total 44032K, used 6630K [0x00000000c0000000, 0x00000000c2b00000, 0x00000000eab00000)
  object space 44032K, 15% used [0x00000000c0000000,0x00000000c06798c8,0x00000000c2b00000)
 Metaspace       used 6140K, capacity 7028K, committed 7296K, reserved 1056768K
  class space    used 605K, capacity 620K, committed 640K, reserved 1048576K
Event: 1.983 GC heap after
Heap after GC invocations=4 (full 0):
 PSYoungGen      total 35328K, used 2529K [0x00000000eab00000, 0x00000000ed000000, 0x0000000100000000)
  eden space 32768K, 0% used [0x00000000eab00000,0x00000000eab00000,0x00000000ecb00000)
  from space 2560K, 98% used [0x00000000ecd80000,0x00000000ecff8720,0x00000000ed000000)
  to   space 2560K, 0% used [0x00000000ecb00000,0x00000000ecb00000,0x00000000ecd80000)
 ParOldGen       total 44032K, used 8726K [0x00000000c0000000, 0x00000000c2b00000, 0x00000000eab00000)
  object space 44032K, 19% used [0x00000000c0000000,0x00000000c0885ab0,0x00000000c2b00000)
 Metaspace       used 6140K, capacity 7028K, committed 7296K, reserved 1056768K
  class space    used 605K, capacity 620K, committed 640K, reserved 1048576K
}

Deoptimization events (10 events):
Event: 2.052 Thread 0x000000000258f000 Uncommon trap: reason=unstable_if action=reinterpret pc=0x0000000002cdcf64 method=java.util.HashMap.putVal(ILjava/lang/Object;Ljava/lang/Object;ZZ)Ljava/lang/Object; @ 162
Event: 2.081 Thread 0x000000000258f000 Uncommon trap: reason=unstable_if action=reinterpret pc=0x0000000002ecf63c method=java.util.HashMap.getNode(ILjava/lang/Object;)Ljava/util/HashMap$Node; @ 84
Event: 2.084 Thread 0x000000000258f000 Uncommon trap: reason=unstable_if action=reinterpret pc=0x0000000002eb4ae4 method=java.util.HashMap.putVal(ILjava/lang/Object;Ljava/lang/Object;ZZ)Ljava/lang/Object; @ 162
Event: 2.103 Thread 0x000000000258f000 Uncommon trap: reason=class_check action=maybe_recompile pc=0x0000000002f04f60 method=com.android.dx.cf.code.BytecodeArray.parseInstruction(ILcom/android/dx/cf/code/BytecodeArray$Visitor;)I @ 2253
Event: 2.103 Thread 0x000000000258f000 Uncommon trap: reason=class_check action=maybe_recompile pc=0x0000000002f049f0 method=com.android.dx.cf.code.BytecodeArray.parseInstruction(ILcom/android/dx/cf/code/BytecodeArray$Visitor;)I @ 2167
Event: 2.211 Thread 0x000000000258f000 Uncommon trap: reason=unloaded action=reinterpret pc=0x0000000002ed38b8 method=com.android.dx.cf.cst.ConstantPoolParser.parse0(ILjava/util/BitSet;)Lcom/android/dx/rop/cst/Constant; @ 220
Event: 2.239 Thread 0x000000005675d800 Uncommon trap: reason=class_check action=maybe_recompile pc=0x0000000002f04f60 method=com.android.dx.cf.code.BytecodeArray.parseInstruction(ILcom/android/dx/cf/code/BytecodeArray$Visitor;)I @ 2253
Event: 2.239 Thread 0x000000005675d800 Uncommon trap: reason=class_check action=maybe_recompile pc=0x0000000002f049f0 method=com.android.dx.cf.code.BytecodeArray.parseInstruction(ILcom/android/dx/cf/code/BytecodeArray$Visitor;)I @ 2167
Event: 2.240 Thread 0x0000000056764000 Uncommon trap: reason=unstable_if action=reinterpret pc=0x0000000002f71420 method=com.android.dx.ssa.SCCP.simulateBranch(Lcom/android/dx/ssa/SsaInsn;)V @ 64
Event: 2.262 Thread 0x000000005675b000 Uncommon trap: reason=null_check action=make_not_entrant pc=0x0000000002f4aebc method=com.android.dx.ssa.SsaRenamer.getLocalForNewReg(I)Lcom/android/dx/rop/code/LocalItem; @ 19

Internal exceptions (7 events):
Event: 0.048 Thread 0x000000000258f000 Exception <a 'java/lang/NoSuchMethodError': Method sun.misc.Unsafe.defineClass(Ljava/lang/String;[BII)Ljava/lang/Class; name or signature does not match> (0x00000000eab07cc0) thrown at [D:\re\workspace\8-2-build-windows-amd64-cygwin\jdk8u92\6642\hotspot\sr46¿ÐÄ¨?
Event: 0.048 Thread 0x000000000258f000 Exception <a 'java/lang/NoSuchMethodError': Method sun.misc.Unsafe.prefetchRead(Ljava/lang/Object;J)V name or signature does not match> (0x00000000eab07fa8) thrown at [D:\re\workspace\8-2-build-windows-amd64-cygwin\jdk8u92\6642\hotspot\src\share\vm\prims\j[¬M	(é?
Event: 0.786 Thread 0x000000005675d800 Implicit null exception at 0x0000000002cc8212 to 0x0000000002cc8302
Event: 2.067 Thread 0x000000000258f000 Exception <a 'java/lang/ArrayIndexOutOfBoundsException': 18> (0x00000000ead58fc8) thrown at [D:\re\workspace\8-2-build-windows-amd64-cygwin\jdk8u92\6642\hotspot\src\share\vm\interpreter\interpreterRuntime.cpp, line 366]
Event: 2.068 Thread 0x000000000258f000 Exception <a 'java/lang/ArrayIndexOutOfBoundsException': 145> (0x00000000ead5ab48) thrown at [D:\re\workspace\8-2-build-windows-amd64-cygwin\jdk8u92\6642\hotspot\src\share\vm\interpreter\interpreterRuntime.cpp, line 366]
Event: 2.081 Thread 0x000000000258f000 Exception <a 'java/lang/ArrayIndexOutOfBoundsException'> (0x00000000ead5be30) thrown at [D:\re\workspace\8-2-build-windows-amd64-cygwin\jdk8u92\6642\hotspot\src\share\vm\runtime\sharedRuntime.cpp, line 605]
Event: 2.262 Thread 0x000000005675b000 Implicit null exception at 0x0000000002f48651 to 0x0000000002f4ae9d

Events (10 events):
Event: 2.239 Thread 0x000000005675d800 DEOPT UNPACKING pc=0x0000000002a2582a sp=0x00000000577deba8 mode 2
Event: 2.239 Thread 0x000000005675d800 Uncommon trap: trap_request=0xffffffde fr.pc=0x0000000002f049f0
Event: 2.239 Thread 0x000000005675d800 DEOPT PACKING pc=0x0000000002f049f0 sp=0x00000000577dec30
Event: 2.239 Thread 0x000000005675d800 DEOPT UNPACKING pc=0x0000000002a2582a sp=0x00000000577deba8 mode 2
Event: 2.240 Thread 0x0000000056764000 Uncommon trap: trap_request=0xffffff65 fr.pc=0x0000000002f71420
Event: 2.240 Thread 0x0000000056764000 DEOPT PACKING pc=0x0000000002f71420 sp=0x000000005768e460
Event: 2.240 Thread 0x0000000056764000 DEOPT UNPACKING pc=0x0000000002a2582a sp=0x000000005768e450 mode 2
Event: 2.262 Thread 0x000000005675b000 Uncommon trap: trap_request=0xfffffff4 fr.pc=0x0000000002f4aebc
Event: 2.262 Thread 0x000000005675b000 DEOPT PACKING pc=0x0000000002f4aebc sp=0x000000005750e760
Event: 2.262 Thread 0x000000005675b000 DEOPT UNPACKING pc=0x0000000002a2582a sp=0x000000005750e530 mode 2


Dynamic libraries:
0x000000013f970000 - 0x000000013f9a7000 	C:\Program Files\Java\jdk1.8.0_92\bin\java.exe
0x0000000077420000 - 0x00000000775ca000 	C:\windows\SYSTEM32\ntdll.dll
0x0000000077200000 - 0x000000007731f000 	C:\windows\system32\kernel32.dll
0x000007fefd1d0000 - 0x000007fefd23b000 	C:\windows\system32\KERNELBASE.dll
0x000007feff320000 - 0x000007feff3fb000 	C:\windows\system32\ADVAPI32.dll
0x000007fefe930000 - 0x000007fefe9cf000 	C:\windows\system32\msvcrt.dll
0x000007feff680000 - 0x000007feff69f000 	C:\windows\SYSTEM32\sechost.dll
0x000007feff450000 - 0x000007feff57d000 	C:\windows\system32\RPCRT4.dll
0x0000000077320000 - 0x000000007741a000 	C:\windows\system32\USER32.dll
0x000007fefeb80000 - 0x000007fefebe7000 	C:\windows\system32\GDI32.dll
0x000007feff6a0000 - 0x000007feff6ae000 	C:\windows\system32\LPK.dll
0x000007fefd5a0000 - 0x000007fefd66a000 	C:\windows\system32\USP10.dll
0x000007fefb8e0000 - 0x000007fefbad4000 	C:\windows\WinSxS\amd64_microsoft.windows.common-controls_6595b64144ccf1df_6.0.7601.18837_none_fa3b1e3d17594757\COMCTL32.dll
0x000007feff5e0000 - 0x000007feff651000 	C:\windows\system32\SHLWAPI.dll
0x000007fefd850000 - 0x000007fefd87e000 	C:\windows\system32\IMM32.DLL
0x000007fefe9d0000 - 0x000007fefead9000 	C:\windows\system32\MSCTF.dll
0x000000006aee0000 - 0x000000006afb2000 	C:\Program Files\Java\jdk1.8.0_92\jre\bin\msvcr100.dll
0x00000000611d0000 - 0x0000000061a66000 	C:\Program Files\Java\jdk1.8.0_92\jre\bin\server\jvm.dll
0x000007fefb150000 - 0x000007fefb159000 	C:\windows\system32\WSOCK32.dll
0x000007feff400000 - 0x000007feff44d000 	C:\windows\system32\WS2_32.dll
0x000007fefe610000 - 0x000007fefe618000 	C:\windows\system32\NSI.dll
0x000007fefd270000 - 0x000007fefd2ab000 	C:\windows\system32\WINMM.dll
0x000007fefc250000 - 0x000007fefc25c000 	C:\windows\system32\VERSION.dll
0x00000000775e0000 - 0x00000000775e7000 	C:\windows\system32\PSAPI.DLL
0x0000000073770000 - 0x000000007377f000 	C:\Program Files\Java\jdk1.8.0_92\jre\bin\verify.dll
0x0000000071490000 - 0x00000000714b9000 	C:\Program Files\Java\jdk1.8.0_92\jre\bin\java.dll
0x0000000072430000 - 0x0000000072446000 	C:\Program Files\Java\jdk1.8.0_92\jre\bin\zip.dll
0x000007fefd880000 - 0x000007fefe609000 	C:\windows\system32\SHELL32.dll
0x000007feff110000 - 0x000007feff313000 	C:\windows\system32\ole32.dll
0x000007fefd0f0000 - 0x000007fefd0ff000 	C:\windows\system32\profapi.dll

VM Arguments:
jvm_args: -Djava.awt.headless=true -Xmx1024M -Dfile.encoding=GBK -Duser.country=CN -Duser.language=zh -Duser.variant 
java_command: com.android.dx.command.Main --dex --force-jumbo --num-threads=4 --output C:\Android\Project\MyGitDroid\app\build\intermediates\pre-dexed\debug\com.android.support-recyclerview-v7-24.0.0_b0d3001d2e9fb64c6872bf2b4b1cebbfbeeae923.jar C:\Android\Project\MyGitDroid\app\build\intermediates\exploded-aar\com.android.support\recyclerview-v7\24.0.0\jars\classes.jar
java_class_path (initial): C:\Android\sdk\build-tools\24.0.1\lib\dx.jar
Launcher Type: SUN_STANDARD

Environment Variables:
JAVA_HOME=C:\Program Files\Java\jdk1.8.0_92
CLASSPATH=.
PATH=C:\Program Files\Java\jdk1.8.0_92\bin;C:\ProgramData\Oracle\Java\javapath;C:\windows\system32;C:\windows;C:\windows\System32\Wbem;C:\windows\System32\WindowsPowerShell\v1.0\;C:\Program Files (x86)\Intel\OpenCL SDK\2.0\bin\x86;C:\Program Files (x86)\Intel\OpenCL SDK\2.0\bin\x64
USERNAME=Administrator
OS=Windows_NT
PROCESSOR_IDENTIFIER=Intel64 Family 6 Model 42 Stepping 7, GenuineIntel



---------------  S Y S T E M  ---------------

OS: Windows 7 , 64 bit Build 7601 (6.1.7601.19135)

CPU:total 4 (4 cores per cpu, 1 threads per core) family 6 model 42 stepping 7, cmov, cx8, fxsr, mmx, sse, sse2, sse3, ssse3, sse4.1, sse4.2, popcnt, avx, aes, clmul, tsc, tscinvbit

Memory: 4k page, physical 4104836k(398856k free), swap 5151576k(5216k free)

vm_info: Java HotSpot(TM) 64-Bit Server VM (25.92-b14) for windows-amd64 JRE (1.8.0_92-b14), built on Mar 31 2016 21:03:04 by "java_re" with MS VC++ 10.0 (VS2010)

time: Thu Jul 28 15:45:35 2016
elapsed time: 2 seconds (0d 0h 0m 2s)

