#
# There is insufficient memory for the Java Runtime Environment to continue.
# Native memory allocation (malloc) failed to allocate 1288816 bytes for Chunk::new
# Possible reasons:
#   The system is out of physical RAM or swap space
#   In 32 bit mode, the process size limit was hit
# Possible solutions:
#   Reduce memory load on the system
#   Increase physical memory or swap space
#   Check if swap backing store is full
#   Use 64 bit Java on a 64 bit OS
#   Decrease Java heap size (-Xmx/-Xms)
#   Decrease number of Java threads
#   Decrease Java thread stack sizes (-Xss)
#   Set larger code cache with -XX:ReservedCodeCacheSize=
# This output file may be truncated or incomplete.
#
#  Out of Memory Error (allocation.cpp:390), pid=3112, tid=0x0000000000000218
#
# JRE version: Java(TM) SE Runtime Environment (8.0_92-b14) (build 1.8.0_92-b14)
# Java VM: Java HotSpot(TM) 64-Bit Server VM (25.92-b14 mixed mode windows-amd64 compressed oops)
# Failed to write core dump. Minidumps are not enabled by default on client versions of Windows
#

---------------  T H R E A D  ---------------

Current thread (0x0000000056698800):  JavaThread "C2 CompilerThread1" daemon [_thread_in_native, id=536, stack(0x0000000056ef0000,0x0000000056ff0000)]

Stack: [0x0000000056ef0000,0x0000000056ff0000]
[error occurred during error reporting (printing stack bounds), id 0xc0000005]

Native frames: (J=compiled Java code, j=interpreted, Vv=VM code, C=native code)


Current CompileTask:
C2:   4674 2064   !   4       com.android.dx.cf.code.RopperMachine::run (1550 bytes)


---------------  P R O C E S S  ---------------

Java Threads: ( => current thread )
  0x00000000569cf000 JavaThread "pool-1-thread-4" [_thread_blocked, id=4084, stack(0x0000000057f90000,0x0000000058090000)]
  0x00000000569d3800 JavaThread "pool-1-thread-3" [_thread_blocked, id=3264, stack(0x0000000058090000,0x0000000058190000)]
  0x00000000569be800 JavaThread "pool-1-thread-2" [_thread_in_Java, id=1456, stack(0x0000000057020000,0x0000000057120000)]
  0x00000000569be000 JavaThread "pool-2-thread-1" [_thread_blocked, id=3020, stack(0x0000000057dc0000,0x0000000057ec0000)]
  0x00000000569c2800 JavaThread "pool-1-thread-1" [_thread_blocked, id=2232, stack(0x0000000056c60000,0x0000000056d60000)]
  0x00000000566a3800 JavaThread "Service Thread" daemon [_thread_blocked, id=2388, stack(0x0000000057290000,0x0000000057390000)]
  0x0000000056699800 JavaThread "C1 CompilerThread2" daemon [_thread_blocked, id=196, stack(0x0000000057190000,0x0000000057290000)]
=>0x0000000056698800 JavaThread "C2 CompilerThread1" daemon [_thread_in_native, id=536, stack(0x0000000056ef0000,0x0000000056ff0000)]
  0x00000000551cc800 JavaThread "C2 CompilerThread0" daemon [_thread_in_native, id=2792, stack(0x00000000560c0000,0x00000000561c0000)]
  0x000000005668b000 JavaThread "Attach Listener" daemon [_thread_blocked, id=2980, stack(0x0000000056d60000,0x0000000056e60000)]
  0x000000005668a800 JavaThread "Signal Dispatcher" daemon [_thread_blocked, id=3172, stack(0x0000000056b20000,0x0000000056c20000)]
  0x00000000551a9000 JavaThread "Finalizer" daemon [_thread_blocked, id=3324, stack(0x0000000056580000,0x0000000056680000)]
  0x0000000055162000 JavaThread "Reference Handler" daemon [_thread_blocked, id=2728, stack(0x00000000563d0000,0x00000000564d0000)]
  0x000000000276f000 JavaThread "main" [_thread_in_Java, id=2888, stack(0x0000000002900000,0x0000000002a00000)]

Other Threads:
  0x000000005515a800 VMThread [stack: 0x00000000561f0000,0x00000000562f0000] [id=2668]
  0x000000005670f000 WatcherThread [stack: 0x00000000573d0000,0x00000000574d0000] [id=3528]

VM state:not at safepoint (normal execution)

VM Mutex/Monitor currently owned by a thread: None

Heap:
 PSYoungGen      total 75264K, used 22502K [0x00000000eab00000, 0x00000000f4700000, 0x0000000100000000)
  eden space 64512K, 18% used [0x00000000eab00000,0x00000000eb680368,0x00000000eea00000)
  from space 10752K, 99% used [0x00000000eea00000,0x00000000ef4794d8,0x00000000ef480000)
  to   space 15360K, 0% used [0x00000000f3800000,0x00000000f3800000,0x00000000f4700000)
 ParOldGen       total 44032K, used 19297K [0x00000000c0000000, 0x00000000c2b00000, 0x00000000eab00000)
  object space 44032K, 43% used [0x00000000c0000000,0x00000000c12d8798,0x00000000c2b00000)
 Metaspace       used 6383K, capacity 7156K, committed 7296K, reserved 1056768K
  class space    used 606K, capacity 620K, committed 640K, reserved 1048576K

Card table byte_map: [0x0000000011dc0000,0x0000000011fd0000] byte_map_base: 0x00000000117c0000

Marking Bits: (ParMarkBitMap*) 0x00000000619e64f0
 Begin Bits: [0x00000000125d0000, 0x00000000135d0000)
 End Bits:   [0x00000000135d0000, 0x00000000145d0000)

Polling page: 0x0000000000160000

CodeCache: size=245760Kb used=7716Kb max_used=7716Kb free=238043Kb
 bounds [0x0000000002a00000, 0x0000000003190000, 0x0000000011a00000]
 total_blobs=2231 nmethods=1957 adapters=182
 compilation: disabled (not enough contiguous free space left)

Compilation events (10 events):
Event: 4.667 Thread 0x0000000056699800 2100       2       java.util.concurrent.FutureTask::get (23 bytes)
Event: 4.667 Thread 0x0000000056699800 nmethod 2100 0x0000000002b09110 code [0x0000000002b09280, 0x0000000002b09438]
Event: 4.667 Thread 0x0000000056699800 2101   !   2       java.util.concurrent.ArrayBlockingQueue::offer (55 bytes)
Event: 4.667 Thread 0x0000000056699800 nmethod 2101 0x000000000318f2d0 code [0x000000000318f480, 0x000000000318f7b8]
Event: 4.667 Thread 0x0000000056699800 2102       2       java.util.concurrent.ArrayBlockingQueue::checkNotNull (13 bytes)
Event: 4.667 Thread 0x0000000056699800 nmethod 2102 0x0000000002b4b310 code [0x0000000002b4b480, 0x0000000002b4b648]
Event: 4.667 Thread 0x0000000056699800 2103       2       java.util.concurrent.locks.ReentrantLock$FairSync::lock (6 bytes)
Event: 4.668 Thread 0x0000000056699800 nmethod 2103 0x0000000002b17cd0 code [0x0000000002b17e60, 0x0000000002b18078]
Event: 4.668 Thread 0x0000000056699800 2104       2       com.android.dx.dex.file.AnnotationsDirectoryItem::setClassAnnotations (45 bytes)
Event: 4.669 Thread 0x0000000056699800 


GC Heap History (10 events):
Event: 2.398 GC heap before
{Heap before GC invocations=3 (full 0):
 PSYoungGen      total 18944K, used 18914K [0x00000000eab00000, 0x00000000ec000000, 0x0000000100000000)
  eden space 16384K, 100% used [0x00000000eab00000,0x00000000ebb00000,0x00000000ebb00000)
  from space 2560K, 98% used [0x00000000ebd80000,0x00000000ebff8a68,0x00000000ec000000)
  to   space 2560K, 0% used [0x00000000ebb00000,0x00000000ebb00000,0x00000000ebd80000)
 ParOldGen       total 44032K, used 2615K [0x00000000c0000000, 0x00000000c2b00000, 0x00000000eab00000)
  object space 44032K, 5% used [0x00000000c0000000,0x00000000c028dc38,0x00000000c2b00000)
 Metaspace       used 5974K, capacity 6836K, committed 7040K, reserved 1056768K
  class space    used 605K, capacity 620K, committed 640K, reserved 1048576K
Event: 2.406 GC heap after
Heap after GC invocations=3 (full 0):
 PSYoungGen      total 18944K, used 2558K [0x00000000eab00000, 0x00000000ed000000, 0x0000000100000000)
  eden space 16384K, 0% used [0x00000000eab00000,0x00000000eab00000,0x00000000ebb00000)
  from space 2560K, 99% used [0x00000000ebb00000,0x00000000ebd7fad0,0x00000000ebd80000)
  to   space 2560K, 0% used [0x00000000ecd80000,0x00000000ecd80000,0x00000000ed000000)
 ParOldGen       total 44032K, used 5192K [0x00000000c0000000, 0x00000000c2b00000, 0x00000000eab00000)
  object space 44032K, 11% used [0x00000000c0000000,0x00000000c0512258,0x00000000c2b00000)
 Metaspace       used 5974K, capacity 6836K, committed 7040K, reserved 1056768K
  class space    used 605K, capacity 620K, committed 640K, reserved 1048576K
}
Event: 2.498 GC heap before
{Heap before GC invocations=4 (full 0):
 PSYoungGen      total 18944K, used 18942K [0x00000000eab00000, 0x00000000ed000000, 0x0000000100000000)
  eden space 16384K, 100% used [0x00000000eab00000,0x00000000ebb00000,0x00000000ebb00000)
  from space 2560K, 99% used [0x00000000ebb00000,0x00000000ebd7fad0,0x00000000ebd80000)
  to   space 2560K, 0% used [0x00000000ecd80000,0x00000000ecd80000,0x00000000ed000000)
 ParOldGen       total 44032K, used 5192K [0x00000000c0000000, 0x00000000c2b00000, 0x00000000eab00000)
  object space 44032K, 11% used [0x00000000c0000000,0x00000000c0512258,0x00000000c2b00000)
 Metaspace       used 6075K, capacity 6964K, committed 7040K, reserved 1056768K
  class space    used 605K, capacity 620K, committed 640K, reserved 1048576K
Event: 2.508 GC heap after
Heap after GC invocations=4 (full 0):
 PSYoungGen      total 35328K, used 2546K [0x00000000eab00000, 0x00000000ed000000, 0x0000000100000000)
  eden space 32768K, 0% used [0x00000000eab00000,0x00000000eab00000,0x00000000ecb00000)
  from space 2560K, 99% used [0x00000000ecd80000,0x00000000ecffc8f0,0x00000000ed000000)
  to   space 2560K, 0% used [0x00000000ecb00000,0x00000000ecb00000,0x00000000ecd80000)
 ParOldGen       total 44032K, used 8099K [0x00000000c0000000, 0x00000000c2b00000, 0x00000000eab00000)
  object space 44032K, 18% used [0x00000000c0000000,0x00000000c07e8d20,0x00000000c2b00000)
 Metaspace       used 6075K, capacity 6964K, committed 7040K, reserved 1056768K
  class space    used 605K, capacity 620K, committed 640K, reserved 1048576K
}
Event: 2.691 GC heap before
{Heap before GC invocations=5 (full 0):
 PSYoungGen      total 35328K, used 35314K [0x00000000eab00000, 0x00000000ed000000, 0x0000000100000000)
  eden space 32768K, 100% used [0x00000000eab00000,0x00000000ecb00000,0x00000000ecb00000)
  from space 2560K, 99% used [0x00000000ecd80000,0x00000000ecffc8f0,0x00000000ed000000)
  to   space 2560K, 0% used [0x00000000ecb00000,0x00000000ecb00000,0x00000000ecd80000)
 ParOldGen       total 44032K, used 8099K [0x00000000c0000000, 0x00000000c2b00000, 0x00000000eab00000)
  object space 44032K, 18% used [0x00000000c0000000,0x00000000c07e8d20,0x00000000c2b00000)
 Metaspace       used 6184K, capacity 7028K, committed 7296K, reserved 1056768K
  class space    used 606K, capacity 620K, committed 640K, reserved 1048576K
Event: 2.712 GC heap after
Heap after GC invocations=5 (full 0):
 PSYoungGen      total 35328K, used 2546K [0x00000000eab00000, 0x00000000efe00000, 0x0000000100000000)
  eden space 32768K, 0% used [0x00000000eab00000,0x00000000eab00000,0x00000000ecb00000)
  from space 2560K, 99% used [0x00000000ecb00000,0x00000000ecd7c8c8,0x00000000ecd80000)
  to   space 9728K, 0% used [0x00000000ef480000,0x00000000ef480000,0x00000000efe00000)
 ParOldGen       total 44032K, used 13827K [0x00000000c0000000, 0x00000000c2b00000, 0x00000000eab00000)
  object space 44032K, 31% used [0x00000000c0000000,0x00000000c0d80d30,0x00000000c2b00000)
 Metaspace       used 6184K, capacity 7028K, committed 7296K, reserved 1056768K
  class space    used 606K, capacity 620K, committed 640K, reserved 1048576K
}
Event: 2.839 GC heap before
{Heap before GC invocations=6 (full 0):
 PSYoungGen      total 35328K, used 35314K [0x00000000eab00000, 0x00000000efe00000, 0x0000000100000000)
  eden space 32768K, 100% used [0x00000000eab00000,0x00000000ecb00000,0x00000000ecb00000)
  from space 2560K, 99% used [0x00000000ecb00000,0x00000000ecd7c8c8,0x00000000ecd80000)
  to   space 9728K, 0% used [0x00000000ef480000,0x00000000ef480000,0x00000000efe00000)
 ParOldGen       total 44032K, used 13827K [0x00000000c0000000, 0x00000000c2b00000, 0x00000000eab00000)
  object space 44032K, 31% used [0x00000000c0000000,0x00000000c0d80d30,0x00000000c2b00000)
 Metaspace       used 6234K, capacity 7092K, committed 7296K, reserved 1056768K
  class space    used 606K, capacity 620K, committed 640K, reserved 1048576K
Event: 2.890 GC heap after
Heap after GC invocations=6 (full 0):
 PSYoungGen      total 74240K, used 7576K [0x00000000eab00000, 0x00000000f0000000, 0x0000000100000000)
  eden space 64512K, 0% used [0x00000000eab00000,0x00000000eab00000,0x00000000eea00000)
  from space 9728K, 77% used [0x00000000ef480000,0x00000000efbe62b8,0x00000000efe00000)
  to   space 10752K, 0% used [0x00000000eea00000,0x00000000eea00000,0x00000000ef480000)
 ParOldGen       total 44032K, used 13827K [0x00000000c0000000, 0x00000000c2b00000, 0x00000000eab00000)
  object space 44032K, 31% used [0x00000000c0000000,0x00000000c0d80d30,0x00000000c2b00000)
 Metaspace       used 6234K, capacity 7092K, committed 7296K, reserved 1056768K
  class space    used 606K, capacity 620K, committed 640K, reserved 1048576K
}
Event: 4.028 GC heap before
{Heap before GC invocations=7 (full 0):
 PSYoungGen      total 74240K, used 72088K [0x00000000eab00000, 0x00000000f0000000, 0x0000000100000000)
  eden space 64512K, 100% used [0x00000000eab00000,0x00000000eea00000,0x00000000eea00000)
  from space 9728K, 77% used [0x00000000ef480000,0x00000000efbe62b8,0x00000000efe00000)
  to   space 10752K, 0% used [0x00000000eea00000,0x00000000eea00000,0x00000000ef480000)
 ParOldGen       total 44032K, used 13827K [0x00000000c0000000, 0x00000000c2b00000, 0x00000000eab00000)
  object space 44032K, 31% used [0x00000000c0000000,0x00000000c0d80d30,0x00000000c2b00000)
 Metaspace       used 6353K, capacity 7156K, committed 7296K, reserved 1056768K
  class space    used 606K, capacity 620K, committed 640K, reserved 1048576K
Event: 4.161 GC heap after
Heap after GC invocations=7 (full 0):
 PSYoungGen      total 75264K, used 10725K [0x00000000eab00000, 0x00000000f4700000, 0x0000000100000000)
  eden space 64512K, 0% used [0x00000000eab00000,0x00000000eab00000,0x00000000eea00000)
  from space 10752K, 99% used [0x00000000eea00000,0x00000000ef4794d8,0x00000000ef480000)
  to   space 15360K, 0% used [0x00000000f3800000,0x00000000f3800000,0x00000000f4700000)
 ParOldGen       total 44032K, used 19297K [0x00000000c0000000, 0x00000000c2b00000, 0x00000000eab00000)
  object space 44032K, 43% used [0x00000000c0000000,0x00000000c12d8798,0x00000000c2b00000)
 Metaspace       used 6353K, capacity 7156K, committed 7296K, reserved 1056768K
  class space    used 606K, capacity 620K, committed 640K, reserved 1048576K
}

Deoptimization events (10 events):
Event: 3.886 Thread 0x00000000569d3800 Uncommon trap: reason=bimorphic action=maybe_recompile pc=0x0000000003039008 method=com.android.dx.cf.code.BytecodeArray.parseInstruction(ILcom/android/dx/cf/code/BytecodeArray$Visitor;)I @ 1130
Event: 3.998 Thread 0x00000000569be800 Uncommon trap: reason=unstable_if action=reinterpret pc=0x0000000002f3abc8 method=com.android.dx.ssa.SCCP.simulateStmt(Lcom/android/dx/ssa/SsaInsn;)V @ 53
Event: 4.003 Thread 0x00000000569be800 Uncommon trap: reason=unstable_if action=reinterpret pc=0x000000000300e6e0 method=com.android.dx.ssa.SCCP.simulateBranch(Lcom/android/dx/ssa/SsaInsn;)V @ 548
Event: 4.008 Thread 0x00000000569be800 Uncommon trap: reason=class_check action=maybe_recompile pc=0x0000000002ed9928 method=java.util.HashMap.putVal(ILjava/lang/Object;Ljava/lang/Object;ZZ)Ljava/lang/Object; @ 203
Event: 4.009 Thread 0x00000000569be800 Uncommon trap: reason=bimorphic action=maybe_recompile pc=0x00000000030e3bd8 method=com.android.dx.rop.code.RegisterSpec.withSimpleType()Lcom/android/dx/rop/code/RegisterSpec; @ 21
Event: 4.016 Thread 0x00000000569be800 Uncommon trap: reason=uninitialized action=reinterpret pc=0x0000000003038a44 method=com.android.dx.cf.code.BytecodeArray.parseInstruction(ILcom/android/dx/cf/code/BytecodeArray$Visitor;)I @ 1079
Event: 4.017 Thread 0x00000000569be800 Uncommon trap: reason=bimorphic action=maybe_recompile pc=0x000000000306e9c8 method=com.android.dx.ssa.SCCP.simulatePhi(Lcom/android/dx/ssa/PhiInsn;)V @ 124
Event: 4.017 Thread 0x00000000569be800 Uncommon trap: reason=bimorphic action=maybe_recompile pc=0x000000000306e9c8 method=com.android.dx.ssa.SCCP.simulatePhi(Lcom/android/dx/ssa/PhiInsn;)V @ 124
Event: 4.018 Thread 0x00000000569be800 Uncommon trap: reason=bimorphic action=maybe_recompile pc=0x000000000306e9c8 method=com.android.dx.ssa.SCCP.simulatePhi(Lcom/android/dx/ssa/PhiInsn;)V @ 124
Event: 4.018 Thread 0x00000000569be800 Uncommon trap: reason=bimorphic action=maybe_recompile pc=0x000000000306e9c8 method=com.android.dx.ssa.SCCP.simulatePhi(Lcom/android/dx/ssa/PhiInsn;)V @ 124

Internal exceptions (2 events):
Event: 0.080 Thread 0x000000000276f000 Exception <a 'java/lang/NoSuchMethodError': Method sun.misc.Unsafe.defineClass(Ljava/lang/String;[BII)Ljava/lang/Class; name or signature does not match> (0x00000000eab07cc0) thrown at [D:\re\workspace\8-2-build-windows-amd64-cygwin\jdk8u92\6642\hotspot\srÍÿ®A~´?
Event: 0.080 Thread 0x000000000276f000 Exception <a 'java/lang/NoSuchMethodError': Method sun.misc.Unsafe.prefetchRead(Ljava/lang/Object;J)V name or signature does not match> (0x00000000eab07fa8) thrown at [D:\re\workspace\8-2-build-windows-amd64-cygwin\jdk8u92\6642\hotspot\src\share\vm\prims\j

Events (10 events):
Event: 4.194 Thread 0x00000000569be800 DEOPT UNPACKING pc=0x0000000002a4787f sp=0x000000005711e5a8 mode 0
Event: 4.208 Thread 0x00000000569be800 DEOPT PACKING pc=0x0000000002e10150 sp=0x000000005711e8b0
Event: 4.208 Thread 0x00000000569be800 DEOPT UNPACKING pc=0x0000000002a4787f sp=0x000000005711e628 mode 0
Event: 4.317 Executing VM operation: EnableBiasedLocking
Event: 4.317 Executing VM operation: EnableBiasedLocking done
Event: 4.614 Thread 0x00000000569c2800 DEOPT PACKING pc=0x0000000002e20a4c sp=0x0000000056d5e740
Event: 4.614 Thread 0x00000000569c2800 DEOPT UNPACKING pc=0x0000000002a4787f sp=0x0000000056d5e468 mode 0
Event: 4.665 Thread 0x0000000056699800 flushing nmethod 0x0000000002b09010
Event: 4.665 Thread 0x0000000056699800 flushing nmethod 0x0000000002b17a50
Event: 4.665 Thread 0x0000000056699800 flushing nmethod 0x0000000002b4b110


Dynamic libraries:
0x000000013f970000 - 0x000000013f9a7000 	C:\Program Files\Java\jdk1.8.0_92\bin\java.exe
0x0000000077420000 - 0x00000000775ca000 	C:\windows\SYSTEM32\ntdll.dll
0x0000000077200000 - 0x000000007731f000 	C:\windows\system32\kernel32.dll
0x000007fefd1d0000 - 0x000007fefd23b000 	C:\windows\system32\KERNELBASE.dll
0x000007feff320000 - 0x000007feff3fb000 	C:\windows\system32\ADVAPI32.dll
0x000007fefe930000 - 0x000007fefe9cf000 	C:\windows\system32\msvcrt.dll
0x000007feff680000 - 0x000007feff69f000 	C:\windows\SYSTEM32\sechost.dll
0x000007feff450000 - 0x000007feff57d000 	C:\windows\system32\RPCRT4.dll
0x0000000077320000 - 0x000000007741a000 	C:\windows\system32\USER32.dll
0x000007fefeb80000 - 0x000007fefebe7000 	C:\windows\system32\GDI32.dll
0x000007feff6a0000 - 0x000007feff6ae000 	C:\windows\system32\LPK.dll
0x000007fefd5a0000 - 0x000007fefd66a000 	C:\windows\system32\USP10.dll
0x000007fefb8e0000 - 0x000007fefbad4000 	C:\windows\WinSxS\amd64_microsoft.windows.common-controls_6595b64144ccf1df_6.0.7601.18837_none_fa3b1e3d17594757\COMCTL32.dll
0x000007feff5e0000 - 0x000007feff651000 	C:\windows\system32\SHLWAPI.dll
0x000007fefd850000 - 0x000007fefd87e000 	C:\windows\system32\IMM32.DLL
0x000007fefe9d0000 - 0x000007fefead9000 	C:\windows\system32\MSCTF.dll
0x000000006aee0000 - 0x000000006afb2000 	C:\Program Files\Java\jdk1.8.0_92\jre\bin\msvcr100.dll
0x00000000611d0000 - 0x0000000061a66000 	C:\Program Files\Java\jdk1.8.0_92\jre\bin\server\jvm.dll
0x000007fefb150000 - 0x000007fefb159000 	C:\windows\system32\WSOCK32.dll
0x000007feff400000 - 0x000007feff44d000 	C:\windows\system32\WS2_32.dll
0x000007fefe610000 - 0x000007fefe618000 	C:\windows\system32\NSI.dll
0x000007fefd270000 - 0x000007fefd2ab000 	C:\windows\system32\WINMM.dll
0x000007fefc250000 - 0x000007fefc25c000 	C:\windows\system32\VERSION.dll
0x00000000775e0000 - 0x00000000775e7000 	C:\windows\system32\PSAPI.DLL
0x0000000073770000 - 0x000000007377f000 	C:\Program Files\Java\jdk1.8.0_92\jre\bin\verify.dll
0x0000000071490000 - 0x00000000714b9000 	C:\Program Files\Java\jdk1.8.0_92\jre\bin\java.dll
0x0000000072430000 - 0x0000000072446000 	C:\Program Files\Java\jdk1.8.0_92\jre\bin\zip.dll
0x000007fefd880000 - 0x000007fefe609000 	C:\windows\system32\SHELL32.dll
0x000007feff110000 - 0x000007feff313000 	C:\windows\system32\ole32.dll
0x000007fefd0f0000 - 0x000007fefd0ff000 	C:\windows\system32\profapi.dll

VM Arguments:
jvm_args: -Djava.awt.headless=true -Xmx1024M -Dfile.encoding=GBK -Duser.country=CN -Duser.language=zh -Duser.variant 
java_command: com.android.dx.command.Main --dex --force-jumbo --num-threads=4 --output C:\Android\Project\MyGitDroid\app\build\intermediates\pre-dexed\debug\com.android.support-support-v4-24.0.0_b84e3c45512f7f5fd693e0a1cbe177dacde79c36.jar C:\Android\Project\MyGitDroid\app\build\intermediates\exploded-aar\com.android.support\support-v4\24.0.0\jars\classes.jar
java_class_path (initial): C:\Android\sdk\build-tools\24.0.1\lib\dx.jar
Launcher Type: SUN_STANDARD

Environment Variables:
JAVA_HOME=C:\Program Files\Java\jdk1.8.0_92
CLASSPATH=.
PATH=C:\Program Files\Java\jdk1.8.0_92\bin;C:\ProgramData\Oracle\Java\javapath;C:\windows\system32;C:\windows;C:\windows\System32\Wbem;C:\windows\System32\WindowsPowerShell\v1.0\;C:\Program Files (x86)\Intel\OpenCL SDK\2.0\bin\x86;C:\Program Files (x86)\Intel\OpenCL SDK\2.0\bin\x64
USERNAME=Administrator
OS=Windows_NT
PROCESSOR_IDENTIFIER=Intel64 Family 6 Model 42 Stepping 7, GenuineIntel



---------------  S Y S T E M  ---------------

OS: Windows 7 , 64 bit Build 7601 (6.1.7601.19135)

CPU:total 4 (4 cores per cpu, 1 threads per core) family 6 model 42 stepping 7, cmov, cx8, fxsr, mmx, sse, sse2, sse3, ssse3, sse4.1, sse4.2, popcnt, avx, aes, clmul, tsc, tscinvbit

Memory: 4k page, physical 4104836k(520456k free), swap 5151576k(6152k free)

vm_info: Java HotSpot(TM) 64-Bit Server VM (25.92-b14) for windows-amd64 JRE (1.8.0_92-b14), built on Mar 31 2016 21:03:04 by "java_re" with MS VC++ 10.0 (VS2010)

time: Thu Jul 28 15:50:27 2016
elapsed time: 4 seconds (0d 0h 0m 4s)

