#
# There is insufficient memory for the Java Runtime Environment to continue.
# Native memory allocation (malloc) failed to allocate 142416 bytes for Chunk::new
# Possible reasons:
#   The system is out of physical RAM or swap space
#   In 32 bit mode, the process size limit was hit
# Possible solutions:
#   Reduce memory load on the system
#   Increase physical memory or swap space
#   Check if swap backing store is full
#   Use 64 bit Java on a 64 bit OS
#   Decrease Java heap size (-Xmx/-Xms)
#   Decrease number of Java threads
#   Decrease Java thread stack sizes (-Xss)
#   Set larger code cache with -XX:ReservedCodeCacheSize=
# This output file may be truncated or incomplete.
#
#  Out of Memory Error (allocation.cpp:390), pid=2104, tid=0x0000000000000e90
#
# JRE version: Java(TM) SE Runtime Environment (8.0_92-b14) (build 1.8.0_92-b14)
# Java VM: Java HotSpot(TM) 64-Bit Server VM (25.92-b14 mixed mode windows-amd64 compressed oops)
# Failed to write core dump. Minidumps are not enabled by default on client versions of Windows
#

---------------  T H R E A D  ---------------

Current thread (0x00000000553bc800):  JavaThread "C2 CompilerThread0" daemon [_thread_in_native, id=3728, stack(0x0000000056dc0000,0x0000000056ec0000)]

Stack: [0x0000000056dc0000,0x0000000056ec0000]
[error occurred during error reporting (printing stack bounds), id 0xc0000005]

Native frames: (J=compiled Java code, j=interpreted, Vv=VM code, C=native code)


Current CompileTask:
C2:   8981 2023   !   4       com.android.dx.rop.cst.CstType::intern (48 bytes)


---------------  P R O C E S S  ---------------

Java Threads: ( => current thread )
  0x000000005674e800 JavaThread "Service Thread" daemon [_thread_blocked, id=1456, stack(0x0000000057240000,0x0000000057340000)]
  0x0000000056733000 JavaThread "C1 CompilerThread2" daemon [_thread_in_vm, id=3020, stack(0x0000000056440000,0x0000000056540000)]
  0x0000000056728000 JavaThread "C2 CompilerThread1" daemon [_thread_in_native, id=2232, stack(0x0000000056f60000,0x0000000057060000)]
=>0x00000000553bc800 JavaThread "C2 CompilerThread0" daemon [_thread_in_native, id=3728, stack(0x0000000056dc0000,0x0000000056ec0000)]
  0x00000000566cb000 JavaThread "Attach Listener" daemon [_thread_blocked, id=3528, stack(0x0000000056cc0000,0x0000000056dc0000)]
  0x00000000566ca800 JavaThread "Signal Dispatcher" daemon [_thread_blocked, id=2388, stack(0x0000000056b40000,0x0000000056c40000)]
  0x0000000055393800 JavaThread "Finalizer" daemon [_thread_blocked, id=196, stack(0x00000000565c0000,0x00000000566c0000)]
  0x0000000055352000 JavaThread "Reference Handler" daemon [_thread_blocked, id=536, stack(0x00000000562e0000,0x00000000563e0000)]
  0x00000000002cf000 JavaThread "main" [_thread_in_vm, id=1840, stack(0x00000000029f0000,0x0000000002af0000)]

Other Threads:
  0x000000005534a800 VMThread [stack: 0x0000000056130000,0x0000000056230000] [id=2792]
  0x0000000056797000 WatcherThread [stack: 0x00000000570f0000,0x00000000571f0000] [id=3264]

VM state:not at safepoint (normal execution)

VM Mutex/Monitor currently owned by a thread: None

Heap:
 PSYoungGen      total 68096K, used 54827K [0x00000000eab00000, 0x00000000ef000000, 0x0000000100000000)
  eden space 65536K, 79% used [0x00000000eab00000,0x00000000ede0e898,0x00000000eeb00000)
  from space 2560K, 99% used [0x00000000eed80000,0x00000000eeffc718,0x00000000ef000000)
  to   space 2560K, 0% used [0x00000000eeb00000,0x00000000eeb00000,0x00000000eed80000)
 ParOldGen       total 44032K, used 13856K [0x00000000c0000000, 0x00000000c2b00000, 0x00000000eab00000)
  object space 44032K, 31% used [0x00000000c0000000,0x00000000c0d88060,0x00000000c2b00000)
 Metaspace       used 6651K, capacity 7480K, committed 7680K, reserved 1056768K
  class space    used 628K, capacity 688K, committed 768K, reserved 1048576K

Card table byte_map: [0x0000000011eb0000,0x00000000120c0000] byte_map_base: 0x00000000118b0000

Marking Bits: (ParMarkBitMap*) 0x00000000619e64f0
 Begin Bits: [0x00000000127c0000, 0x00000000137c0000)
 End Bits:   [0x00000000137c0000, 0x00000000147c0000)

Polling page: 0x0000000000260000

CodeCache: size=245760Kb used=10123Kb max_used=10123Kb free=235636Kb
 bounds [0x0000000002af0000, 0x00000000034e0000, 0x0000000011af0000]
 total_blobs=2492 nmethods=2221 adapters=183
 compilation: enabled

Compilation events (10 events):
Event: 8.953 Thread 0x0000000056733000 2242       3       com.android.dx.dex.file.DebugInfoItem::itemType (4 bytes)
Event: 8.953 Thread 0x0000000056733000 nmethod 2242 0x00000000034be850 code [0x00000000034be9a0, 0x00000000034beaf0]
Event: 8.953 Thread 0x0000000056733000 2243       3       java.util.TimSort::countRunAndMakeAscending (128 bytes)
Event: 8.954 Thread 0x0000000056733000 nmethod 2243 0x00000000034beb90 code [0x00000000034bed80, 0x00000000034bf808]
Event: 8.954 Thread 0x0000000056733000 2244       1       com.android.dx.dex.file.DebugInfoItem::itemType (4 bytes)
Event: 8.954 Thread 0x0000000056733000 nmethod 2244 0x00000000034bfcd0 code [0x00000000034bfe20, 0x00000000034bff30]
Event: 8.954 Thread 0x0000000056733000 2245       3       com.android.dx.dex.file.AnnotationItem::itemType (4 bytes)
Event: 8.954 Thread 0x0000000056733000 nmethod 2245 0x00000000034bff90 code [0x00000000034c00e0, 0x00000000034c0230]
Event: 8.954 Thread 0x0000000056733000 2246  s    3       java.lang.Throwable::fillInStackTrace (29 bytes)
Event: 8.954 Thread 0x0000000056733000 nmethod 2246 0x00000000034c02d0 code [0x00000000034c0440, 0x00000000034c07e8]

GC Heap History (8 events):
Event: 0.743 GC heap before
{Heap before GC invocations=1 (full 0):
 PSYoungGen      total 18944K, used 16384K [0x00000000eab00000, 0x00000000ec000000, 0x0000000100000000)
  eden space 16384K, 100% used [0x00000000eab00000,0x00000000ebb00000,0x00000000ebb00000)
  from space 2560K, 0% used [0x00000000ebd80000,0x00000000ebd80000,0x00000000ec000000)
  to   space 2560K, 0% used [0x00000000ebb00000,0x00000000ebb00000,0x00000000ebd80000)
 ParOldGen       total 44032K, used 0K [0x00000000c0000000, 0x00000000c2b00000, 0x00000000eab00000)
  object space 44032K, 0% used [0x00000000c0000000,0x00000000c0000000,0x00000000c2b00000)
 Metaspace       used 5728K, capacity 6640K, committed 6784K, reserved 1056768K
  class space    used 599K, capacity 616K, committed 640K, reserved 1048576K
Event: 0.934 GC heap after
Heap after GC invocations=1 (full 0):
 PSYoungGen      total 18944K, used 2559K [0x00000000eab00000, 0x00000000ed000000, 0x0000000100000000)
  eden space 16384K, 0% used [0x00000000eab00000,0x00000000eab00000,0x00000000ebb00000)
  from space 2560K, 99% used [0x00000000ebb00000,0x00000000ebd7fc78,0x00000000ebd80000)
  to   space 2560K, 0% used [0x00000000ecd80000,0x00000000ecd80000,0x00000000ed000000)
 ParOldGen       total 44032K, used 1616K [0x00000000c0000000, 0x00000000c2b00000, 0x00000000eab00000)
  object space 44032K, 3% used [0x00000000c0000000,0x00000000c01940a0,0x00000000c2b00000)
 Metaspace       used 5728K, capacity 6640K, committed 6784K, reserved 1056768K
  class space    used 599K, capacity 616K, committed 640K, reserved 1048576K
}
Event: 1.889 GC heap before
{Heap before GC invocations=2 (full 0):
 PSYoungGen      total 18944K, used 18943K [0x00000000eab00000, 0x00000000ed000000, 0x0000000100000000)
  eden space 16384K, 100% used [0x00000000eab00000,0x00000000ebb00000,0x00000000ebb00000)
  from space 2560K, 99% used [0x00000000ebb00000,0x00000000ebd7fc78,0x00000000ebd80000)
  to   space 2560K, 0% used [0x00000000ecd80000,0x00000000ecd80000,0x00000000ed000000)
 ParOldGen       total 44032K, used 1616K [0x00000000c0000000, 0x00000000c2b00000, 0x00000000eab00000)
  object space 44032K, 3% used [0x00000000c0000000,0x00000000c01940a0,0x00000000c2b00000)
 Metaspace       used 6012K, capacity 6898K, committed 7040K, reserved 1056768K
  class space    used 603K, capacity 618K, committed 640K, reserved 1048576K
Event: 2.108 GC heap after
Heap after GC invocations=2 (full 0):
 PSYoungGen      total 35328K, used 2536K [0x00000000eab00000, 0x00000000ed000000, 0x0000000100000000)
  eden space 32768K, 0% used [0x00000000eab00000,0x00000000eab00000,0x00000000ecb00000)
  from space 2560K, 99% used [0x00000000ecd80000,0x00000000ecffa048,0x00000000ed000000)
  to   space 2560K, 0% used [0x00000000ecb00000,0x00000000ecb00000,0x00000000ecd80000)
 ParOldGen       total 44032K, used 3725K [0x00000000c0000000, 0x00000000c2b00000, 0x00000000eab00000)
  object space 44032K, 8% used [0x00000000c0000000,0x00000000c03a3740,0x00000000c2b00000)
 Metaspace       used 6012K, capacity 6898K, committed 7040K, reserved 1056768K
  class space    used 603K, capacity 618K, committed 640K, reserved 1048576K
}
Event: 3.586 GC heap before
{Heap before GC invocations=3 (full 0):
 PSYoungGen      total 35328K, used 35304K [0x00000000eab00000, 0x00000000ed000000, 0x0000000100000000)
  eden space 32768K, 100% used [0x00000000eab00000,0x00000000ecb00000,0x00000000ecb00000)
  from space 2560K, 99% used [0x00000000ecd80000,0x00000000ecffa048,0x00000000ed000000)
  to   space 2560K, 0% used [0x00000000ecb00000,0x00000000ecb00000,0x00000000ecd80000)
 ParOldGen       total 44032K, used 3725K [0x00000000c0000000, 0x00000000c2b00000, 0x00000000eab00000)
  object space 44032K, 8% used [0x00000000c0000000,0x00000000c03a3740,0x00000000c2b00000)
 Metaspace       used 6205K, capacity 7090K, committed 7296K, reserved 1056768K
  class space    used 605K, capacity 618K, committed 640K, reserved 1048576K
Event: 3.622 GC heap after
Heap after GC invocations=3 (full 0):
 PSYoungGen      total 35328K, used 2536K [0x00000000eab00000, 0x00000000ef000000, 0x0000000100000000)
  eden space 32768K, 0% used [0x00000000eab00000,0x00000000eab00000,0x00000000ecb00000)
  from space 2560K, 99% used [0x00000000ecb00000,0x00000000ecd7a398,0x00000000ecd80000)
  to   space 2560K, 0% used [0x00000000eed80000,0x00000000eed80000,0x00000000ef000000)
 ParOldGen       total 44032K, used 9155K [0x00000000c0000000, 0x00000000c2b00000, 0x00000000eab00000)
  object space 44032K, 20% used [0x00000000c0000000,0x00000000c08f0f68,0x00000000c2b00000)
 Metaspace       used 6205K, capacity 7090K, committed 7296K, reserved 1056768K
  class space    used 605K, capacity 618K, committed 640K, reserved 1048576K
}
Event: 3.900 GC heap before
{Heap before GC invocations=4 (full 0):
 PSYoungGen      total 35328K, used 35304K [0x00000000eab00000, 0x00000000ef000000, 0x0000000100000000)
  eden space 32768K, 100% used [0x00000000eab00000,0x00000000ecb00000,0x00000000ecb00000)
  from space 2560K, 99% used [0x00000000ecb00000,0x00000000ecd7a398,0x00000000ecd80000)
  to   space 2560K, 0% used [0x00000000eed80000,0x00000000eed80000,0x00000000ef000000)
 ParOldGen       total 44032K, used 9155K [0x00000000c0000000, 0x00000000c2b00000, 0x00000000eab00000)
  object space 44032K, 20% used [0x00000000c0000000,0x00000000c08f0f68,0x00000000c2b00000)
 Metaspace       used 6255K, capacity 7090K, committed 7296K, reserved 1056768K
  class space    used 605K, capacity 618K, committed 640K, reserved 1048576K
Event: 4.227 GC heap after
Heap after GC invocations=4 (full 0):
 PSYoungGen      total 68096K, used 2545K [0x00000000eab00000, 0x00000000ef000000, 0x0000000100000000)
  eden space 65536K, 0% used [0x00000000eab00000,0x00000000eab00000,0x00000000eeb00000)
  from space 2560K, 99% used [0x00000000eed80000,0x00000000eeffc718,0x00000000ef000000)
  to   space 2560K, 0% used [0x00000000eeb00000,0x00000000eeb00000,0x00000000eed80000)
 ParOldGen       total 44032K, used 13856K [0x00000000c0000000, 0x00000000c2b00000, 0x00000000eab00000)
  object space 44032K, 31% used [0x00000000c0000000,0x00000000c0d88060,0x00000000c2b00000)
 Metaspace       used 6255K, capacity 7090K, committed 7296K, reserved 1056768K
  class space    used 605K, capacity 618K, committed 640K, reserved 1048576K
}

Deoptimization events (10 events):
Event: 8.720 Thread 0x00000000002cf000 Uncommon trap: reason=class_check action=maybe_recompile pc=0x0000000002ef7938 method=java.util.Arrays.hashCode([Ljava/lang/Object;)I @ 43
Event: 8.720 Thread 0x00000000002cf000 Uncommon trap: reason=class_check action=maybe_recompile pc=0x0000000002f00268 method=java.util.Arrays.hashCode([Ljava/lang/Object;)I @ 43
Event: 8.733 Thread 0x00000000002cf000 Uncommon trap: reason=class_check action=maybe_recompile pc=0x0000000002e89618 method=java.util.HashMap.putVal(ILjava/lang/Object;Ljava/lang/Object;ZZ)Ljava/lang/Object; @ 203
Event: 8.877 Thread 0x00000000002cf000 Uncommon trap: reason=speculate_class_check action=maybe_recompile pc=0x0000000002e4be90 method=com.android.dx.util.FixedSizeList.equals(Ljava/lang/Object;)Z @ 25
Event: 8.877 Thread 0x00000000002cf000 Uncommon trap: reason=class_check action=maybe_recompile pc=0x0000000002e3f468 method=java.util.Arrays.equals([Ljava/lang/Object;[Ljava/lang/Object;)Z @ 62
Event: 8.877 Thread 0x00000000002cf000 Uncommon trap: reason=speculate_class_check action=maybe_recompile pc=0x0000000002e4be90 method=com.android.dx.util.FixedSizeList.equals(Ljava/lang/Object;)Z @ 25
Event: 8.877 Thread 0x00000000002cf000 Uncommon trap: reason=unstable_if action=reinterpret pc=0x0000000002e3f4a0 method=java.util.Arrays.equals([Ljava/lang/Object;[Ljava/lang/Object;)Z @ 23
Event: 8.896 Thread 0x00000000002cf000 Uncommon trap: reason=speculate_class_check action=maybe_recompile pc=0x0000000002e4be90 method=com.android.dx.util.FixedSizeList.equals(Ljava/lang/Object;)Z @ 25
Event: 8.896 Thread 0x00000000002cf000 Uncommon trap: reason=speculate_class_check action=maybe_recompile pc=0x0000000002e4be90 method=com.android.dx.util.FixedSizeList.equals(Ljava/lang/Object;)Z @ 25
Event: 8.931 Thread 0x00000000002cf000 Uncommon trap: reason=unstable_if action=reinterpret pc=0x00000000032ae920 method=java.util.TreeMap.put(Ljava/lang/Object;Ljava/lang/Object;)Ljava/lang/Object; @ 163

Internal exceptions (8 events):
Event: 0.088 Thread 0x00000000002cf000 Exception <a 'java/lang/NoSuchMethodError': Method sun.misc.Unsafe.defineClass(Ljava/lang/String;[BII)Ljava/lang/Class; name or signature does not match> (0x00000000eab07cc0) thrown at [D:\re\workspace\8-2-build-windows-amd64-cygwin\jdk8u92\6642\hotspot\srB‰1gŠx¶?
Event: 0.088 Thread 0x00000000002cf000 Exception <a 'java/lang/NoSuchMethodError': Method sun.misc.Unsafe.prefetchRead(Ljava/lang/Object;J)V name or signature does not match> (0x00000000eab07fa8) thrown at [D:\re\workspace\8-2-build-windows-amd64-cygwin\jdk8u92\6642\hotspot\src\share\vm\prims\j7¦oÛ™ú?
Event: 1.662 Thread 0x00000000569f5800 Implicit null exception at 0x0000000002e46912 to 0x0000000002e46a02
Event: 3.050 Thread 0x00000000569f5800 Implicit null exception at 0x0000000002da161e to 0x0000000002da2e69
Event: 6.710 Thread 0x00000000569f5800 Implicit null exception at 0x00000000032159c7 to 0x0000000003218895
Event: 6.711 Thread 0x00000000569f5800 Implicit null exception at 0x0000000002f8b683 to 0x0000000002f8cb4d
Event: 6.711 Thread 0x00000000569f5800 Implicit null exception at 0x0000000003261447 to 0x0000000003263c61
Event: 7.501 Thread 0x00000000569f5800 Implicit null exception at 0x00000000032e77b7 to 0x00000000032e8bed

Events (10 events):
Event: 8.896 Thread 0x00000000002cf000 Uncommon trap: trap_request=0xffffff76 fr.pc=0x0000000002e4be90
Event: 8.896 Thread 0x00000000002cf000 DEOPT PACKING pc=0x0000000002e4be90 sp=0x0000000002aeebb0
Event: 8.896 Thread 0x00000000002cf000 DEOPT UNPACKING pc=0x0000000002b3582a sp=0x0000000002aeeb60 mode 2
Event: 8.931 Thread 0x00000000002cf000 Uncommon trap: trap_request=0xffffff65 fr.pc=0x00000000032ae920
Event: 8.931 Thread 0x00000000002cf000 DEOPT PACKING pc=0x00000000032ae920 sp=0x0000000002aeee00
Event: 8.931 Thread 0x00000000002cf000 DEOPT UNPACKING pc=0x0000000002b3582a sp=0x0000000002aeede0 mode 2
Event: 8.954 loading class com/android/dx/dex/file/DebugInfoEncoder
Event: 8.954 loading class com/android/dx/dex/file/DebugInfoEncoder done
Event: 8.956 loading class com/android/dx/dex/file/DebugInfoEncoder$1
Event: 8.956 loading class com/android/dx/dex/file/DebugInfoEncoder$1 done


Dynamic libraries:
0x000000013f970000 - 0x000000013f9a7000 	C:\Program Files\Java\jdk1.8.0_92\bin\java.exe
0x0000000077420000 - 0x00000000775ca000 	C:\windows\SYSTEM32\ntdll.dll
0x0000000077200000 - 0x000000007731f000 	C:\windows\system32\kernel32.dll
0x000007fefd1d0000 - 0x000007fefd23b000 	C:\windows\system32\KERNELBASE.dll
0x000007feff320000 - 0x000007feff3fb000 	C:\windows\system32\ADVAPI32.dll
0x000007fefe930000 - 0x000007fefe9cf000 	C:\windows\system32\msvcrt.dll
0x000007feff680000 - 0x000007feff69f000 	C:\windows\SYSTEM32\sechost.dll
0x000007feff450000 - 0x000007feff57d000 	C:\windows\system32\RPCRT4.dll
0x0000000077320000 - 0x000000007741a000 	C:\windows\system32\USER32.dll
0x000007fefeb80000 - 0x000007fefebe7000 	C:\windows\system32\GDI32.dll
0x000007feff6a0000 - 0x000007feff6ae000 	C:\windows\system32\LPK.dll
0x000007fefd5a0000 - 0x000007fefd66a000 	C:\windows\system32\USP10.dll
0x000007fefb8e0000 - 0x000007fefbad4000 	C:\windows\WinSxS\amd64_microsoft.windows.common-controls_6595b64144ccf1df_6.0.7601.18837_none_fa3b1e3d17594757\COMCTL32.dll
0x000007feff5e0000 - 0x000007feff651000 	C:\windows\system32\SHLWAPI.dll
0x000007fefd850000 - 0x000007fefd87e000 	C:\windows\system32\IMM32.DLL
0x000007fefe9d0000 - 0x000007fefead9000 	C:\windows\system32\MSCTF.dll
0x000000006aee0000 - 0x000000006afb2000 	C:\Program Files\Java\jdk1.8.0_92\jre\bin\msvcr100.dll
0x00000000611d0000 - 0x0000000061a66000 	C:\Program Files\Java\jdk1.8.0_92\jre\bin\server\jvm.dll
0x000007fefb150000 - 0x000007fefb159000 	C:\windows\system32\WSOCK32.dll
0x000007feff400000 - 0x000007feff44d000 	C:\windows\system32\WS2_32.dll
0x000007fefe610000 - 0x000007fefe618000 	C:\windows\system32\NSI.dll
0x000007fefd270000 - 0x000007fefd2ab000 	C:\windows\system32\WINMM.dll
0x000007fefc250000 - 0x000007fefc25c000 	C:\windows\system32\VERSION.dll
0x00000000775e0000 - 0x00000000775e7000 	C:\windows\system32\PSAPI.DLL
0x0000000073770000 - 0x000000007377f000 	C:\Program Files\Java\jdk1.8.0_92\jre\bin\verify.dll
0x0000000071490000 - 0x00000000714b9000 	C:\Program Files\Java\jdk1.8.0_92\jre\bin\java.dll
0x0000000072430000 - 0x0000000072446000 	C:\Program Files\Java\jdk1.8.0_92\jre\bin\zip.dll
0x000007fefd880000 - 0x000007fefe609000 	C:\windows\system32\SHELL32.dll
0x000007feff110000 - 0x000007feff313000 	C:\windows\system32\ole32.dll
0x000007fefd0f0000 - 0x000007fefd0ff000 	C:\windows\system32\profapi.dll

VM Arguments:
jvm_args: -Djava.awt.headless=true -Xmx1024M -Dfile.encoding=GBK -Duser.country=CN -Duser.language=zh -Duser.variant 
java_command: com.android.dx.command.Main --dex --force-jumbo --num-threads=4 --output C:\Android\Project\MyGitDroid\app\build\intermediates\pre-dexed\debug\com.android.support-design-24.0.0_25b2977e1784e40fb993a0b10fc47efb903d7caf.jar C:\Android\Project\MyGitDroid\app\build\intermediates\exploded-aar\com.android.support\design\24.0.0\jars\classes.jar
java_class_path (initial): C:\Android\sdk\build-tools\24.0.1\lib\dx.jar
Launcher Type: SUN_STANDARD

Environment Variables:
JAVA_HOME=C:\Program Files\Java\jdk1.8.0_92
CLASSPATH=.
PATH=C:\Program Files\Java\jdk1.8.0_92\bin;C:\ProgramData\Oracle\Java\javapath;C:\windows\system32;C:\windows;C:\windows\System32\Wbem;C:\windows\System32\WindowsPowerShell\v1.0\;C:\Program Files (x86)\Intel\OpenCL SDK\2.0\bin\x86;C:\Program Files (x86)\Intel\OpenCL SDK\2.0\bin\x64
USERNAME=Administrator
OS=Windows_NT
PROCESSOR_IDENTIFIER=Intel64 Family 6 Model 42 Stepping 7, GenuineIntel



---------------  S Y S T E M  ---------------

OS: Windows 7 , 64 bit Build 7601 (6.1.7601.19135)

CPU:total 4 (4 cores per cpu, 1 threads per core) family 6 model 42 stepping 7, cmov, cx8, fxsr, mmx, sse, sse2, sse3, ssse3, sse4.1, sse4.2, popcnt, avx, aes, clmul, tsc, tscinvbit

Memory: 4k page, physical 4104836k(506220k free), swap 5151576k(190596k free)

vm_info: Java HotSpot(TM) 64-Bit Server VM (25.92-b14) for windows-amd64 JRE (1.8.0_92-b14), built on Mar 31 2016 21:03:04 by "java_re" with MS VC++ 10.0 (VS2010)

time: Thu Jul 28 15:50:22 2016
elapsed time: 9 seconds (0d 0h 0m 9s)

