#
# There is insufficient memory for the Java Runtime Environment to continue.
# Native memory allocation (malloc) failed to allocate 749056 bytes for Chunk::new
# Possible reasons:
#   The system is out of physical RAM or swap space
#   In 32 bit mode, the process size limit was hit
# Possible solutions:
#   Reduce memory load on the system
#   Increase physical memory or swap space
#   Check if swap backing store is full
#   Use 64 bit Java on a 64 bit OS
#   Decrease Java heap size (-Xmx/-Xms)
#   Decrease number of Java threads
#   Decrease Java thread stack sizes (-Xss)
#   Set larger code cache with -XX:ReservedCodeCacheSize=
# This output file may be truncated or incomplete.
#
#  Out of Memory Error (allocation.cpp:390), pid=3796, tid=0x0000000000000804
#
# JRE version: Java(TM) SE Runtime Environment (8.0_92-b14) (build 1.8.0_92-b14)
# Java VM: Java HotSpot(TM) 64-Bit Server VM (25.92-b14 mixed mode windows-amd64 compressed oops)
# Failed to write core dump. Minidumps are not enabled by default on client versions of Windows
#

---------------  T H R E A D  ---------------

Current thread (0x0000000054fdc800):  JavaThread "C2 CompilerThread0" daemon [_thread_in_native, id=2052, stack(0x0000000056a10000,0x0000000056b10000)]

Stack: [0x0000000056a10000,0x0000000056b10000]
[error occurred during error reporting (printing stack bounds), id 0xc0000005]

Native frames: (J=compiled Java code, j=interpreted, Vv=VM code, C=native code)


Current CompileTask:
C2:   3975 1530   !   4       com.android.dx.cf.code.BytecodeArray::parseInstruction (2764 bytes)


---------------  P R O C E S S  ---------------

Java Threads: ( => current thread )
  0x0000000056780800 JavaThread "pool-1-thread-4" [_thread_in_Java, id=3400, stack(0x0000000058280000,0x0000000058380000)]
  0x0000000056784000 JavaThread "pool-1-thread-3" [_thread_blocked, id=1548, stack(0x0000000058130000,0x0000000058230000)]
  0x00000000566e0000 JavaThread "pool-1-thread-2" [_thread_blocked, id=3552, stack(0x0000000058030000,0x0000000058130000)]
  0x00000000566df000 JavaThread "pool-2-thread-1" [_thread_blocked, id=3544, stack(0x0000000057e40000,0x0000000057f40000)]
  0x00000000566de000 JavaThread "pool-1-thread-1" [_thread_in_Java, id=960, stack(0x0000000057c30000,0x0000000057d30000)]
  0x0000000056420000 JavaThread "Service Thread" daemon [_thread_blocked, id=3288, stack(0x00000000571c0000,0x00000000572c0000)]
  0x0000000056416000 JavaThread "C1 CompilerThread2" daemon [_thread_in_native, id=2880, stack(0x0000000057070000,0x0000000057170000)]
  0x0000000056415000 JavaThread "C2 CompilerThread1" daemon [_thread_in_native, id=2884, stack(0x0000000056db0000,0x0000000056eb0000)]
=>0x0000000054fdc800 JavaThread "C2 CompilerThread0" daemon [_thread_in_native, id=2052, stack(0x0000000056a10000,0x0000000056b10000)]
  0x000000005640b000 JavaThread "Attach Listener" daemon [_thread_blocked, id=2016, stack(0x0000000056ba0000,0x0000000056ca0000)]
  0x000000005640a800 JavaThread "Signal Dispatcher" daemon [_thread_blocked, id=2388, stack(0x00000000568b0000,0x00000000569b0000)]
  0x0000000054fb9000 JavaThread "Finalizer" daemon [_thread_blocked, id=3732, stack(0x0000000056300000,0x0000000056400000)]
  0x0000000054f72000 JavaThread "Reference Handler" daemon [_thread_blocked, id=1912, stack(0x0000000056180000,0x0000000056280000)]
  0x00000000025af000 JavaThread "main" [_thread_blocked, id=2872, stack(0x00000000026d0000,0x00000000027d0000)]

Other Threads:
  0x0000000054f6a800 VMThread [stack: 0x0000000055ff0000,0x00000000560f0000] [id=1052]
  0x00000000564bb800 WatcherThread [stack: 0x0000000056ed0000,0x0000000056fd0000] [id=3280]

VM state:not at safepoint (normal execution)

VM Mutex/Monitor currently owned by a thread: None

Heap:
 PSYoungGen      total 35328K, used 8658K [0x00000000eab00000, 0x00000000ed000000, 0x0000000100000000)
  eden space 32768K, 18% used [0x00000000eab00000,0x00000000eb0faa60,0x00000000ecb00000)
  from space 2560K, 99% used [0x00000000ecb00000,0x00000000ecd79e98,0x00000000ecd80000)
  to   space 2560K, 0% used [0x00000000ecd80000,0x00000000ecd80000,0x00000000ed000000)
 ParOldGen       total 44032K, used 28296K [0x00000000c0000000, 0x00000000c2b00000, 0x00000000eab00000)
  object space 44032K, 64% used [0x00000000c0000000,0x00000000c1ba20c8,0x00000000c2b00000)
 Metaspace       used 6381K, capacity 7128K, committed 7424K, reserved 1056768K
  class space    used 625K, capacity 656K, committed 768K, reserved 1048576K

Card table byte_map: [0x0000000011b90000,0x0000000011da0000] byte_map_base: 0x0000000011590000

Marking Bits: (ParMarkBitMap*) 0x00000000619e64f0
 Begin Bits: [0x00000000123e0000, 0x00000000133e0000)
 End Bits:   [0x00000000133e0000, 0x00000000143e0000)

Polling page: 0x0000000000460000

CodeCache: size=245760Kb used=6504Kb max_used=6504Kb free=239255Kb
 bounds [0x00000000027d0000, 0x0000000002e30000, 0x00000000117d0000]
 total_blobs=1835 nmethods=1564 adapters=182
 compilation: enabled

Compilation events (10 events):
Event: 3.973 Thread 0x0000000056416000 nmethod 1619 0x0000000002e28850 code [0x0000000002e289c0, 0x0000000002e28c10]
Event: 3.973 Thread 0x0000000056416000 1627       2       com.android.dx.util.ByteArray::getByte0 (12 bytes)
Event: 3.973 Thread 0x0000000056416000 nmethod 1627 0x0000000002e28490 code [0x0000000002e285e0, 0x0000000002e28750]
Event: 3.973 Thread 0x0000000056416000 1616       2       java.util.ArrayList$SubList::get (23 bytes)
Event: 3.973 Thread 0x0000000056416000 nmethod 1616 0x0000000002e27d90 code [0x0000000002e27f20, 0x0000000002e281e8]
Event: 3.974 Thread 0x0000000056416000 1617       2       java.util.ArrayList$SubList::rangeCheck (26 bytes)
Event: 3.974 Thread 0x0000000056416000 nmethod 1617 0x0000000002e27450 code [0x0000000002e27600, 0x0000000002e27a78]
Event: 3.974 Thread 0x0000000056416000 1614       2       sun.misc.VM::addFinalRefCount (24 bytes)
Event: 3.974 Thread 0x0000000056416000 nmethod 1614 0x0000000002e27110 code [0x0000000002e27260, 0x0000000002e273d0]
Event: 3.974 Thread 0x0000000056416000 1620       2       com.android.dx.ssa.back.FirstFitLocalCombiningAllocator::access$100 (5 bytes)

GC Heap History (10 events):
Event: 3.011 GC heap before
{Heap before GC invocations=3 (full 0):
 PSYoungGen      total 35328K, used 35321K [0x00000000eab00000, 0x00000000ed000000, 0x0000000100000000)
  eden space 32768K, 100% used [0x00000000eab00000,0x00000000ecb00000,0x00000000ecb00000)
  from space 2560K, 99% used [0x00000000ecd80000,0x00000000ecffe798,0x00000000ed000000)
  to   space 2560K, 0% used [0x00000000ecb00000,0x00000000ecb00000,0x00000000ecd80000)
 ParOldGen       total 44032K, used 3107K [0x00000000c0000000, 0x00000000c2b00000, 0x00000000eab00000)
  object space 44032K, 7% used [0x00000000c0000000,0x00000000c0308d50,0x00000000c2b00000)
 Metaspace       used 6221K, capacity 7092K, committed 7296K, reserved 1056768K
  class space    used 605K, capacity 620K, committed 640K, reserved 1048576K
Event: 3.021 GC heap after
Heap after GC invocations=3 (full 0):
 PSYoungGen      total 35328K, used 2535K [0x00000000eab00000, 0x00000000ed000000, 0x0000000100000000)
  eden space 32768K, 0% used [0x00000000eab00000,0x00000000eab00000,0x00000000ecb00000)
  from space 2560K, 99% used [0x00000000ecb00000,0x00000000ecd79e40,0x00000000ecd80000)
  to   space 2560K, 0% used [0x00000000ecd80000,0x00000000ecd80000,0x00000000ed000000)
 ParOldGen       total 44032K, used 8061K [0x00000000c0000000, 0x00000000c2b00000, 0x00000000eab00000)
  object space 44032K, 18% used [0x00000000c0000000,0x00000000c07df628,0x00000000c2b00000)
 Metaspace       used 6221K, capacity 7092K, committed 7296K, reserved 1056768K
  class space    used 605K, capacity 620K, committed 640K, reserved 1048576K
}
Event: 3.152 GC heap before
{Heap before GC invocations=4 (full 0):
 PSYoungGen      total 35328K, used 35303K [0x00000000eab00000, 0x00000000ed000000, 0x0000000100000000)
  eden space 32768K, 100% used [0x00000000eab00000,0x00000000ecb00000,0x00000000ecb00000)
  from space 2560K, 99% used [0x00000000ecb00000,0x00000000ecd79e40,0x00000000ecd80000)
  to   space 2560K, 0% used [0x00000000ecd80000,0x00000000ecd80000,0x00000000ed000000)
 ParOldGen       total 44032K, used 8061K [0x00000000c0000000, 0x00000000c2b00000, 0x00000000eab00000)
  object space 44032K, 18% used [0x00000000c0000000,0x00000000c07df628,0x00000000c2b00000)
 Metaspace       used 6226K, capacity 7092K, committed 7296K, reserved 1056768K
  class space    used 605K, capacity 620K, committed 640K, reserved 1048576K
Event: 3.167 GC heap after
Heap after GC invocations=4 (full 0):
 PSYoungGen      total 35328K, used 2552K [0x00000000eab00000, 0x00000000ed000000, 0x0000000100000000)
  eden space 32768K, 0% used [0x00000000eab00000,0x00000000eab00000,0x00000000ecb00000)
  from space 2560K, 99% used [0x00000000ecd80000,0x00000000ecffe180,0x00000000ed000000)
  to   space 2560K, 0% used [0x00000000ecb00000,0x00000000ecb00000,0x00000000ecd80000)
 ParOldGen       total 44032K, used 13125K [0x00000000c0000000, 0x00000000c2b00000, 0x00000000eab00000)
  object space 44032K, 29% used [0x00000000c0000000,0x00000000c0cd1768,0x00000000c2b00000)
 Metaspace       used 6226K, capacity 7092K, committed 7296K, reserved 1056768K
  class space    used 605K, capacity 620K, committed 640K, reserved 1048576K
}
Event: 3.268 GC heap before
{Heap before GC invocations=5 (full 0):
 PSYoungGen      total 35328K, used 35320K [0x00000000eab00000, 0x00000000ed000000, 0x0000000100000000)
  eden space 32768K, 100% used [0x00000000eab00000,0x00000000ecb00000,0x00000000ecb00000)
  from space 2560K, 99% used [0x00000000ecd80000,0x00000000ecffe180,0x00000000ed000000)
  to   space 2560K, 0% used [0x00000000ecb00000,0x00000000ecb00000,0x00000000ecd80000)
 ParOldGen       total 44032K, used 13125K [0x00000000c0000000, 0x00000000c2b00000, 0x00000000eab00000)
  object space 44032K, 29% used [0x00000000c0000000,0x00000000c0cd1768,0x00000000c2b00000)
 Metaspace       used 6248K, capacity 7092K, committed 7296K, reserved 1056768K
  class space    used 606K, capacity 620K, committed 640K, reserved 1048576K
Event: 3.280 GC heap after
Heap after GC invocations=5 (full 0):
 PSYoungGen      total 35328K, used 2533K [0x00000000eab00000, 0x00000000ed000000, 0x0000000100000000)
  eden space 32768K, 0% used [0x00000000eab00000,0x00000000eab00000,0x00000000ecb00000)
  from space 2560K, 98% used [0x00000000ecb00000,0x00000000ecd79428,0x00000000ecd80000)
  to   space 2560K, 0% used [0x00000000ecd80000,0x00000000ecd80000,0x00000000ed000000)
 ParOldGen       total 44032K, used 18571K [0x00000000c0000000, 0x00000000c2b00000, 0x00000000eab00000)
  object space 44032K, 42% used [0x00000000c0000000,0x00000000c1222f50,0x00000000c2b00000)
 Metaspace       used 6248K, capacity 7092K, committed 7296K, reserved 1056768K
  class space    used 606K, capacity 620K, committed 640K, reserved 1048576K
}
Event: 3.347 GC heap before
{Heap before GC invocations=6 (full 0):
 PSYoungGen      total 35328K, used 35301K [0x00000000eab00000, 0x00000000ed000000, 0x0000000100000000)
  eden space 32768K, 100% used [0x00000000eab00000,0x00000000ecb00000,0x00000000ecb00000)
  from space 2560K, 98% used [0x00000000ecb00000,0x00000000ecd79428,0x00000000ecd80000)
  to   space 2560K, 0% used [0x00000000ecd80000,0x00000000ecd80000,0x00000000ed000000)
 ParOldGen       total 44032K, used 18571K [0x00000000c0000000, 0x00000000c2b00000, 0x00000000eab00000)
  object space 44032K, 42% used [0x00000000c0000000,0x00000000c1222f50,0x00000000c2b00000)
 Metaspace       used 6256K, capacity 7092K, committed 7296K, reserved 1056768K
  class space    used 606K, capacity 620K, committed 640K, reserved 1048576K
Event: 3.359 GC heap after
Heap after GC invocations=6 (full 0):
 PSYoungGen      total 35328K, used 2540K [0x00000000eab00000, 0x00000000ed000000, 0x0000000100000000)
  eden space 32768K, 0% used [0x00000000eab00000,0x00000000eab00000,0x00000000ecb00000)
  from space 2560K, 99% used [0x00000000ecd80000,0x00000000ecffb310,0x00000000ed000000)
  to   space 2560K, 0% used [0x00000000ecb00000,0x00000000ecb00000,0x00000000ecd80000)
 ParOldGen       total 44032K, used 23842K [0x00000000c0000000, 0x00000000c2b00000, 0x00000000eab00000)
  object space 44032K, 54% used [0x00000000c0000000,0x00000000c1748998,0x00000000c2b00000)
 Metaspace       used 6256K, capacity 7092K, committed 7296K, reserved 1056768K
  class space    used 606K, capacity 620K, committed 640K, reserved 1048576K
}
Event: 3.932 GC heap before
{Heap before GC invocations=7 (full 0):
 PSYoungGen      total 35328K, used 35308K [0x00000000eab00000, 0x00000000ed000000, 0x0000000100000000)
  eden space 32768K, 100% used [0x00000000eab00000,0x00000000ecb00000,0x00000000ecb00000)
  from space 2560K, 99% used [0x00000000ecd80000,0x00000000ecffb310,0x00000000ed000000)
  to   space 2560K, 0% used [0x00000000ecb00000,0x00000000ecb00000,0x00000000ecd80000)
 ParOldGen       total 44032K, used 23842K [0x00000000c0000000, 0x00000000c2b00000, 0x00000000eab00000)
  object space 44032K, 54% used [0x00000000c0000000,0x00000000c1748998,0x00000000c2b00000)
 Metaspace       used 6378K, capacity 7128K, committed 7424K, reserved 1056768K
  class space    used 625K, capacity 656K, committed 768K, reserved 1048576K
Event: 3.945 GC heap after
Heap after GC invocations=7 (full 0):
 PSYoungGen      total 35328K, used 2535K [0x00000000eab00000, 0x00000000ed000000, 0x0000000100000000)
  eden space 32768K, 0% used [0x00000000eab00000,0x00000000eab00000,0x00000000ecb00000)
  from space 2560K, 99% used [0x00000000ecb00000,0x00000000ecd79e98,0x00000000ecd80000)
  to   space 2560K, 0% used [0x00000000ecd80000,0x00000000ecd80000,0x00000000ed000000)
 ParOldGen       total 44032K, used 28296K [0x00000000c0000000, 0x00000000c2b00000, 0x00000000eab00000)
  object space 44032K, 64% used [0x00000000c0000000,0x00000000c1ba20c8,0x00000000c2b00000)
 Metaspace       used 6378K, capacity 7128K, committed 7424K, reserved 1056768K
  class space    used 625K, capacity 656K, committed 768K, reserved 1048576K
}

Deoptimization events (10 events):
Event: 3.219 Thread 0x00000000566de000 Uncommon trap: reason=unloaded action=reinterpret pc=0x0000000002cd79b8 method=com.android.dx.ssa.LiteralOpUpgrader$1.visitNonMoveInsn(Lcom/android/dx/ssa/NormalSsaInsn;)V @ 72
Event: 3.220 Thread 0x00000000566de000 Uncommon trap: reason=unstable_if action=reinterpret pc=0x0000000002c64d8c method=com.android.dx.ssa.SsaMethod.updateOneDefinition(Lcom/android/dx/ssa/SsaInsn;Lcom/android/dx/rop/code/RegisterSpec;)V @ 4
Event: 3.402 Thread 0x00000000566e0000 Uncommon trap: reason=bimorphic action=maybe_recompile pc=0x0000000002ce6814 method=com.android.dx.ssa.LiteralOpUpgrader.tryReplacingWithConstant(Lcom/android/dx/ssa/NormalSsaInsn;)Z @ 62
Event: 3.402 Thread 0x0000000056784000 Uncommon trap: reason=bimorphic action=maybe_recompile pc=0x0000000002df6468 method=com.android.dx.ssa.SCCP.simulatePhi(Lcom/android/dx/ssa/PhiInsn;)V @ 124
Event: 3.403 Thread 0x00000000566e0000 Uncommon trap: reason=unstable_if action=reinterpret pc=0x0000000002b21194 method=java.util.HashMap.putVal(ILjava/lang/Object;Ljava/lang/Object;ZZ)Ljava/lang/Object; @ 162
Event: 3.868 Thread 0x00000000566de000 Uncommon trap: reason=bimorphic action=maybe_recompile pc=0x0000000002ca8064 method=java.util.HashMap.putVal(ILjava/lang/Object;Ljava/lang/Object;ZZ)Ljava/lang/Object; @ 203
Event: 3.868 Thread 0x00000000566de000 Uncommon trap: reason=bimorphic action=maybe_recompile pc=0x0000000002ca8064 method=java.util.HashMap.putVal(ILjava/lang/Object;Ljava/lang/Object;ZZ)Ljava/lang/Object; @ 203
Event: 3.874 Thread 0x0000000056784000 Uncommon trap: reason=bimorphic action=maybe_recompile pc=0x0000000002df6468 method=com.android.dx.ssa.SCCP.simulatePhi(Lcom/android/dx/ssa/PhiInsn;)V @ 124
Event: 3.882 Thread 0x0000000056784000 Uncommon trap: reason=unstable_if action=reinterpret pc=0x0000000002a19c40 method=java.util.HashMap.getNode(ILjava/lang/Object;)Ljava/util/HashMap$Node; @ 84
Event: 3.947 Thread 0x00000000566de000 Uncommon trap: reason=unstable_if action=reinterpret pc=0x0000000002ca7c1c method=java.util.HashMap.putVal(ILjava/lang/Object;Ljava/lang/Object;ZZ)Ljava/lang/Object; @ 162

Internal exceptions (6 events):
Event: 0.040 Thread 0x00000000025af000 Exception <a 'java/lang/NoSuchMethodError': Method sun.misc.Unsafe.defineClass(Ljava/lang/String;[BII)Ljava/lang/Class; name or signature does not match> (0x00000000eab07cc0) thrown at [D:\re\workspace\8-2-build-windows-amd64-cygwin\jdk8u92\6642\hotspot\sr{†Ö©vJ¤?
Event: 0.040 Thread 0x00000000025af000 Exception <a 'java/lang/NoSuchMethodError': Method sun.misc.Unsafe.prefetchRead(Ljava/lang/Object;J)V name or signature does not match> (0x00000000eab07fa8) thrown at [D:\re\workspace\8-2-build-windows-amd64-cygwin\jdk8u92\6642\hotspot\src\share\vm\prims\jèB¿²^À@
Event: 2.969 Thread 0x0000000056784000 Implicit null exception at 0x0000000002d7ea94 to 0x0000000002d80c69
Event: 3.752 Thread 0x00000000566e0000 Exception <a 'java/lang/ArrayIndexOutOfBoundsException': 18> (0x00000000ec02b4c0) thrown at [D:\re\workspace\8-2-build-windows-amd64-cygwin\jdk8u92\6642\hotspot\src\share\vm\interpreter\interpreterRuntime.cpp, line 366]
Event: 3.752 Thread 0x00000000566e0000 Exception <a 'java/lang/ArrayIndexOutOfBoundsException': 145> (0x00000000ec02d040) thrown at [D:\re\workspace\8-2-build-windows-amd64-cygwin\jdk8u92\6642\hotspot\src\share\vm\interpreter\interpreterRuntime.cpp, line 366]
Event: 3.792 Thread 0x00000000566e0000 Exception <a 'java/lang/ArrayIndexOutOfBoundsException'> (0x00000000ec02e328) thrown at [D:\re\workspace\8-2-build-windows-amd64-cygwin\jdk8u92\6642\hotspot\src\share\vm\runtime\sharedRuntime.cpp, line 605]

Events (10 events):
Event: 3.874 Thread 0x0000000056784000 DEOPT PACKING pc=0x0000000002df6468 sp=0x000000005822e6f0
Event: 3.874 Thread 0x0000000056784000 DEOPT UNPACKING pc=0x000000000281582a sp=0x000000005822e678 mode 2
Event: 3.882 Thread 0x0000000056784000 Uncommon trap: trap_request=0xffffff65 fr.pc=0x0000000002a19c40
Event: 3.882 Thread 0x0000000056784000 DEOPT PACKING pc=0x0000000002a19c40 sp=0x000000005822e540
Event: 3.882 Thread 0x0000000056784000 DEOPT UNPACKING pc=0x000000000281582a sp=0x000000005822e4b8 mode 2
Event: 3.932 Executing VM operation: ParallelGCFailedAllocation
Event: 3.945 Executing VM operation: ParallelGCFailedAllocation done
Event: 3.947 Thread 0x00000000566de000 Uncommon trap: trap_request=0xffffff65 fr.pc=0x0000000002ca7c1c
Event: 3.947 Thread 0x00000000566de000 DEOPT PACKING pc=0x0000000002ca7c1c sp=0x0000000057d2e890
Event: 3.947 Thread 0x00000000566de000 DEOPT UNPACKING pc=0x000000000281582a sp=0x0000000057d2e818 mode 2


Dynamic libraries:
0x000000013f970000 - 0x000000013f9a7000 	C:\Program Files\Java\jdk1.8.0_92\bin\java.exe
0x0000000077420000 - 0x00000000775ca000 	C:\windows\SYSTEM32\ntdll.dll
0x0000000077200000 - 0x000000007731f000 	C:\windows\system32\kernel32.dll
0x000007fefd1d0000 - 0x000007fefd23b000 	C:\windows\system32\KERNELBASE.dll
0x000007feff320000 - 0x000007feff3fb000 	C:\windows\system32\ADVAPI32.dll
0x000007fefe930000 - 0x000007fefe9cf000 	C:\windows\system32\msvcrt.dll
0x000007feff680000 - 0x000007feff69f000 	C:\windows\SYSTEM32\sechost.dll
0x000007feff450000 - 0x000007feff57d000 	C:\windows\system32\RPCRT4.dll
0x0000000077320000 - 0x000000007741a000 	C:\windows\system32\USER32.dll
0x000007fefeb80000 - 0x000007fefebe7000 	C:\windows\system32\GDI32.dll
0x000007feff6a0000 - 0x000007feff6ae000 	C:\windows\system32\LPK.dll
0x000007fefd5a0000 - 0x000007fefd66a000 	C:\windows\system32\USP10.dll
0x000007fefb8e0000 - 0x000007fefbad4000 	C:\windows\WinSxS\amd64_microsoft.windows.common-controls_6595b64144ccf1df_6.0.7601.18837_none_fa3b1e3d17594757\COMCTL32.dll
0x000007feff5e0000 - 0x000007feff651000 	C:\windows\system32\SHLWAPI.dll
0x000007fefd850000 - 0x000007fefd87e000 	C:\windows\system32\IMM32.DLL
0x000007fefe9d0000 - 0x000007fefead9000 	C:\windows\system32\MSCTF.dll
0x000000006aee0000 - 0x000000006afb2000 	C:\Program Files\Java\jdk1.8.0_92\jre\bin\msvcr100.dll
0x00000000611d0000 - 0x0000000061a66000 	C:\Program Files\Java\jdk1.8.0_92\jre\bin\server\jvm.dll
0x000007fefb150000 - 0x000007fefb159000 	C:\windows\system32\WSOCK32.dll
0x000007feff400000 - 0x000007feff44d000 	C:\windows\system32\WS2_32.dll
0x000007fefe610000 - 0x000007fefe618000 	C:\windows\system32\NSI.dll
0x000007fefd270000 - 0x000007fefd2ab000 	C:\windows\system32\WINMM.dll
0x000007fefc250000 - 0x000007fefc25c000 	C:\windows\system32\VERSION.dll
0x00000000775e0000 - 0x00000000775e7000 	C:\windows\system32\PSAPI.DLL
0x0000000073770000 - 0x000000007377f000 	C:\Program Files\Java\jdk1.8.0_92\jre\bin\verify.dll
0x0000000071490000 - 0x00000000714b9000 	C:\Program Files\Java\jdk1.8.0_92\jre\bin\java.dll
0x0000000072430000 - 0x0000000072446000 	C:\Program Files\Java\jdk1.8.0_92\jre\bin\zip.dll
0x000007fefd880000 - 0x000007fefe609000 	C:\windows\system32\SHELL32.dll
0x000007feff110000 - 0x000007feff313000 	C:\windows\system32\ole32.dll
0x000007fefd0f0000 - 0x000007fefd0ff000 	C:\windows\system32\profapi.dll

VM Arguments:
jvm_args: -Djava.awt.headless=true -Xmx1024M -Dfile.encoding=GBK -Duser.country=CN -Duser.language=zh -Duser.variant 
java_command: com.android.dx.command.Main --dex --force-jumbo --num-threads=4 --output C:\Android\Project\MyGitDroid\app\build\intermediates\pre-dexed\debug\com.android.support-appcompat-v7-24.0.0_a66d829b937f6a5a8f4c6582fd4f88aaf650fa7a.jar C:\Android\Project\MyGitDroid\app\build\intermediates\exploded-aar\com.android.support\appcompat-v7\24.0.0\jars\classes.jar
java_class_path (initial): C:\Android\sdk\build-tools\24.0.1\lib\dx.jar
Launcher Type: SUN_STANDARD

Environment Variables:
JAVA_HOME=C:\Program Files\Java\jdk1.8.0_92
CLASSPATH=.
PATH=C:\Program Files\Java\jdk1.8.0_92\bin;C:\ProgramData\Oracle\Java\javapath;C:\windows\system32;C:\windows;C:\windows\System32\Wbem;C:\windows\System32\WindowsPowerShell\v1.0\;C:\Program Files (x86)\Intel\OpenCL SDK\2.0\bin\x86;C:\Program Files (x86)\Intel\OpenCL SDK\2.0\bin\x64
USERNAME=Administrator
OS=Windows_NT
PROCESSOR_IDENTIFIER=Intel64 Family 6 Model 42 Stepping 7, GenuineIntel



---------------  S Y S T E M  ---------------

OS: Windows 7 , 64 bit Build 7601 (6.1.7601.19135)

CPU:total 4 (4 cores per cpu, 1 threads per core) family 6 model 42 stepping 7, cmov, cx8, fxsr, mmx, sse, sse2, sse3, ssse3, sse4.1, sse4.2, popcnt, avx, aes, clmul, tsc, tscinvbit

Memory: 4k page, physical 4104836k(395908k free), swap 5151576k(5144k free)

vm_info: Java HotSpot(TM) 64-Bit Server VM (25.92-b14) for windows-amd64 JRE (1.8.0_92-b14), built on Mar 31 2016 21:03:04 by "java_re" with MS VC++ 10.0 (VS2010)

time: Thu Jul 28 15:45:30 2016
elapsed time: 4 seconds (0d 0h 0m 4s)

