#
# There is insufficient memory for the Java Runtime Environment to continue.
# Native memory allocation (malloc) failed to allocate 681936 bytes for Chunk::new
# Possible reasons:
#   The system is out of physical RAM or swap space
#   In 32 bit mode, the process size limit was hit
# Possible solutions:
#   Reduce memory load on the system
#   Increase physical memory or swap space
#   Check if swap backing store is full
#   Use 64 bit Java on a 64 bit OS
#   Decrease Java heap size (-Xmx/-Xms)
#   Decrease number of Java threads
#   Decrease Java thread stack sizes (-Xss)
#   Set larger code cache with -XX:ReservedCodeCacheSize=
# This output file may be truncated or incomplete.
#
#  Out of Memory Error (allocation.cpp:390), pid=4040, tid=0x00000000000009e4
#
# JRE version: Java(TM) SE Runtime Environment (8.0_92-b14) (build 1.8.0_92-b14)
# Java VM: Java HotSpot(TM) 64-Bit Server VM (25.92-b14 mixed mode windows-amd64 compressed oops)
# Failed to write core dump. Minidumps are not enabled by default on client versions of Windows
#

---------------  T H R E A D  ---------------

Current thread (0x00000000550ac800):  JavaThread "C2 CompilerThread0" daemon [_thread_in_native, id=2532, stack(0x0000000056990000,0x0000000056a90000)]

Stack: [0x0000000056990000,0x0000000056a90000]
[error occurred during error reporting (printing stack bounds), id 0xc0000005]

Native frames: (J=compiled Java code, j=interpreted, Vv=VM code, C=native code)


Current CompileTask:
C2:  12434 2441       4       com.android.dx.dex.code.LocalList::make (102 bytes)


---------------  P R O C E S S  ---------------

Java Threads: ( => current thread )
  0x00000000565fb800 JavaThread "Service Thread" daemon [_thread_blocked, id=1860, stack(0x0000000057070000,0x0000000057170000)]
  0x000000005658a000 JavaThread "C1 CompilerThread2" daemon [_thread_in_vm, id=4032, stack(0x0000000056e60000,0x0000000056f60000)]
  0x0000000056589000 JavaThread "C2 CompilerThread1" daemon [_thread_in_native, id=980, stack(0x0000000056c10000,0x0000000056d10000)]
=>0x00000000550ac800 JavaThread "C2 CompilerThread0" daemon [_thread_in_native, id=2532, stack(0x0000000056990000,0x0000000056a90000)]
  0x000000005657b000 JavaThread "Attach Listener" daemon [_thread_blocked, id=3908, stack(0x0000000056270000,0x0000000056370000)]
  0x000000005657a800 JavaThread "Signal Dispatcher" daemon [_thread_blocked, id=2428, stack(0x0000000056b10000,0x0000000056c10000)]
  0x0000000055083800 JavaThread "Finalizer" daemon [_thread_blocked, id=2824, stack(0x0000000056470000,0x0000000056570000)]
  0x0000000055042000 JavaThread "Reference Handler" daemon [_thread_blocked, id=708, stack(0x0000000056370000,0x0000000056470000)]
  0x000000000261f000 JavaThread "main" [_thread_in_vm, id=3276, stack(0x0000000002800000,0x0000000002900000)]

Other Threads:
  0x000000005503a800 VMThread [stack: 0x0000000056170000,0x0000000056270000] [id=1268]
  0x0000000056648000 WatcherThread [stack: 0x0000000056d50000,0x0000000056e50000] [id=2220]

VM state:not at safepoint (normal execution)

VM Mutex/Monitor currently owned by a thread: None

Heap:
 PSYoungGen      total 68096K, used 12497K [0x00000000eab00000, 0x00000000f1a80000, 0x0000000100000000)
  eden space 52224K, 23% used [0x00000000eab00000,0x00000000eb734540,0x00000000ede00000)
  from space 15872K, 0% used [0x00000000ede00000,0x00000000ede00000,0x00000000eed80000)
  to   space 18944K, 0% used [0x00000000f0800000,0x00000000f0800000,0x00000000f1a80000)
 ParOldGen       total 92160K, used 47398K [0x00000000c0000000, 0x00000000c5a00000, 0x00000000eab00000)
  object space 92160K, 51% used [0x00000000c0000000,0x00000000c2e498a0,0x00000000c5a00000)
 Metaspace       used 6919K, capacity 7608K, committed 7936K, reserved 1058816K
  class space    used 646K, capacity 688K, committed 768K, reserved 1048576K

Card table byte_map: [0x0000000011cc0000,0x0000000011ed0000] byte_map_base: 0x00000000116c0000

Marking Bits: (ParMarkBitMap*) 0x00000000619e64f0
 Begin Bits: [0x00000000124b0000, 0x00000000134b0000)
 End Bits:   [0x00000000134b0000, 0x00000000144b0000)

Polling page: 0x0000000000170000

CodeCache: size=245760Kb used=12080Kb max_used=12080Kb free=233680Kb
 bounds [0x0000000002900000, 0x00000000034e0000, 0x0000000011900000]
 total_blobs=2747 nmethods=2474 adapters=183
 compilation: enabled

Compilation events (10 events):
Event: 12.428 Thread 0x000000005658a000 2536       1       com.android.dx.dex.code.LocalList$Entry::getType (5 bytes)
Event: 12.428 Thread 0x000000005658a000 nmethod 2536 0x00000000034bfc50 code [0x00000000034bfda0, 0x00000000034bfeb0]
Event: 12.429 Thread 0x000000005658a000 2537       3       com.android.dx.util.ByteArrayAnnotatedOutput::<init> (54 bytes)
Event: 12.429 Thread 0x000000005658a000 nmethod 2537 0x00000000034d4d50 code [0x00000000034d4ec0, 0x00000000034d51c8]
Event: 12.429 Thread 0x000000005658a000 2538       3       com.android.dx.dex.file.TypeIdsSection::indexOf (23 bytes)
Event: 12.429 Thread 0x000000005658a000 nmethod 2538 0x00000000034d52d0 code [0x00000000034d5460, 0x00000000034d57d8]
Event: 12.430 Thread 0x000000005658a000 2539       3       com.android.dx.dex.file.DebugInfoEncoder::emitUnsignedLeb128 (41 bytes)
Event: 12.430 Thread 0x000000005658a000 nmethod 2539 0x00000000034d5910 code [0x00000000034d5b20, 0x00000000034d64d8]
Event: 12.430 Thread 0x000000005658a000 2540       3       com.android.dx.util.ByteArrayAnnotatedOutput::writeSleb128 (34 bytes)
Event: 12.431 Thread 0x000000005658a000 nmethod 2540 0x00000000034d6950 code [0x00000000034d6ac0, 0x00000000034d6cf8]

GC Heap History (10 events):
Event: 9.329 GC heap before
{Heap before GC invocations=7 (full 1):
 PSYoungGen      total 54784K, used 2554K [0x00000000eab00000, 0x00000000f4a00000, 0x0000000100000000)
  eden space 52224K, 0% used [0x00000000eab00000,0x00000000eab00000,0x00000000ede00000)
  from space 2560K, 99% used [0x00000000eed80000,0x00000000eeffe928,0x00000000ef000000)
  to   space 15872K, 0% used [0x00000000ede00000,0x00000000ede00000,0x00000000eed80000)
 ParOldGen       total 44032K, used 33709K [0x00000000c0000000, 0x00000000c2b00000, 0x00000000eab00000)
  object space 44032K, 76% used [0x00000000c0000000,0x00000000c20eb468,0x00000000c2b00000)
 Metaspace       used 6543K, capacity 7256K, committed 7424K, reserved 1056768K
  class space    used 626K, capacity 656K, committed 768K, reserved 1048576K
Event: 9.593 GC heap after
Heap after GC invocations=7 (full 1):
 PSYoungGen      total 54784K, used 0K [0x00000000eab00000, 0x00000000f4a00000, 0x0000000100000000)
  eden space 52224K, 0% used [0x00000000eab00000,0x00000000eab00000,0x00000000ede00000)
  from space 2560K, 0% used [0x00000000eed80000,0x00000000eed80000,0x00000000ef000000)
  to   space 15872K, 0% used [0x00000000ede00000,0x00000000ede00000,0x00000000eed80000)
 ParOldGen       total 67584K, used 33545K [0x00000000c0000000, 0x00000000c4200000, 0x00000000eab00000)
  object space 67584K, 49% used [0x00000000c0000000,0x00000000c20c2688,0x00000000c4200000)
 Metaspace       used 6543K, capacity 7256K, committed 7424K, reserved 1056768K
  class space    used 626K, capacity 656K, committed 768K, reserved 1048576K
}
Event: 10.706 GC heap before
{Heap before GC invocations=8 (full 1):
 PSYoungGen      total 54784K, used 52224K [0x00000000eab00000, 0x00000000f4a00000, 0x0000000100000000)
  eden space 52224K, 100% used [0x00000000eab00000,0x00000000ede00000,0x00000000ede00000)
  from space 2560K, 0% used [0x00000000eed80000,0x00000000eed80000,0x00000000ef000000)
  to   space 15872K, 0% used [0x00000000ede00000,0x00000000ede00000,0x00000000eed80000)
 ParOldGen       total 67584K, used 33545K [0x00000000c0000000, 0x00000000c4200000, 0x00000000eab00000)
  object space 67584K, 49% used [0x00000000c0000000,0x00000000c20c2688,0x00000000c4200000)
 Metaspace       used 6550K, capacity 7256K, committed 7424K, reserved 1056768K
  class space    used 626K, capacity 656K, committed 768K, reserved 1048576K
Event: 10.983 GC heap after
Heap after GC invocations=8 (full 1):
 PSYoungGen      total 68096K, used 7387K [0x00000000eab00000, 0x00000000f2380000, 0x0000000100000000)
  eden space 52224K, 0% used [0x00000000eab00000,0x00000000eab00000,0x00000000ede00000)
  from space 15872K, 46% used [0x00000000ede00000,0x00000000ee536df0,0x00000000eed80000)
  to   space 14848K, 0% used [0x00000000f1500000,0x00000000f1500000,0x00000000f2380000)
 ParOldGen       total 67584K, used 33545K [0x00000000c0000000, 0x00000000c4200000, 0x00000000eab00000)
  object space 67584K, 49% used [0x00000000c0000000,0x00000000c20c2688,0x00000000c4200000)
 Metaspace       used 6550K, capacity 7256K, committed 7424K, reserved 1056768K
  class space    used 626K, capacity 656K, committed 768K, reserved 1048576K
}
Event: 11.528 GC heap before
{Heap before GC invocations=9 (full 1):
 PSYoungGen      total 68096K, used 59611K [0x00000000eab00000, 0x00000000f2380000, 0x0000000100000000)
  eden space 52224K, 100% used [0x00000000eab00000,0x00000000ede00000,0x00000000ede00000)
  from space 15872K, 46% used [0x00000000ede00000,0x00000000ee536df0,0x00000000eed80000)
  to   space 14848K, 0% used [0x00000000f1500000,0x00000000f1500000,0x00000000f2380000)
 ParOldGen       total 67584K, used 33545K [0x00000000c0000000, 0x00000000c4200000, 0x00000000eab00000)
  object space 67584K, 49% used [0x00000000c0000000,0x00000000c20c2688,0x00000000c4200000)
 Metaspace       used 6562K, capacity 7256K, committed 7424K, reserved 1056768K
  class space    used 628K, capacity 656K, committed 768K, reserved 1048576K
Event: 11.541 GC heap after
Heap after GC invocations=9 (full 1):
 PSYoungGen      total 67072K, used 14817K [0x00000000eab00000, 0x00000000f2380000, 0x0000000100000000)
  eden space 52224K, 0% used [0x00000000eab00000,0x00000000eab00000,0x00000000ede00000)
  from space 14848K, 99% used [0x00000000f1500000,0x00000000f2378758,0x00000000f2380000)
  to   space 15872K, 0% used [0x00000000ede00000,0x00000000ede00000,0x00000000eed80000)
 ParOldGen       total 67584K, used 33761K [0x00000000c0000000, 0x00000000c4200000, 0x00000000eab00000)
  object space 67584K, 49% used [0x00000000c0000000,0x00000000c20f84e0,0x00000000c4200000)
 Metaspace       used 6562K, capacity 7256K, committed 7424K, reserved 1056768K
  class space    used 628K, capacity 656K, committed 768K, reserved 1048576K
}
Event: 11.739 GC heap before
{Heap before GC invocations=10 (full 1):
 PSYoungGen      total 67072K, used 19980K [0x00000000eab00000, 0x00000000f2380000, 0x0000000100000000)
  eden space 52224K, 9% used [0x00000000eab00000,0x00000000eb00aaa0,0x00000000ede00000)
  from space 14848K, 99% used [0x00000000f1500000,0x00000000f2378758,0x00000000f2380000)
  to   space 15872K, 0% used [0x00000000ede00000,0x00000000ede00000,0x00000000eed80000)
 ParOldGen       total 67584K, used 33761K [0x00000000c0000000, 0x00000000c4200000, 0x00000000eab00000)
  object space 67584K, 49% used [0x00000000c0000000,0x00000000c20f84e0,0x00000000c4200000)
 Metaspace       used 6637K, capacity 7256K, committed 7424K, reserved 1060864K
  class space    used 632K, capacity 656K, committed 768K, reserved 1048576K
Event: 11.756 GC heap after
Heap after GC invocations=10 (full 1):
 PSYoungGen      total 68096K, used 15250K [0x00000000eab00000, 0x00000000f1a80000, 0x0000000100000000)
  eden space 52224K, 0% used [0x00000000eab00000,0x00000000eab00000,0x00000000ede00000)
  from space 15872K, 96% used [0x00000000ede00000,0x00000000eece4830,0x00000000eed80000)
  to   space 18944K, 0% used [0x00000000f0800000,0x00000000f0800000,0x00000000f1a80000)
 ParOldGen       total 67584K, used 33761K [0x00000000c0000000, 0x00000000c4200000, 0x00000000eab00000)
  object space 67584K, 49% used [0x00000000c0000000,0x00000000c20f84e0,0x00000000c4200000)
 Metaspace       used 6637K, capacity 7256K, committed 7424K, reserved 1060864K
  class space    used 632K, capacity 656K, committed 768K, reserved 1048576K
}
Event: 11.756 GC heap before
{Heap before GC invocations=11 (full 2):
 PSYoungGen      total 68096K, used 15250K [0x00000000eab00000, 0x00000000f1a80000, 0x0000000100000000)
  eden space 52224K, 0% used [0x00000000eab00000,0x00000000eab00000,0x00000000ede00000)
  from space 15872K, 96% used [0x00000000ede00000,0x00000000eece4830,0x00000000eed80000)
  to   space 18944K, 0% used [0x00000000f0800000,0x00000000f0800000,0x00000000f1a80000)
 ParOldGen       total 67584K, used 33761K [0x00000000c0000000, 0x00000000c4200000, 0x00000000eab00000)
  object space 67584K, 49% used [0x00000000c0000000,0x00000000c20f84e0,0x00000000c4200000)
 Metaspace       used 6637K, capacity 7256K, committed 7424K, reserved 1060864K
  class space    used 632K, capacity 656K, committed 768K, reserved 1048576K
Event: 12.165 GC heap after
Heap after GC invocations=11 (full 2):
 PSYoungGen      total 68096K, used 0K [0x00000000eab00000, 0x00000000f1a80000, 0x0000000100000000)
  eden space 52224K, 0% used [0x00000000eab00000,0x00000000eab00000,0x00000000ede00000)
  from space 15872K, 0% used [0x00000000ede00000,0x00000000ede00000,0x00000000eed80000)
  to   space 18944K, 0% used [0x00000000f0800000,0x00000000f0800000,0x00000000f1a80000)
 ParOldGen       total 92160K, used 47398K [0x00000000c0000000, 0x00000000c5a00000, 0x00000000eab00000)
  object space 92160K, 51% used [0x00000000c0000000,0x00000000c2e498a0,0x00000000c5a00000)
 Metaspace       used 6637K, capacity 7256K, committed 7424K, reserved 1058816K
  class space    used 632K, capacity 656K, committed 768K, reserved 1048576K
}

Deoptimization events (10 events):
Event: 11.548 Thread 0x000000000261f000 Uncommon trap: reason=class_check action=maybe_recompile pc=0x0000000002d75eb8 method=java.util.Arrays.hashCode([Ljava/lang/Object;)I @ 43
Event: 11.548 Thread 0x000000000261f000 Uncommon trap: reason=class_check action=maybe_recompile pc=0x0000000002d669b4 method=java.util.Arrays.hashCode([Ljava/lang/Object;)I @ 43
Event: 12.214 Thread 0x000000000261f000 Uncommon trap: reason=speculate_class_check action=maybe_recompile pc=0x0000000002cabb7c method=com.android.dx.util.FixedSizeList.equals(Ljava/lang/Object;)Z @ 25
Event: 12.236 Thread 0x000000000261f000 Uncommon trap: reason=speculate_class_check action=maybe_recompile pc=0x0000000002cabb7c method=com.android.dx.util.FixedSizeList.equals(Ljava/lang/Object;)Z @ 25
Event: 12.236 Thread 0x000000000261f000 Uncommon trap: reason=speculate_class_check action=maybe_recompile pc=0x0000000002cabb7c method=com.android.dx.util.FixedSizeList.equals(Ljava/lang/Object;)Z @ 25
Event: 12.236 Thread 0x000000000261f000 Uncommon trap: reason=speculate_class_check action=maybe_recompile pc=0x0000000002cabb7c method=com.android.dx.util.FixedSizeList.equals(Ljava/lang/Object;)Z @ 25
Event: 12.275 Thread 0x000000000261f000 Uncommon trap: reason=unstable_if action=reinterpret pc=0x0000000002edb760 method=java.util.TreeMap.put(Ljava/lang/Object;Ljava/lang/Object;)Ljava/lang/Object; @ 163
Event: 12.276 Thread 0x000000000261f000 Uncommon trap: reason=unstable_if action=reinterpret pc=0x00000000030e1458 method=com.android.dx.rop.code.RegisterSpecSet.equals(Ljava/lang/Object;)Z @ 30
Event: 12.284 Thread 0x000000000261f000 Uncommon trap: reason=unstable_if action=reinterpret pc=0x0000000003434550 method=com.android.dx.rop.code.RegisterSpec.matchesVariable(Lcom/android/dx/rop/code/RegisterSpec;)Z @ 59
Event: 12.413 Thread 0x000000000261f000 Uncommon trap: reason=unstable_if action=reinterpret pc=0x0000000003075e48 method=java.util.ArrayList.<init>(I)V @ 5

Internal exceptions (7 events):
Event: 0.062 Thread 0x000000000261f000 Exception <a 'java/lang/NoSuchMethodError': Method sun.misc.Unsafe.defineClass(Ljava/lang/String;[BII)Ljava/lang/Class; name or signature does not match> (0x00000000eab07cc0) thrown at [D:\re\workspace\8-2-build-windows-amd64-cygwin\jdk8u92\6642\hotspot\srÔ¯ÒÉ*›¯?
Event: 0.062 Thread 0x000000000261f000 Exception <a 'java/lang/NoSuchMethodError': Method sun.misc.Unsafe.prefetchRead(Ljava/lang/Object;J)V name or signature does not match> (0x00000000eab07fa8) thrown at [D:\re\workspace\8-2-build-windows-amd64-cygwin\jdk8u92\6642\hotspot\src\share\vm\prims\jbÿ´Í@
Event: 2.725 Thread 0x00000000568a7000 Implicit null exception at 0x0000000002ef0d02 to 0x0000000002ef36b5
Event: 8.952 Thread 0x0000000056834800 Exception <a 'java/lang/ArrayIndexOutOfBoundsException': 18> (0x00000000eb92e780) thrown at [D:\re\workspace\8-2-build-windows-amd64-cygwin\jdk8u92\6642\hotspot\src\share\vm\interpreter\interpreterRuntime.cpp, line 366]
Event: 8.952 Thread 0x0000000056834800 Exception <a 'java/lang/ArrayIndexOutOfBoundsException': 145> (0x00000000eb930300) thrown at [D:\re\workspace\8-2-build-windows-amd64-cygwin\jdk8u92\6642\hotspot\src\share\vm\interpreter\interpreterRuntime.cpp, line 366]
Event: 8.977 Thread 0x0000000056834800 Exception <a 'java/lang/ArrayIndexOutOfBoundsException'> (0x00000000eb9315e8) thrown at [D:\re\workspace\8-2-build-windows-amd64-cygwin\jdk8u92\6642\hotspot\src\share\vm\runtime\sharedRuntime.cpp, line 605]
Event: 9.054 Thread 0x000000000261f000 Implicit null exception at 0x000000000320c3bb to 0x000000000320da55

Events (10 events):
Event: 12.370 Thread 0x000000000261f000 DEOPT UNPACKING pc=0x000000000294787f sp=0x00000000028fed80 mode 0
Event: 12.411 loading class com/android/dx/dex/file/DebugInfoEncoder
Event: 12.411 loading class com/android/dx/dex/file/DebugInfoEncoder done
Event: 12.412 loading class com/android/dx/dex/file/DebugInfoEncoder$1
Event: 12.412 loading class com/android/dx/dex/file/DebugInfoEncoder$1 done
Event: 12.413 loading class com/android/dx/dex/file/DebugInfoEncoder$2
Event: 12.413 loading class com/android/dx/dex/file/DebugInfoEncoder$2 done
Event: 12.413 Thread 0x000000000261f000 Uncommon trap: trap_request=0xffffff65 fr.pc=0x0000000003075e48
Event: 12.413 Thread 0x000000000261f000 DEOPT PACKING pc=0x0000000003075e48 sp=0x00000000028feec0
Event: 12.413 Thread 0x000000000261f000 DEOPT UNPACKING pc=0x000000000294582a sp=0x00000000028fee68 mode 2


Dynamic libraries:
0x000000013f970000 - 0x000000013f9a7000 	C:\Program Files\Java\jdk1.8.0_92\bin\java.exe
0x0000000077420000 - 0x00000000775ca000 	C:\windows\SYSTEM32\ntdll.dll
0x0000000077200000 - 0x000000007731f000 	C:\windows\system32\kernel32.dll
0x000007fefd1d0000 - 0x000007fefd23b000 	C:\windows\system32\KERNELBASE.dll
0x000007feff320000 - 0x000007feff3fb000 	C:\windows\system32\ADVAPI32.dll
0x000007fefe930000 - 0x000007fefe9cf000 	C:\windows\system32\msvcrt.dll
0x000007feff680000 - 0x000007feff69f000 	C:\windows\SYSTEM32\sechost.dll
0x000007feff450000 - 0x000007feff57d000 	C:\windows\system32\RPCRT4.dll
0x0000000077320000 - 0x000000007741a000 	C:\windows\system32\USER32.dll
0x000007fefeb80000 - 0x000007fefebe7000 	C:\windows\system32\GDI32.dll
0x000007feff6a0000 - 0x000007feff6ae000 	C:\windows\system32\LPK.dll
0x000007fefd5a0000 - 0x000007fefd66a000 	C:\windows\system32\USP10.dll
0x000007fefb8e0000 - 0x000007fefbad4000 	C:\windows\WinSxS\amd64_microsoft.windows.common-controls_6595b64144ccf1df_6.0.7601.18837_none_fa3b1e3d17594757\COMCTL32.dll
0x000007feff5e0000 - 0x000007feff651000 	C:\windows\system32\SHLWAPI.dll
0x000007fefd850000 - 0x000007fefd87e000 	C:\windows\system32\IMM32.DLL
0x000007fefe9d0000 - 0x000007fefead9000 	C:\windows\system32\MSCTF.dll
0x000000006aee0000 - 0x000000006afb2000 	C:\Program Files\Java\jdk1.8.0_92\jre\bin\msvcr100.dll
0x00000000611d0000 - 0x0000000061a66000 	C:\Program Files\Java\jdk1.8.0_92\jre\bin\server\jvm.dll
0x000007fefb150000 - 0x000007fefb159000 	C:\windows\system32\WSOCK32.dll
0x000007feff400000 - 0x000007feff44d000 	C:\windows\system32\WS2_32.dll
0x000007fefe610000 - 0x000007fefe618000 	C:\windows\system32\NSI.dll
0x000007fefd270000 - 0x000007fefd2ab000 	C:\windows\system32\WINMM.dll
0x000007fefc250000 - 0x000007fefc25c000 	C:\windows\system32\VERSION.dll
0x00000000775e0000 - 0x00000000775e7000 	C:\windows\system32\PSAPI.DLL
0x0000000073770000 - 0x000000007377f000 	C:\Program Files\Java\jdk1.8.0_92\jre\bin\verify.dll
0x0000000071490000 - 0x00000000714b9000 	C:\Program Files\Java\jdk1.8.0_92\jre\bin\java.dll
0x0000000072430000 - 0x0000000072446000 	C:\Program Files\Java\jdk1.8.0_92\jre\bin\zip.dll
0x000007fefd880000 - 0x000007fefe609000 	C:\windows\system32\SHELL32.dll
0x000007feff110000 - 0x000007feff313000 	C:\windows\system32\ole32.dll
0x000007fefd0f0000 - 0x000007fefd0ff000 	C:\windows\system32\profapi.dll

VM Arguments:
jvm_args: -Djava.awt.headless=true -Xmx1024M -Dfile.encoding=GBK -Duser.country=CN -Duser.language=zh -Duser.variant 
java_command: com.android.dx.command.Main --dex --force-jumbo --num-threads=4 --output C:\Android\Project\MyGitDroid\app\build\intermediates\pre-dexed\debug\com.android.support-appcompat-v7-24.0.0_a66d829b937f6a5a8f4c6582fd4f88aaf650fa7a.jar C:\Android\Project\MyGitDroid\app\build\intermediates\exploded-aar\com.android.support\appcompat-v7\24.0.0\jars\classes.jar
java_class_path (initial): C:\Android\sdk\build-tools\24.0.1\lib\dx.jar
Launcher Type: SUN_STANDARD

Environment Variables:
JAVA_HOME=C:\Program Files\Java\jdk1.8.0_92
CLASSPATH=.
PATH=C:\Program Files\Java\jdk1.8.0_92\bin;C:\ProgramData\Oracle\Java\javapath;C:\windows\system32;C:\windows;C:\windows\System32\Wbem;C:\windows\System32\WindowsPowerShell\v1.0\;C:\Program Files (x86)\Intel\OpenCL SDK\2.0\bin\x86;C:\Program Files (x86)\Intel\OpenCL SDK\2.0\bin\x64
USERNAME=Administrator
OS=Windows_NT
PROCESSOR_IDENTIFIER=Intel64 Family 6 Model 42 Stepping 7, GenuineIntel



---------------  S Y S T E M  ---------------

OS: Windows 7 , 64 bit Build 7601 (6.1.7601.19135)

CPU:total 4 (4 cores per cpu, 1 threads per core) family 6 model 42 stepping 7, cmov, cx8, fxsr, mmx, sse, sse2, sse3, ssse3, sse4.1, sse4.2, popcnt, avx, aes, clmul, tsc, tscinvbit

Memory: 4k page, physical 4104836k(481208k free), swap 5151576k(5508k free)

vm_info: Java HotSpot(TM) 64-Bit Server VM (25.92-b14) for windows-amd64 JRE (1.8.0_92-b14), built on Mar 31 2016 21:03:04 by "java_re" with MS VC++ 10.0 (VS2010)

time: Thu Jul 28 15:50:25 2016
elapsed time: 12 seconds (0d 0h 0m 12s)

