#
# There is insufficient memory for the Java Runtime Environment to continue.
# Native memory allocation (malloc) failed to allocate 847056 bytes for Chunk::new
# Possible reasons:
#   The system is out of physical RAM or swap space
#   In 32 bit mode, the process size limit was hit
# Possible solutions:
#   Reduce memory load on the system
#   Increase physical memory or swap space
#   Check if swap backing store is full
#   Use 64 bit Java on a 64 bit OS
#   Decrease Java heap size (-Xmx/-Xms)
#   Decrease number of Java threads
#   Decrease Java thread stack sizes (-Xss)
#   Set larger code cache with -XX:ReservedCodeCacheSize=
# This output file may be truncated or incomplete.
#
#  Out of Memory Error (allocation.cpp:390), pid=9044, tid=0x00000000000021d8
#
# JRE version: Java(TM) SE Runtime Environment (8.0_92-b14) (build 1.8.0_92-b14)
# Java VM: Java HotSpot(TM) 64-Bit Server VM (25.92-b14 mixed mode windows-amd64 compressed oops)
# Failed to write core dump. Minidumps are not enabled by default on client versions of Windows
#

---------------  T H R E A D  ---------------

Current thread (0x0000000056555000):  JavaThread "C2 CompilerThread1" daemon [_thread_in_native, id=8664, stack(0x0000000056940000,0x0000000056a40000)]

Stack: [0x0000000056940000,0x0000000056a40000]
[error occurred during error reporting (printing stack bounds), id 0xc0000005]

Native frames: (J=compiled Java code, j=interpreted, Vv=VM code, C=native code)


Current CompileTask:
C2:   7734 2093   !   4       com.android.dx.cf.code.RopperMachine::run (1550 bytes)


---------------  P R O C E S S  ---------------

Java Threads: ( => current thread )
  0x0000000056800000 JavaThread "pool-1-thread-4" [_thread_in_Java, id=8504, stack(0x0000000057810000,0x0000000057910000)]
  0x00000000567f1800 JavaThread "pool-1-thread-3" [_thread_blocked, id=8472, stack(0x00000000576a0000,0x00000000577a0000)]
  0x00000000567ef800 JavaThread "pool-1-thread-2" [_thread_blocked, id=8672, stack(0x0000000057450000,0x0000000057550000)]
  0x00000000566ee800 JavaThread "pool-2-thread-1" [_thread_blocked, id=8704, stack(0x00000000570f0000,0x00000000571f0000)]
  0x00000000566ec800 JavaThread "pool-1-thread-1" [_thread_blocked, id=8264, stack(0x0000000057270000,0x0000000057370000)]
  0x0000000056560000 JavaThread "Service Thread" daemon [_thread_blocked, id=8596, stack(0x0000000056eb0000,0x0000000056fb0000)]
  0x0000000056556000 JavaThread "C1 CompilerThread2" daemon [_thread_blocked, id=8628, stack(0x0000000056db0000,0x0000000056eb0000)]
=>0x0000000056555000 JavaThread "C2 CompilerThread1" daemon [_thread_in_native, id=8664, stack(0x0000000056940000,0x0000000056a40000)]
  0x000000005521c800 JavaThread "C2 CompilerThread0" daemon [_thread_in_native, id=8180, stack(0x0000000056bb0000,0x0000000056cb0000)]
  0x000000005654b000 JavaThread "Attach Listener" daemon [_thread_blocked, id=8128, stack(0x0000000056cb0000,0x0000000056db0000)]
  0x000000005654a800 JavaThread "Signal Dispatcher" daemon [_thread_blocked, id=8620, stack(0x0000000056a40000,0x0000000056b40000)]
  0x00000000551f3800 JavaThread "Finalizer" daemon [_thread_blocked, id=7404, stack(0x0000000056440000,0x0000000056540000)]
  0x00000000551b2000 JavaThread "Reference Handler" daemon [_thread_blocked, id=7416, stack(0x0000000056310000,0x0000000056410000)]
  0x000000000029f000 JavaThread "main" [_thread_in_native, id=6880, stack(0x00000000027a0000,0x00000000028a0000)]

Other Threads:
  0x00000000551aa000 VMThread [stack: 0x00000000561e0000,0x00000000562e0000] [id=7604]
  0x00000000565e7800 WatcherThread [stack: 0x0000000056fe0000,0x00000000570e0000] [id=8624]

VM state:at safepoint (normal execution)

VM Mutex/Monitor currently owned by a thread:  ([mutex/lock_event])
[0x000000000029c210] Threads_lock - owner thread: 0x00000000551aa000
[0x000000000029c710] Heap_lock - owner thread: 0x0000000056800000

Heap:
 PSYoungGen      total 64000K, used 63994K [0x00000000eab00000, 0x00000000f3580000, 0x0000000100000000)
  eden space 53760K, 100% used [0x00000000eab00000,0x00000000edf80000,0x00000000edf80000)
  from space 10240K, 99% used [0x00000000ef500000,0x00000000efefebb8,0x00000000eff00000)
  to   space 22016K, 0% used [0x00000000edf80000,0x00000000edf80000,0x00000000ef500000)
 ParOldGen       total 60416K, used 25541K [0x00000000c0000000, 0x00000000c3b00000, 0x00000000eab00000)
  object space 60416K, 42% used [0x00000000c0000000,0x00000000c18f1678,0x00000000c3b00000)
 Metaspace       used 6159K, capacity 7152K, committed 7296K, reserved 1056768K
  class space    used 594K, capacity 616K, committed 640K, reserved 1048576K

Card table byte_map: [0x0000000011c60000,0x0000000011e70000] byte_map_base: 0x0000000011660000

Marking Bits: (ParMarkBitMap*) 0x00000000623b64f0
 Begin Bits: [0x0000000012620000, 0x0000000013620000)
 End Bits:   [0x0000000013620000, 0x0000000014620000)

Polling page: 0x0000000000260000

CodeCache: size=245760Kb used=9709Kb max_used=9860Kb free=236050Kb
 bounds [0x00000000028a0000, 0x0000000003250000, 0x00000000118a0000]
 total_blobs=2194 nmethods=1928 adapters=177
 compilation: enabled

Compilation events (10 events):
Event: 7.658 Thread 0x000000005521c800 nmethod 2096 0x0000000002a63590 code [0x0000000002a636e0, 0x0000000002a63978]
Event: 7.658 Thread 0x000000005521c800 2095       4       com.android.dx.ssa.DeadCodeRemover::run (194 bytes)
Event: 7.666 Thread 0x0000000056556000 2098 %     3       com.android.dx.ssa.SsaMethod::forEachBlockDepthFirstDom @ 32 (128 bytes)
Event: 7.668 Thread 0x0000000056556000 nmethod 2098% 0x00000000029ee110 code [0x00000000029ee460, 0x00000000029f0578]
Event: 7.671 Thread 0x0000000056556000 2099       3       com.android.dx.ssa.SsaMethod$1::visitMoveInsn (17 bytes)
Event: 7.671 Thread 0x0000000056556000 nmethod 2099 0x00000000029d3050 code [0x00000000029d31c0, 0x00000000029d35b0]
Event: 7.696 Thread 0x0000000056556000 2102       3       com.android.dx.dex.file.AnnotationUtils::makeSignature (251 bytes)
Event: 7.698 Thread 0x0000000056556000 nmethod 2102 0x00000000029e9410 code [0x00000000029e9860, 0x00000000029ec248]
Event: 7.698 Thread 0x0000000056556000 2103       3       com.android.dx.dex.file.ValueEncoder::addContents (75 bytes)
Event: 7.699 Thread 0x0000000056556000 nmethod 2103 0x0000000002a35b50 code [0x0000000002a35e00, 0x0000000002a37418]

GC Heap History (10 events):
Event: 3.448 GC heap before
{Heap before GC invocations=5 (full 0):
 PSYoungGen      total 35328K, used 35299K [0x00000000eab00000, 0x00000000ed000000, 0x0000000100000000)
  eden space 32768K, 100% used [0x00000000eab00000,0x00000000ecb00000,0x00000000ecb00000)
  from space 2560K, 98% used [0x00000000ecd80000,0x00000000ecff8f08,0x00000000ed000000)
  to   space 2560K, 0% used [0x00000000ecb00000,0x00000000ecb00000,0x00000000ecd80000)
 ParOldGen       total 44032K, used 10226K [0x00000000c0000000, 0x00000000c2b00000, 0x00000000eab00000)
  object space 44032K, 23% used [0x00000000c0000000,0x00000000c09fca68,0x00000000c2b00000)
 Metaspace       used 5998K, capacity 7024K, committed 7296K, reserved 1056768K
  class space    used 591K, capacity 616K, committed 640K, reserved 1048576K
Event: 3.476 GC heap after
Heap after GC invocations=5 (full 0):
 PSYoungGen      total 35328K, used 2546K [0x00000000eab00000, 0x00000000eff00000, 0x0000000100000000)
  eden space 32768K, 0% used [0x00000000eab00000,0x00000000eab00000,0x00000000ecb00000)
  from space 2560K, 99% used [0x00000000ecb00000,0x00000000ecd7cbb0,0x00000000ecd80000)
  to   space 10240K, 0% used [0x00000000ef500000,0x00000000ef500000,0x00000000eff00000)
 ParOldGen       total 44032K, used 19594K [0x00000000c0000000, 0x00000000c2b00000, 0x00000000eab00000)
  object space 44032K, 44% used [0x00000000c0000000,0x00000000c1322820,0x00000000c2b00000)
 Metaspace       used 5998K, capacity 7024K, committed 7296K, reserved 1056768K
  class space    used 591K, capacity 616K, committed 640K, reserved 1048576K
}
Event: 3.675 GC heap before
{Heap before GC invocations=6 (full 0):
 PSYoungGen      total 35328K, used 35314K [0x00000000eab00000, 0x00000000eff00000, 0x0000000100000000)
  eden space 32768K, 100% used [0x00000000eab00000,0x00000000ecb00000,0x00000000ecb00000)
  from space 2560K, 99% used [0x00000000ecb00000,0x00000000ecd7cbb0,0x00000000ecd80000)
  to   space 10240K, 0% used [0x00000000ef500000,0x00000000ef500000,0x00000000eff00000)
 ParOldGen       total 44032K, used 19594K [0x00000000c0000000, 0x00000000c2b00000, 0x00000000eab00000)
  object space 44032K, 44% used [0x00000000c0000000,0x00000000c1322820,0x00000000c2b00000)
 Metaspace       used 6014K, capacity 7024K, committed 7296K, reserved 1056768K
  class space    used 592K, capacity 616K, committed 640K, reserved 1048576K
Event: 3.784 GC heap after
Heap after GC invocations=6 (full 0):
 PSYoungGen      total 72192K, used 10239K [0x00000000eab00000, 0x00000000f0600000, 0x0000000100000000)
  eden space 61952K, 0% used [0x00000000eab00000,0x00000000eab00000,0x00000000ee780000)
  from space 10240K, 99% used [0x00000000ef500000,0x00000000efefff68,0x00000000eff00000)
  to   space 13824K, 0% used [0x00000000ee780000,0x00000000ee780000,0x00000000ef500000)
 ParOldGen       total 44032K, used 22822K [0x00000000c0000000, 0x00000000c2b00000, 0x00000000eab00000)
  object space 44032K, 51% used [0x00000000c0000000,0x00000000c1649958,0x00000000c2b00000)
 Metaspace       used 6014K, capacity 7024K, committed 7296K, reserved 1056768K
  class space    used 592K, capacity 616K, committed 640K, reserved 1048576K
}
Event: 4.970 GC heap before
{Heap before GC invocations=7 (full 0):
 PSYoungGen      total 72192K, used 72191K [0x00000000eab00000, 0x00000000f0600000, 0x0000000100000000)
  eden space 61952K, 100% used [0x00000000eab00000,0x00000000ee780000,0x00000000ee780000)
  from space 10240K, 99% used [0x00000000ef500000,0x00000000efefff68,0x00000000eff00000)
  to   space 13824K, 0% used [0x00000000ee780000,0x00000000ee780000,0x00000000ef500000)
 ParOldGen       total 44032K, used 22822K [0x00000000c0000000, 0x00000000c2b00000, 0x00000000eab00000)
  object space 44032K, 51% used [0x00000000c0000000,0x00000000c1649958,0x00000000c2b00000)
 Metaspace       used 6045K, capacity 7024K, committed 7296K, reserved 1056768K
  class space    used 593K, capacity 616K, committed 640K, reserved 1048576K
Event: 5.245 GC heap after
Heap after GC invocations=7 (full 0):
 PSYoungGen      total 75776K, used 13796K [0x00000000eab00000, 0x00000000f0600000, 0x0000000100000000)
  eden space 61952K, 0% used [0x00000000eab00000,0x00000000eab00000,0x00000000ee780000)
  from space 13824K, 99% used [0x00000000ee780000,0x00000000ef4f9080,0x00000000ef500000)
  to   space 10240K, 0% used [0x00000000ef500000,0x00000000ef500000,0x00000000eff00000)
 ParOldGen       total 44032K, used 37860K [0x00000000c0000000, 0x00000000c2b00000, 0x00000000eab00000)
  object space 44032K, 85% used [0x00000000c0000000,0x00000000c24f9218,0x00000000c2b00000)
 Metaspace       used 6045K, capacity 7024K, committed 7296K, reserved 1056768K
  class space    used 593K, capacity 616K, committed 640K, reserved 1048576K
}
Event: 5.245 GC heap before
{Heap before GC invocations=8 (full 1):
 PSYoungGen      total 75776K, used 13796K [0x00000000eab00000, 0x00000000f0600000, 0x0000000100000000)
  eden space 61952K, 0% used [0x00000000eab00000,0x00000000eab00000,0x00000000ee780000)
  from space 13824K, 99% used [0x00000000ee780000,0x00000000ef4f9080,0x00000000ef500000)
  to   space 10240K, 0% used [0x00000000ef500000,0x00000000ef500000,0x00000000eff00000)
 ParOldGen       total 44032K, used 37860K [0x00000000c0000000, 0x00000000c2b00000, 0x00000000eab00000)
  object space 44032K, 85% used [0x00000000c0000000,0x00000000c24f9218,0x00000000c2b00000)
 Metaspace       used 6045K, capacity 7024K, committed 7296K, reserved 1056768K
  class space    used 593K, capacity 616K, committed 640K, reserved 1048576K
Event: 5.796 GC heap after
Heap after GC invocations=8 (full 1):
 PSYoungGen      total 75776K, used 0K [0x00000000eab00000, 0x00000000f0600000, 0x0000000100000000)
  eden space 61952K, 0% used [0x00000000eab00000,0x00000000eab00000,0x00000000ee780000)
  from space 13824K, 0% used [0x00000000ee780000,0x00000000ee780000,0x00000000ef500000)
  to   space 10240K, 0% used [0x00000000ef500000,0x00000000ef500000,0x00000000eff00000)
 ParOldGen       total 60416K, used 25024K [0x00000000c0000000, 0x00000000c3b00000, 0x00000000eab00000)
  object space 60416K, 41% used [0x00000000c0000000,0x00000000c18700d8,0x00000000c3b00000)
 Metaspace       used 6045K, capacity 7024K, committed 7296K, reserved 1056768K
  class space    used 593K, capacity 616K, committed 640K, reserved 1048576K
}
Event: 7.513 GC heap before
{Heap before GC invocations=9 (full 1):
 PSYoungGen      total 75776K, used 61952K [0x00000000eab00000, 0x00000000f0600000, 0x0000000100000000)
  eden space 61952K, 100% used [0x00000000eab00000,0x00000000ee780000,0x00000000ee780000)
  from space 13824K, 0% used [0x00000000ee780000,0x00000000ee780000,0x00000000ef500000)
  to   space 10240K, 0% used [0x00000000ef500000,0x00000000ef500000,0x00000000eff00000)
 ParOldGen       total 60416K, used 25024K [0x00000000c0000000, 0x00000000c3b00000, 0x00000000eab00000)
  object space 60416K, 41% used [0x00000000c0000000,0x00000000c18700d8,0x00000000c3b00000)
 Metaspace       used 6155K, capacity 7152K, committed 7296K, reserved 1056768K
  class space    used 594K, capacity 616K, committed 640K, reserved 1048576K
Event: 7.556 GC heap after
Heap after GC invocations=9 (full 1):
 PSYoungGen      total 64000K, used 10234K [0x00000000eab00000, 0x00000000f3580000, 0x0000000100000000)
  eden space 53760K, 0% used [0x00000000eab00000,0x00000000eab00000,0x00000000edf80000)
  from space 10240K, 99% used [0x00000000ef500000,0x00000000efefebb8,0x00000000eff00000)
  to   space 22016K, 0% used [0x00000000edf80000,0x00000000edf80000,0x00000000ef500000)
 ParOldGen       total 60416K, used 25541K [0x00000000c0000000, 0x00000000c3b00000, 0x00000000eab00000)
  object space 60416K, 42% used [0x00000000c0000000,0x00000000c18f1678,0x00000000c3b00000)
 Metaspace       used 6155K, capacity 7152K, committed 7296K, reserved 1056768K
  class space    used 594K, capacity 616K, committed 640K, reserved 1048576K
}

Deoptimization events (10 events):
Event: 4.903 Thread 0x00000000567ef800 Uncommon trap: reason=unstable_if action=reinterpret pc=0x0000000002fd9120 method=com.android.dx.rop.cst.CstLiteral32.equals(Ljava/lang/Object;)Z @ 12
Event: 6.191 Thread 0x0000000056800000 Uncommon trap: reason=class_check action=maybe_recompile pc=0x0000000002fd4bdc method=com.android.dx.rop.code.DexTranslationAdvice.hasConstantOperation(Lcom/android/dx/rop/code/Rop;Lcom/android/dx/rop/code/RegisterSpec;Lcom/android/dx/rop/code/RegisterSpecÎLÀl¾Ã@
Event: 6.191 Thread 0x0000000056800000 Uncommon trap: reason=unstable_if action=reinterpret pc=0x0000000003037624 method=com.android.dx.rop.code.LocalVariableInfo.mergeStarts(ILcom/android/dx/rop/code/RegisterSpecSet;)Z @ 56
Event: 6.191 Thread 0x0000000056800000 Uncommon trap: reason=unstable_if action=reinterpret pc=0x0000000002facc88 method=com.android.dx.cf.code.RopperMachine.run(Lcom/android/dx/cf/code/Frame;II)V @ 1019
Event: 6.192 Thread 0x0000000056800000 Uncommon trap: reason=class_check action=maybe_recompile pc=0x0000000002fd4bdc method=com.android.dx.rop.code.DexTranslationAdvice.hasConstantOperation(Lcom/android/dx/rop/code/Rop;Lcom/android/dx/rop/code/RegisterSpec;Lcom/android/dx/rop/code/RegisterSpec÷“/ðƒÄ@
Event: 6.192 Thread 0x0000000056800000 Uncommon trap: reason=unstable_if action=reinterpret pc=0x000000000304cccc method=com.android.dx.dex.code.RopTranslator.getRegs(Lcom/android/dx/rop/code/Insn;Lcom/android/dx/rop/code/RegisterSpec;)Lcom/android/dx/rop/code/RegisterSpecList; @ 12
Event: 6.353 Thread 0x00000000567ef800 Uncommon trap: reason=unstable_if action=reinterpret pc=0x0000000002d890e8 method=java.util.BitSet.clone()Ljava/lang/Object; @ 4
Event: 7.105 Thread 0x00000000567ef800 Uncommon trap: reason=class_check action=maybe_recompile pc=0x0000000002fd4bdc method=com.android.dx.rop.code.DexTranslationAdvice.hasConstantOperation(Lcom/android/dx/rop/code/Rop;Lcom/android/dx/rop/code/RegisterSpec;Lcom/android/dx/rop/code/RegisterSpec´·œk@
Event: 7.105 Thread 0x00000000567ef800 Uncommon trap: reason=class_check action=maybe_recompile pc=0x0000000002fd4bdc method=com.android.dx.rop.code.DexTranslationAdvice.hasConstantOperation(Lcom/android/dx/rop/code/Rop;Lcom/android/dx/rop/code/RegisterSpec;Lcom/android/dx/rop/code/RegisterSpecþC(´=@
Event: 7.310 Thread 0x00000000567f1800 Uncommon trap: reason=unstable_if action=reinterpret pc=0x0000000002fc3444 method=com.android.dx.ssa.SCCP.simulateBranch(Lcom/android/dx/ssa/SsaInsn;)V @ 81

Internal exceptions (4 events):
Event: 0.340 Thread 0x000000000029f000 Exception <a 'java/lang/NoSuchMethodError': Method sun.misc.Unsafe.defineClass(Ljava/lang/String;[BII)Ljava/lang/Class; name or signature does not match> (0x00000000eab07cc0) thrown at [D:\re\workspace\8-2-build-windows-amd64-cygwin\jdk8u92\6642\hotspot\sr­¨Ò”ÄÈÕ?
Event: 0.340 Thread 0x000000000029f000 Exception <a 'java/lang/NoSuchMethodError': Method sun.misc.Unsafe.prefetchRead(Ljava/lang/Object;J)V name or signature does not match> (0x00000000eab07fa8) thrown at [D:\re\workspace\8-2-build-windows-amd64-cygwin\jdk8u92\6642\hotspot\src\share\vm\prims\jï(H ƒê@
Event: 2.990 Thread 0x00000000566ec800 Implicit null exception at 0x0000000002e5f60f to 0x0000000002e61a75
Event: 2.990 Thread 0x00000000566ec800 Implicit null exception at 0x0000000002e6cd77 to 0x0000000002e6dbe5

Events (10 events):
Event: 7.629 Thread 0x00000000567ef800 DEOPT PACKING pc=0x0000000002ccfa71 sp=0x000000005754e6c0
Event: 7.629 Thread 0x00000000567ef800 DEOPT UNPACKING pc=0x00000000028e787f sp=0x000000005754e438 mode 0
Event: 7.642 Thread 0x0000000056800000 DEOPT PACKING pc=0x0000000003034ae2 sp=0x000000005790e670
Event: 7.642 Thread 0x0000000056800000 DEOPT UNPACKING pc=0x00000000028e787f sp=0x000000005790e390 mode 0
Event: 7.665 Thread 0x0000000056800000 DEOPT PACKING pc=0x0000000002da9dfd sp=0x000000005790e690
Event: 7.665 Thread 0x0000000056800000 DEOPT UNPACKING pc=0x00000000028e787f sp=0x000000005790e470 mode 0
Event: 7.677 Thread 0x00000000567ef800 DEOPT PACKING pc=0x0000000002ddf724 sp=0x000000005754e6c0
Event: 7.677 Thread 0x00000000567ef800 DEOPT UNPACKING pc=0x00000000028e787f sp=0x000000005754e488 mode 0
Event: 7.701 Thread 0x0000000056800000 DEOPT PACKING pc=0x0000000002ccfa71 sp=0x000000005790e6b0
Event: 7.701 Thread 0x0000000056800000 DEOPT UNPACKING pc=0x00000000028e787f sp=0x000000005790e428 mode 0


Dynamic libraries:
0x000000013f420000 - 0x000000013f457000 	C:\Program Files\Java\jdk1.8.0_92\bin\java.exe
0x0000000077a90000 - 0x0000000077c3a000 	C:\windows\SYSTEM32\ntdll.dll
0x0000000077730000 - 0x000000007784f000 	C:\windows\system32\kernel32.dll
0x000007fefda20000 - 0x000007fefda8b000 	C:\windows\system32\KERNELBASE.dll
0x000007fefed50000 - 0x000007fefee2b000 	C:\windows\system32\ADVAPI32.dll
0x000007fefe5f0000 - 0x000007fefe68f000 	C:\windows\system32\msvcrt.dll
0x000007fefeed0000 - 0x000007fefeeef000 	C:\windows\SYSTEM32\sechost.dll
0x000007fefe210000 - 0x000007fefe33d000 	C:\windows\system32\RPCRT4.dll
0x0000000077850000 - 0x000000007794a000 	C:\windows\system32\USER32.dll
0x000007fefe690000 - 0x000007fefe6f7000 	C:\windows\system32\GDI32.dll
0x000007fefe3d0000 - 0x000007fefe3de000 	C:\windows\system32\LPK.dll
0x000007fefdc10000 - 0x000007fefdcda000 	C:\windows\system32\USP10.dll
0x000007fefbfd0000 - 0x000007fefc1c4000 	C:\windows\WinSxS\amd64_microsoft.windows.common-controls_6595b64144ccf1df_6.0.7601.18837_none_fa3b1e3d17594757\COMCTL32.dll
0x000007fefe510000 - 0x000007fefe581000 	C:\windows\system32\SHLWAPI.dll
0x000007fefdce0000 - 0x000007fefdd0e000 	C:\windows\system32\IMM32.DLL
0x000007fefdd10000 - 0x000007fefde19000 	C:\windows\system32\MSCTF.dll
0x0000000062870000 - 0x0000000062942000 	C:\Program Files\Java\jdk1.8.0_92\jre\bin\msvcr100.dll
0x0000000061ba0000 - 0x0000000062436000 	C:\Program Files\Java\jdk1.8.0_92\jre\bin\server\jvm.dll
0x000007fef6f00000 - 0x000007fef6f09000 	C:\windows\system32\WSOCK32.dll
0x000007fefeef0000 - 0x000007fefef3d000 	C:\windows\system32\WS2_32.dll
0x000007fefefe0000 - 0x000007fefefe8000 	C:\windows\system32\NSI.dll
0x000007fefdb10000 - 0x000007fefdb4b000 	C:\windows\system32\WINMM.dll
0x000007fefc8c0000 - 0x000007fefc8cc000 	C:\windows\system32\VERSION.dll
0x0000000077c50000 - 0x0000000077c57000 	C:\windows\system32\PSAPI.DLL
0x000000006c800000 - 0x000000006c80f000 	C:\Program Files\Java\jdk1.8.0_92\jre\bin\verify.dll
0x000000006c7d0000 - 0x000000006c7f9000 	C:\Program Files\Java\jdk1.8.0_92\jre\bin\java.dll
0x000000006c7b0000 - 0x000000006c7c6000 	C:\Program Files\Java\jdk1.8.0_92\jre\bin\zip.dll
0x000007feff010000 - 0x000007feffd99000 	C:\windows\system32\SHELL32.dll
0x000007fefe880000 - 0x000007fefea83000 	C:\windows\system32\ole32.dll
0x000007fefd760000 - 0x000007fefd76f000 	C:\windows\system32\profapi.dll

VM Arguments:
jvm_args: -Djava.awt.headless=true -Xmx1024M -Dfile.encoding=GBK -Duser.country=CN -Duser.language=zh -Duser.variant 
java_command: com.android.dx.command.Main --dex --force-jumbo --num-threads=4 --output C:\Android\Project\MyGitDroid\app\build\intermediates\pre-dexed\debug\main_e7639333fc9985bd798be5718ee72ef53d6058e7.jar C:\Android\Project\MyGitDroid\app\build\intermediates\transforms\instantRun\debug\folders\1\5\main
java_class_path (initial): C:\Android\sdk\build-tools\24.0.1\lib\dx.jar
Launcher Type: SUN_STANDARD

Environment Variables:
JAVA_HOME=C:\Program Files\Java\jdk1.8.0_92
CLASSPATH=.
PATH=C:\Program Files\Java\jdk1.8.0_92\bin;C:\ProgramData\Oracle\Java\javapath;C:\windows\system32;C:\windows;C:\windows\System32\Wbem;C:\windows\System32\WindowsPowerShell\v1.0\;C:\Program Files (x86)\Intel\OpenCL SDK\2.0\bin\x86;C:\Program Files (x86)\Intel\OpenCL SDK\2.0\bin\x64
USERNAME=Administrator
OS=Windows_NT
PROCESSOR_IDENTIFIER=Intel64 Family 6 Model 42 Stepping 7, GenuineIntel



---------------  S Y S T E M  ---------------

OS: Windows 7 , 64 bit Build 7601 (6.1.7601.19135)

CPU:total 4 (4 cores per cpu, 1 threads per core) family 6 model 42 stepping 7, cmov, cx8, fxsr, mmx, sse, sse2, sse3, ssse3, sse4.1, sse4.2, popcnt, avx, aes, clmul, tsc, tscinvbit

Memory: 4k page, physical 4104836k(383764k free), swap 5151576k(5844k free)

vm_info: Java HotSpot(TM) 64-Bit Server VM (25.92-b14) for windows-amd64 JRE (1.8.0_92-b14), built on Mar 31 2016 21:03:04 by "java_re" with MS VC++ 10.0 (VS2010)

time: Wed Aug 03 15:09:11 2016
elapsed time: 7 seconds (0d 0h 0m 7s)

