#
# There is insufficient memory for the Java Runtime Environment to continue.
# Native memory allocation (malloc) failed to allocate 422256 bytes for Chunk::new
# Possible reasons:
#   The system is out of physical RAM or swap space
#   In 32 bit mode, the process size limit was hit
# Possible solutions:
#   Reduce memory load on the system
#   Increase physical memory or swap space
#   Check if swap backing store is full
#   Use 64 bit Java on a 64 bit OS
#   Decrease Java heap size (-Xmx/-Xms)
#   Decrease number of Java threads
#   Decrease Java thread stack sizes (-Xss)
#   Set larger code cache with -XX:ReservedCodeCacheSize=
# This output file may be truncated or incomplete.
#
#  Out of Memory Error (allocation.cpp:390), pid=8724, tid=0x00000000000023a4
#
# JRE version: Java(TM) SE Runtime Environment (8.0_92-b14) (build 1.8.0_92-b14)
# Java VM: Java HotSpot(TM) 64-Bit Server VM (25.92-b14 mixed mode windows-amd64 compressed oops)
# Failed to write core dump. Minidumps are not enabled by default on client versions of Windows
#

---------------  T H R E A D  ---------------

Current thread (0x00000000566c5000):  JavaThread "C2 CompilerThread1" daemon [_thread_in_native, id=9124, stack(0x0000000056f40000,0x0000000057040000)]

Stack: [0x0000000056f40000,0x0000000057040000]
[error occurred during error reporting (printing stack bounds), id 0xc0000005]

Native frames: (J=compiled Java code, j=interpreted, Vv=VM code, C=native code)


Current CompileTask:
C2:   2577 1420       4       com.android.dx.ssa.SCCP::simulateBranch (666 bytes)


---------------  P R O C E S S  ---------------

Java Threads: ( => current thread )
  0x0000000056974800 JavaThread "pool-1-thread-4" [_thread_blocked, id=8872, stack(0x00000000574f0000,0x00000000575f0000)]
  0x0000000056972000 JavaThread "pool-1-thread-3" [_thread_blocked, id=9040, stack(0x0000000057690000,0x0000000057790000)]
  0x000000005696a800 JavaThread "pool-1-thread-2" [_thread_blocked, id=9028, stack(0x00000000573e0000,0x00000000574e0000)]
  0x00000000569a6800 JavaThread "pool-2-thread-1" [_thread_blocked, id=8912, stack(0x0000000057040000,0x0000000057140000)]
  0x00000000569ae800 JavaThread "pool-1-thread-1" [_thread_blocked, id=9204, stack(0x0000000056d00000,0x0000000056e00000)]
  0x00000000566d0000 JavaThread "Service Thread" daemon [_thread_blocked, id=9012, stack(0x0000000057150000,0x0000000057250000)]
  0x00000000566c6000 JavaThread "C1 CompilerThread2" daemon [_thread_blocked, id=8940, stack(0x0000000056ad0000,0x0000000056bd0000)]
=>0x00000000566c5000 JavaThread "C2 CompilerThread1" daemon [_thread_in_native, id=9124, stack(0x0000000056f40000,0x0000000057040000)]
  0x00000000550ec800 JavaThread "C2 CompilerThread0" daemon [_thread_in_native, id=9100, stack(0x0000000056e30000,0x0000000056f30000)]
  0x00000000566bb000 JavaThread "Attach Listener" daemon [_thread_blocked, id=9096, stack(0x0000000056bd0000,0x0000000056cd0000)]
  0x00000000566ba800 JavaThread "Signal Dispatcher" daemon [_thread_blocked, id=8904, stack(0x0000000056450000,0x0000000056550000)]
  0x00000000550c3800 JavaThread "Finalizer" daemon [_thread_blocked, id=8992, stack(0x00000000565b0000,0x00000000566b0000)]
  0x0000000055082000 JavaThread "Reference Handler" daemon [_thread_blocked, id=9020, stack(0x00000000562f0000,0x00000000563f0000)]
  0x000000000062f000 JavaThread "main" [_thread_blocked, id=8804, stack(0x00000000026e0000,0x00000000027e0000)]

Other Threads:
  0x000000005507a800 VMThread [stack: 0x00000000561c0000,0x00000000562c0000] [id=8788]
  0x000000005673b800 WatcherThread [stack: 0x00000000572e0000,0x00000000573e0000] [id=9072]

VM state:not at safepoint (normal execution)

VM Mutex/Monitor currently owned by a thread: None

Heap:
 PSYoungGen      total 35328K, used 26211K [0x00000000eab00000, 0x00000000ed000000, 0x0000000100000000)
  eden space 32768K, 72% used [0x00000000eab00000,0x00000000ec21af60,0x00000000ecb00000)
  from space 2560K, 99% used [0x00000000ecd80000,0x00000000ecffe040,0x00000000ed000000)
  to   space 2560K, 0% used [0x00000000ecb00000,0x00000000ecb00000,0x00000000ecd80000)
 ParOldGen       total 44032K, used 3740K [0x00000000c0000000, 0x00000000c2b00000, 0x00000000eab00000)
  object space 44032K, 8% used [0x00000000c0000000,0x00000000c03a72d0,0x00000000c2b00000)
 Metaspace       used 6172K, capacity 7028K, committed 7296K, reserved 1056768K
  class space    used 605K, capacity 620K, committed 640K, reserved 1048576K

Card table byte_map: [0x0000000011ba0000,0x0000000011db0000] byte_map_base: 0x00000000115a0000

Marking Bits: (ParMarkBitMap*) 0x00000000623b64f0
 Begin Bits: [0x00000000124f0000, 0x00000000134f0000)
 End Bits:   [0x00000000134f0000, 0x00000000144f0000)

Polling page: 0x0000000000360000

CodeCache: size=245760Kb used=6051Kb max_used=6052Kb free=239708Kb
 bounds [0x00000000027e0000, 0x0000000002dd0000, 0x00000000117e0000]
 total_blobs=1729 nmethods=1459 adapters=182
 compilation: enabled

Compilation events (10 events):
Event: 2.419 Thread 0x00000000550ec800 1414       4       com.android.dx.rop.code.ThrowingCstInsn::<init> (51 bytes)
Event: 2.420 Thread 0x00000000550ec800 nmethod 1414 0x0000000002db55d0 code [0x0000000002db5720, 0x0000000002db58d8]
Event: 2.420 Thread 0x00000000550ec800 1411       4       com.android.dx.rop.code.LocalItem::compareTo (32 bytes)
Event: 2.422 Thread 0x00000000550ec800 nmethod 1411 0x0000000002dccb50 code [0x0000000002dccca0, 0x0000000002dccf78]
Event: 2.422 Thread 0x00000000550ec800 1450       4       com.android.dx.ssa.back.FirstFitLocalCombiningAllocator$1::visitNonMoveInsn (6 bytes)
Event: 2.423 Thread 0x00000000550ec800 nmethod 1450 0x0000000002ccaed0 code [0x0000000002ccb020, 0x0000000002ccb088]
Event: 2.423 Thread 0x00000000550ec800 1453       4       com.android.dx.ssa.SsaRenamer$BlockRenamer::visitNonMoveInsn (14 bytes)
Event: 2.437 Thread 0x00000000550ec800 nmethod 1453 0x0000000002dc5710 code [0x0000000002dc58a0, 0x0000000002dc6030]
Event: 2.437 Thread 0x00000000550ec800 1452   !   4       java.util.BitSet::clone (49 bytes)
Event: 2.439 Thread 0x00000000550ec800 nmethod 1452 0x0000000002db5010 code [0x0000000002db5180, 0x0000000002db5388]

GC Heap History (4 events):
Event: 1.203 GC heap before
{Heap before GC invocations=1 (full 0):
 PSYoungGen      total 18944K, used 16384K [0x00000000eab00000, 0x00000000ec000000, 0x0000000100000000)
  eden space 16384K, 100% used [0x00000000eab00000,0x00000000ebb00000,0x00000000ebb00000)
  from space 2560K, 0% used [0x00000000ebd80000,0x00000000ebd80000,0x00000000ec000000)
  to   space 2560K, 0% used [0x00000000ebb00000,0x00000000ebb00000,0x00000000ebd80000)
 ParOldGen       total 44032K, used 0K [0x00000000c0000000, 0x00000000c2b00000, 0x00000000eab00000)
  object space 44032K, 0% used [0x00000000c0000000,0x00000000c0000000,0x00000000c2b00000)
 Metaspace       used 5811K, capacity 6708K, committed 6784K, reserved 1056768K
  class space    used 601K, capacity 620K, committed 640K, reserved 1048576K
Event: 1.359 GC heap after
Heap after GC invocations=1 (full 0):
 PSYoungGen      total 18944K, used 2530K [0x00000000eab00000, 0x00000000ed000000, 0x0000000100000000)
  eden space 16384K, 0% used [0x00000000eab00000,0x00000000eab00000,0x00000000ebb00000)
  from space 2560K, 98% used [0x00000000ebb00000,0x00000000ebd78aa0,0x00000000ebd80000)
  to   space 2560K, 0% used [0x00000000ecd80000,0x00000000ecd80000,0x00000000ed000000)
 ParOldGen       total 44032K, used 1751K [0x00000000c0000000, 0x00000000c2b00000, 0x00000000eab00000)
  object space 44032K, 3% used [0x00000000c0000000,0x00000000c01b5e88,0x00000000c2b00000)
 Metaspace       used 5811K, capacity 6708K, committed 6784K, reserved 1056768K
  class space    used 601K, capacity 620K, committed 640K, reserved 1048576K
}
Event: 1.871 GC heap before
{Heap before GC invocations=2 (full 0):
 PSYoungGen      total 18944K, used 18914K [0x00000000eab00000, 0x00000000ed000000, 0x0000000100000000)
  eden space 16384K, 100% used [0x00000000eab00000,0x00000000ebb00000,0x00000000ebb00000)
  from space 2560K, 98% used [0x00000000ebb00000,0x00000000ebd78aa0,0x00000000ebd80000)
  to   space 2560K, 0% used [0x00000000ecd80000,0x00000000ecd80000,0x00000000ed000000)
 ParOldGen       total 44032K, used 1751K [0x00000000c0000000, 0x00000000c2b00000, 0x00000000eab00000)
  object space 44032K, 3% used [0x00000000c0000000,0x00000000c01b5e88,0x00000000c2b00000)
 Metaspace       used 6009K, capacity 6900K, committed 7040K, reserved 1056768K
  class space    used 602K, capacity 620K, committed 640K, reserved 1048576K
Event: 1.965 GC heap after
Heap after GC invocations=2 (full 0):
 PSYoungGen      total 35328K, used 2552K [0x00000000eab00000, 0x00000000ed000000, 0x0000000100000000)
  eden space 32768K, 0% used [0x00000000eab00000,0x00000000eab00000,0x00000000ecb00000)
  from space 2560K, 99% used [0x00000000ecd80000,0x00000000ecffe040,0x00000000ed000000)
  to   space 2560K, 0% used [0x00000000ecb00000,0x00000000ecb00000,0x00000000ecd80000)
 ParOldGen       total 44032K, used 3740K [0x00000000c0000000, 0x00000000c2b00000, 0x00000000eab00000)
  object space 44032K, 8% used [0x00000000c0000000,0x00000000c03a72d0,0x00000000c2b00000)
 Metaspace       used 6009K, capacity 6900K, committed 7040K, reserved 1056768K
  class space    used 602K, capacity 620K, committed 640K, reserved 1048576K
}

Deoptimization events (10 events):
Event: 1.991 Thread 0x0000000056974800 Uncommon trap: reason=class_check action=maybe_recompile pc=0x0000000002b4c9fc method=java.util.HashMap.putVal(ILjava/lang/Object;Ljava/lang/Object;ZZ)Ljava/lang/Object; @ 203
Event: 2.005 Thread 0x0000000056974800 Uncommon trap: reason=unstable_if action=reinterpret pc=0x0000000002ac929c method=com.android.dx.rop.code.RegisterSpecSet.put(Lcom/android/dx/rop/code/RegisterSpec;)V @ 77
Event: 2.005 Thread 0x0000000056974800 Uncommon trap: reason=unstable_if action=reinterpret pc=0x0000000002ade140 method=com.android.dx.rop.code.RegisterSpecSet.put(Lcom/android/dx/rop/code/RegisterSpec;)V @ 77
Event: 2.011 Thread 0x0000000056974800 Uncommon trap: reason=bimorphic action=maybe_recompile pc=0x0000000002a9ae34 method=java.util.HashMap.getNode(ILjava/lang/Object;)Ljava/util/HashMap$Node; @ 126
Event: 2.011 Thread 0x0000000056974800 Uncommon trap: reason=class_check action=maybe_recompile pc=0x0000000002b4c9fc method=java.util.HashMap.putVal(ILjava/lang/Object;Ljava/lang/Object;ZZ)Ljava/lang/Object; @ 203
Event: 2.011 Thread 0x0000000056974800 Uncommon trap: reason=bimorphic action=maybe_recompile pc=0x0000000002a9ae34 method=java.util.HashMap.getNode(ILjava/lang/Object;)Ljava/util/HashMap$Node; @ 126
Event: 2.011 Thread 0x0000000056974800 Uncommon trap: reason=class_check action=maybe_recompile pc=0x0000000002b4c9fc method=java.util.HashMap.putVal(ILjava/lang/Object;Ljava/lang/Object;ZZ)Ljava/lang/Object; @ 203
Event: 2.011 Thread 0x0000000056974800 Uncommon trap: reason=bimorphic action=maybe_recompile pc=0x0000000002a9ae34 method=java.util.HashMap.getNode(ILjava/lang/Object;)Ljava/util/HashMap$Node; @ 126
Event: 2.012 Thread 0x0000000056974800 Uncommon trap: reason=class_check action=maybe_recompile pc=0x0000000002b4c9fc method=java.util.HashMap.putVal(ILjava/lang/Object;Ljava/lang/Object;ZZ)Ljava/lang/Object; @ 203
Event: 2.012 Thread 0x0000000056974800 Uncommon trap: reason=bimorphic action=maybe_recompile pc=0x0000000002aa291c method=java.util.HashMap.getNode(ILjava/lang/Object;)Ljava/util/HashMap$Node; @ 126

Internal exceptions (3 events):
Event: 0.341 Thread 0x000000000062f000 Exception <a 'java/lang/NoSuchMethodError': Method sun.misc.Unsafe.defineClass(Ljava/lang/String;[BII)Ljava/lang/Class; name or signature does not match> (0x00000000eab07cc0) thrown at [D:\re\workspace\8-2-build-windows-amd64-cygwin\jdk8u92\6642\hotspot\srþ1«zÓ×Õ?
Event: 0.341 Thread 0x000000000062f000 Exception <a 'java/lang/NoSuchMethodError': Method sun.misc.Unsafe.prefetchRead(Ljava/lang/Object;J)V name or signature does not match> (0x00000000eab07fa8) thrown at [D:\re\workspace\8-2-build-windows-amd64-cygwin\jdk8u92\6642\hotspot\src\share\vm\prims\jEÅfèFzù?
Event: 1.592 Thread 0x0000000056972000 Implicit null exception at 0x0000000002ac4d92 to 0x0000000002ac4e82

Events (10 events):
Event: 2.012 Thread 0x0000000056974800 DEOPT PACKING pc=0x0000000002aa291c sp=0x00000000575ee440
Event: 2.012 Thread 0x0000000056974800 DEOPT UNPACKING pc=0x000000000282582a sp=0x00000000575ee3c8 mode 2
Event: 2.086 loading class com/android/dx/dex/file/ParameterAnnotationStruct
Event: 2.086 loading class com/android/dx/dex/file/ParameterAnnotationStruct done
Event: 2.088 loading class com/android/dx/dex/file/UniformListItem
Event: 2.088 loading class com/android/dx/dex/file/UniformListItem done
Event: 2.088 loading class com/android/dx/dex/file/AnnotationSetRefItem
Event: 2.088 loading class com/android/dx/dex/file/AnnotationSetRefItem done
Event: 2.277 Executing VM operation: ForceSafepoint
Event: 2.278 Executing VM operation: ForceSafepoint done


Dynamic libraries:
0x000000013f420000 - 0x000000013f457000 	C:\Program Files\Java\jdk1.8.0_92\bin\java.exe
0x0000000077a90000 - 0x0000000077c3a000 	C:\windows\SYSTEM32\ntdll.dll
0x0000000077730000 - 0x000000007784f000 	C:\windows\system32\kernel32.dll
0x000007fefda20000 - 0x000007fefda8b000 	C:\windows\system32\KERNELBASE.dll
0x000007fefed50000 - 0x000007fefee2b000 	C:\windows\system32\ADVAPI32.dll
0x000007fefe5f0000 - 0x000007fefe68f000 	C:\windows\system32\msvcrt.dll
0x000007fefeed0000 - 0x000007fefeeef000 	C:\windows\SYSTEM32\sechost.dll
0x000007fefe210000 - 0x000007fefe33d000 	C:\windows\system32\RPCRT4.dll
0x0000000077850000 - 0x000000007794a000 	C:\windows\system32\USER32.dll
0x000007fefe690000 - 0x000007fefe6f7000 	C:\windows\system32\GDI32.dll
0x000007fefe3d0000 - 0x000007fefe3de000 	C:\windows\system32\LPK.dll
0x000007fefdc10000 - 0x000007fefdcda000 	C:\windows\system32\USP10.dll
0x000007fefbfd0000 - 0x000007fefc1c4000 	C:\windows\WinSxS\amd64_microsoft.windows.common-controls_6595b64144ccf1df_6.0.7601.18837_none_fa3b1e3d17594757\COMCTL32.dll
0x000007fefe510000 - 0x000007fefe581000 	C:\windows\system32\SHLWAPI.dll
0x000007fefdce0000 - 0x000007fefdd0e000 	C:\windows\system32\IMM32.DLL
0x000007fefdd10000 - 0x000007fefde19000 	C:\windows\system32\MSCTF.dll
0x0000000062870000 - 0x0000000062942000 	C:\Program Files\Java\jdk1.8.0_92\jre\bin\msvcr100.dll
0x0000000061ba0000 - 0x0000000062436000 	C:\Program Files\Java\jdk1.8.0_92\jre\bin\server\jvm.dll
0x000007fef6f00000 - 0x000007fef6f09000 	C:\windows\system32\WSOCK32.dll
0x000007fefeef0000 - 0x000007fefef3d000 	C:\windows\system32\WS2_32.dll
0x000007fefefe0000 - 0x000007fefefe8000 	C:\windows\system32\NSI.dll
0x000007fefdb10000 - 0x000007fefdb4b000 	C:\windows\system32\WINMM.dll
0x000007fefc8c0000 - 0x000007fefc8cc000 	C:\windows\system32\VERSION.dll
0x0000000077c50000 - 0x0000000077c57000 	C:\windows\system32\PSAPI.DLL
0x000000006c800000 - 0x000000006c80f000 	C:\Program Files\Java\jdk1.8.0_92\jre\bin\verify.dll
0x000000006c7d0000 - 0x000000006c7f9000 	C:\Program Files\Java\jdk1.8.0_92\jre\bin\java.dll
0x000000006c7b0000 - 0x000000006c7c6000 	C:\Program Files\Java\jdk1.8.0_92\jre\bin\zip.dll
0x000007feff010000 - 0x000007feffd99000 	C:\windows\system32\SHELL32.dll
0x000007fefe880000 - 0x000007fefea83000 	C:\windows\system32\ole32.dll
0x000007fefd760000 - 0x000007fefd76f000 	C:\windows\system32\profapi.dll

VM Arguments:
jvm_args: -Djava.awt.headless=true -Xmx1024M -Dfile.encoding=GBK -Duser.country=CN -Duser.language=zh -Duser.variant 
java_command: com.android.dx.command.Main --dex --force-jumbo --num-threads=4 --output C:\Android\Project\MyGitDroid\app\build\intermediates\pre-dexed\debug\com.android.support-recyclerview-v7-24.0.0_b0d3001d2e9fb64c6872bf2b4b1cebbfbeeae923.jar C:\Android\Project\MyGitDroid\app\build\intermediates\exploded-aar\com.android.support\recyclerview-v7\24.0.0\jars\classes.jar
java_class_path (initial): C:\Android\sdk\build-tools\24.0.1\lib\dx.jar
Launcher Type: SUN_STANDARD

Environment Variables:
JAVA_HOME=C:\Program Files\Java\jdk1.8.0_92
CLASSPATH=.
PATH=C:\Program Files\Java\jdk1.8.0_92\bin;C:\ProgramData\Oracle\Java\javapath;C:\windows\system32;C:\windows;C:\windows\System32\Wbem;C:\windows\System32\WindowsPowerShell\v1.0\;C:\Program Files (x86)\Intel\OpenCL SDK\2.0\bin\x86;C:\Program Files (x86)\Intel\OpenCL SDK\2.0\bin\x64
USERNAME=Administrator
OS=Windows_NT
PROCESSOR_IDENTIFIER=Intel64 Family 6 Model 42 Stepping 7, GenuineIntel



---------------  S Y S T E M  ---------------

OS: Windows 7 , 64 bit Build 7601 (6.1.7601.19135)

CPU:total 4 (4 cores per cpu, 1 threads per core) family 6 model 42 stepping 7, cmov, cx8, fxsr, mmx, sse, sse2, sse3, ssse3, sse4.1, sse4.2, popcnt, avx, aes, clmul, tsc, tscinvbit

Memory: 4k page, physical 4104836k(312360k free), swap 5151576k(5080k free)

vm_info: Java HotSpot(TM) 64-Bit Server VM (25.92-b14) for windows-amd64 JRE (1.8.0_92-b14), built on Mar 31 2016 21:03:04 by "java_re" with MS VC++ 10.0 (VS2010)

time: Wed Aug 03 15:09:09 2016
elapsed time: 2 seconds (0d 0h 0m 2s)

