#
# There is insufficient memory for the Java Runtime Environment to continue.
# Native memory allocation (malloc) failed to allocate 32744 bytes for ChunkPool::allocate
# Possible reasons:
#   The system is out of physical RAM or swap space
#   In 32 bit mode, the process size limit was hit
# Possible solutions:
#   Reduce memory load on the system
#   Increase physical memory or swap space
#   Check if swap backing store is full
#   Use 64 bit Java on a 64 bit OS
#   Decrease Java heap size (-Xmx/-Xms)
#   Decrease number of Java threads
#   Decrease Java thread stack sizes (-Xss)
#   Set larger code cache with -XX:ReservedCodeCacheSize=
# This output file may be truncated or incomplete.
#
#  Out of Memory Error (allocation.cpp:273), pid=8772, tid=0x0000000000002384
#
# JRE version: Java(TM) SE Runtime Environment (8.0_92-b14) (build 1.8.0_92-b14)
# Java VM: Java HotSpot(TM) 64-Bit Server VM (25.92-b14 mixed mode windows-amd64 compressed oops)
# Failed to write core dump. Minidumps are not enabled by default on client versions of Windows
#

---------------  T H R E A D  ---------------

Current thread (0x0000000056896000):  JavaThread "C2 CompilerThread1" daemon [_thread_in_native, id=9092, stack(0x0000000057020000,0x0000000057120000)]

Stack: [0x0000000057020000,0x0000000057120000]
[error occurred during error reporting (printing stack bounds), id 0xc0000005]

Native frames: (J=compiled Java code, j=interpreted, Vv=VM code, C=native code)


Current CompileTask:
C2:   2208 1178 %     4       com.android.dx.cf.code.Ropper::getAvailableLabel @ 13 (54 bytes)


---------------  P R O C E S S  ---------------

Java Threads: ( => current thread )
  0x0000000057a8f800 JavaThread "pool-1-thread-4" [_thread_in_Java, id=9196, stack(0x0000000058580000,0x0000000058680000)]
  0x0000000057a88000 JavaThread "pool-1-thread-3" [_thread_in_vm, id=9144, stack(0x0000000058370000,0x0000000058470000)]
  0x0000000056b9c000 JavaThread "pool-1-thread-2" [_thread_in_vm, id=8988, stack(0x00000000576f0000,0x00000000577f0000)]
  0x0000000056b69000 JavaThread "pool-2-thread-1" [_thread_blocked, id=8824, stack(0x0000000057960000,0x0000000057a60000)]
  0x0000000056b68800 JavaThread "pool-1-thread-1" [_thread_in_vm, id=8976, stack(0x00000000577f0000,0x00000000578f0000)]
  0x00000000568f3000 JavaThread "Service Thread" daemon [_thread_blocked, id=8964, stack(0x00000000573a0000,0x00000000574a0000)]
  0x00000000568f2000 JavaThread "C1 CompilerThread2" daemon [_thread_in_native, id=8972, stack(0x0000000057200000,0x0000000057300000)]
=>0x0000000056896000 JavaThread "C2 CompilerThread1" daemon [_thread_in_native, id=9092, stack(0x0000000057020000,0x0000000057120000)]
  0x000000005688e800 JavaThread "C2 CompilerThread0" daemon [_thread_in_native, id=9112, stack(0x0000000056630000,0x0000000056730000)]
  0x00000000554ab000 JavaThread "Attach Listener" daemon [_thread_blocked, id=9080, stack(0x0000000056e90000,0x0000000056f90000)]
  0x00000000554bf000 JavaThread "Signal Dispatcher" daemon [_thread_blocked, id=9076, stack(0x0000000056c80000,0x0000000056d80000)]
  0x0000000055499000 JavaThread "Finalizer" daemon [_thread_blocked, id=9068, stack(0x0000000056780000,0x0000000056880000)]
  0x0000000055452000 JavaThread "Reference Handler" daemon [_thread_blocked, id=9064, stack(0x00000000564e0000,0x00000000565e0000)]
  0x000000000279f000 JavaThread "main" [_thread_in_vm, id=8892, stack(0x0000000002b00000,0x0000000002c00000)]

Other Threads:
  0x000000005544a800 VMThread [stack: 0x00000000562d0000,0x00000000563d0000] [id=9168]
  0x00000000568f8800 WatcherThread [stack: 0x00000000575c0000,0x00000000576c0000] [id=8956]

VM state:synchronizing (normal execution)

VM Mutex/Monitor currently owned by a thread:  ([mutex/lock_event])
[0x000000000279c1e0] Safepoint_lock - owner thread: 0x000000005544a800
[0x000000000279c260] Threads_lock - owner thread: 0x000000005544a800
[0x000000000279c760] Heap_lock - owner thread: 0x0000000057a88000

Heap:
 PSYoungGen      total 18944K, used 18914K [0x00000000eab00000, 0x00000000ed000000, 0x0000000100000000)
  eden space 16384K, 100% used [0x00000000eab00000,0x00000000ebb00000,0x00000000ebb00000)
  from space 2560K, 98% used [0x00000000ebb00000,0x00000000ebd78ad8,0x00000000ebd80000)
  to   space 2560K, 0% used [0x00000000ecd80000,0x00000000ecd80000,0x00000000ed000000)
 ParOldGen       total 44032K, used 1536K [0x00000000c0000000, 0x00000000c2b00000, 0x00000000eab00000)
  object space 44032K, 3% used [0x00000000c0000000,0x00000000c0180220,0x00000000c2b00000)
 Metaspace       used 5952K, capacity 6836K, committed 7040K, reserved 1056768K
  class space    used 599K, capacity 620K, committed 640K, reserved 1048576K

Card table byte_map: [0x0000000011fc0000,0x00000000121d0000] byte_map_base: 0x00000000119c0000

Marking Bits: (ParMarkBitMap*) 0x00000000623b64f0
 Begin Bits: [0x00000000128c0000, 0x00000000138c0000)
 End Bits:   [0x00000000138c0000, 0x00000000148c0000)

Polling page: 0x0000000000160000

CodeCache: size=245760Kb used=4604Kb max_used=4616Kb free=241155Kb
 bounds [0x0000000002c00000, 0x0000000003090000, 0x0000000011c00000]
 total_blobs=1444 nmethods=1175 adapters=182
 compilation: enabled

Compilation events (10 events):
Event: 2.159 Thread 0x00000000568f2000 nmethod 1175 0x000000000306a290 code [0x000000000306a400, 0x000000000306a6b8]
Event: 2.160 Thread 0x0000000056896000 nmethod 1171 0x000000000306fa90 code [0x000000000306fbe0, 0x000000000306fd18]
Event: 2.160 Thread 0x0000000056896000 1174       4       java.lang.AbstractStringBuilder::append (50 bytes)
Event: 2.161 Thread 0x00000000568f2000 1176       3       com.android.dx.rop.type.Type::<init> (84 bytes)
Event: 2.161 Thread 0x00000000568f2000 nmethod 1176 0x0000000003083fd0 code [0x0000000003084180, 0x00000000030846a8]
Event: 2.161 Thread 0x00000000568f2000 1177   !   3       com.android.dx.rop.type.Type::putIntern (50 bytes)
Event: 2.161 Thread 0x00000000568f2000 nmethod 1177 0x000000000307fa50 code [0x000000000307fc40, 0x00000000030806f8]
Event: 2.162 Thread 0x00000000568f2000 1179       3       com.android.dx.cf.code.Simulator$SimVisitor::visitNoArgs (2136 bytes)
Event: 2.164 Thread 0x0000000056896000 nmethod 1174 0x00000000030752d0 code [0x0000000003075420, 0x00000000030757b8]
Event: 2.164 Thread 0x0000000056896000 1178 %     4       com.android.dx.cf.code.Ropper::getAvailableLabel @ 13 (54 bytes)

GC Heap History (2 events):
Event: 1.735 GC heap before
{Heap before GC invocations=1 (full 0):
 PSYoungGen      total 18944K, used 16384K [0x00000000eab00000, 0x00000000ec000000, 0x0000000100000000)
  eden space 16384K, 100% used [0x00000000eab00000,0x00000000ebb00000,0x00000000ebb00000)
  from space 2560K, 0% used [0x00000000ebd80000,0x00000000ebd80000,0x00000000ec000000)
  to   space 2560K, 0% used [0x00000000ebb00000,0x00000000ebb00000,0x00000000ebd80000)
 ParOldGen       total 44032K, used 0K [0x00000000c0000000, 0x00000000c2b00000, 0x00000000eab00000)
  object space 44032K, 0% used [0x00000000c0000000,0x00000000c0000000,0x00000000c2b00000)
 Metaspace       used 5795K, capacity 6708K, committed 6784K, reserved 1056768K
  class space    used 599K, capacity 620K, committed 640K, reserved 1048576K
Event: 1.797 GC heap after
Heap after GC invocations=1 (full 0):
 PSYoungGen      total 18944K, used 2530K [0x00000000eab00000, 0x00000000ed000000, 0x0000000100000000)
  eden space 16384K, 0% used [0x00000000eab00000,0x00000000eab00000,0x00000000ebb00000)
  from space 2560K, 98% used [0x00000000ebb00000,0x00000000ebd78ad8,0x00000000ebd80000)
  to   space 2560K, 0% used [0x00000000ecd80000,0x00000000ecd80000,0x00000000ed000000)
 ParOldGen       total 44032K, used 1536K [0x00000000c0000000, 0x00000000c2b00000, 0x00000000eab00000)
  object space 44032K, 3% used [0x00000000c0000000,0x00000000c0180220,0x00000000c2b00000)
 Metaspace       used 5795K, capacity 6708K, committed 6784K, reserved 1056768K
  class space    used 599K, capacity 620K, committed 640K, reserved 1048576K
}

Deoptimization events (7 events):
Event: 1.324 Thread 0x0000000056b9c000 Uncommon trap: reason=unstable_if action=reinterpret pc=0x0000000002df5a58 method=java.util.HashMap.getNode(ILjava/lang/Object;)Ljava/util/HashMap$Node; @ 129
Event: 1.476 Thread 0x0000000056b9c000 Uncommon trap: reason=null_check action=make_not_entrant pc=0x0000000002ece4ec method=com.android.dx.ssa.SsaRenamer.getLocalForNewReg(I)Lcom/android/dx/rop/code/LocalItem; @ 19
Event: 1.667 Thread 0x0000000056b68800 Uncommon trap: reason=null_check action=make_not_entrant pc=0x0000000002f29b50 method=com.android.dx.rop.type.Type.equals(Ljava/lang/Object;)Z @ 8
Event: 1.836 Thread 0x0000000057a8f800 Uncommon trap: reason=unstable_if action=reinterpret pc=0x0000000002e6dc74 method=java.util.HashMap.getNode(ILjava/lang/Object;)Ljava/util/HashMap$Node; @ 62
Event: 1.855 Thread 0x0000000056b68800 Uncommon trap: reason=bimorphic action=maybe_recompile pc=0x0000000002f0b028 method=java.util.HashMap.getNode(ILjava/lang/Object;)Ljava/util/HashMap$Node; @ 126
Event: 1.855 Thread 0x0000000056b68800 Uncommon trap: reason=bimorphic action=maybe_recompile pc=0x0000000002f0b028 method=java.util.HashMap.getNode(ILjava/lang/Object;)Ljava/util/HashMap$Node; @ 126
Event: 2.049 Thread 0x0000000057a88000 Uncommon trap: reason=unstable_if action=reinterpret pc=0x0000000002f340c0 method=com.android.dx.rop.code.RegisterSpec.equals(ILcom/android/dx/rop/type/TypeBearer;Lcom/android/dx/rop/code/LocalItem;)Z @ 42

Internal exceptions (4 events):
Event: 0.122 Thread 0x000000000279f000 Exception <a 'java/lang/NoSuchMethodError': Method sun.misc.Unsafe.defineClass(Ljava/lang/String;[BII)Ljava/lang/Class; name or signature does not match> (0x00000000eab07cc0) thrown at [D:\re\workspace\8-2-build-windows-amd64-cygwin\jdk8u92\6642\hotspot\sr‡íÀ.ê\ø?
Event: 0.123 Thread 0x000000000279f000 Exception <a 'java/lang/NoSuchMethodError': Method sun.misc.Unsafe.prefetchRead(Ljava/lang/Object;J)V name or signature does not match> (0x00000000eab07fa8) thrown at [D:\re\workspace\8-2-build-windows-amd64-cygwin\jdk8u92\6642\hotspot\src\share\vm\prims\j•=ÉØQü˜?
Event: 1.476 Thread 0x0000000056b9c000 Implicit null exception at 0x0000000002eccd96 to 0x0000000002ece4a5
Event: 1.667 Thread 0x0000000056b68800 Implicit null exception at 0x0000000002f29a52 to 0x0000000002f29b42

Events (10 events):
Event: 1.855 Thread 0x0000000056b68800 DEOPT PACKING pc=0x0000000002f0b028 sp=0x00000000578eec00
Event: 1.855 Thread 0x0000000056b68800 DEOPT UNPACKING pc=0x0000000002c4582a sp=0x00000000578eeb80 mode 2
Event: 1.855 Thread 0x0000000056b68800 Uncommon trap: trap_request=0xffffffc6 fr.pc=0x0000000002f0b028
Event: 1.855 Thread 0x0000000056b68800 DEOPT PACKING pc=0x0000000002f0b028 sp=0x00000000578eec00
Event: 1.855 Thread 0x0000000056b68800 DEOPT UNPACKING pc=0x0000000002c4582a sp=0x00000000578eeb80 mode 2
Event: 2.032 loading class com/android/dx/cf/attrib/AttDeprecated
Event: 2.032 loading class com/android/dx/cf/attrib/AttDeprecated done
Event: 2.049 Thread 0x0000000057a88000 Uncommon trap: trap_request=0xffffff65 fr.pc=0x0000000002f340c0
Event: 2.049 Thread 0x0000000057a88000 DEOPT PACKING pc=0x0000000002f340c0 sp=0x000000005846e4e0
Event: 2.049 Thread 0x0000000057a88000 DEOPT UNPACKING pc=0x0000000002c4582a sp=0x000000005846e468 mode 2


Dynamic libraries:
0x000000013f420000 - 0x000000013f457000 	C:\Program Files\Java\jdk1.8.0_92\bin\java.exe
0x0000000077a90000 - 0x0000000077c3a000 	C:\windows\SYSTEM32\ntdll.dll
0x0000000077730000 - 0x000000007784f000 	C:\windows\system32\kernel32.dll
0x000007fefda20000 - 0x000007fefda8b000 	C:\windows\system32\KERNELBASE.dll
0x000007fefed50000 - 0x000007fefee2b000 	C:\windows\system32\ADVAPI32.dll
0x000007fefe5f0000 - 0x000007fefe68f000 	C:\windows\system32\msvcrt.dll
0x000007fefeed0000 - 0x000007fefeeef000 	C:\windows\SYSTEM32\sechost.dll
0x000007fefe210000 - 0x000007fefe33d000 	C:\windows\system32\RPCRT4.dll
0x0000000077850000 - 0x000000007794a000 	C:\windows\system32\USER32.dll
0x000007fefe690000 - 0x000007fefe6f7000 	C:\windows\system32\GDI32.dll
0x000007fefe3d0000 - 0x000007fefe3de000 	C:\windows\system32\LPK.dll
0x000007fefdc10000 - 0x000007fefdcda000 	C:\windows\system32\USP10.dll
0x000007fefbfd0000 - 0x000007fefc1c4000 	C:\windows\WinSxS\amd64_microsoft.windows.common-controls_6595b64144ccf1df_6.0.7601.18837_none_fa3b1e3d17594757\COMCTL32.dll
0x000007fefe510000 - 0x000007fefe581000 	C:\windows\system32\SHLWAPI.dll
0x000007fefdce0000 - 0x000007fefdd0e000 	C:\windows\system32\IMM32.DLL
0x000007fefdd10000 - 0x000007fefde19000 	C:\windows\system32\MSCTF.dll
0x0000000062870000 - 0x0000000062942000 	C:\Program Files\Java\jdk1.8.0_92\jre\bin\msvcr100.dll
0x0000000061ba0000 - 0x0000000062436000 	C:\Program Files\Java\jdk1.8.0_92\jre\bin\server\jvm.dll
0x000007fef6f00000 - 0x000007fef6f09000 	C:\windows\system32\WSOCK32.dll
0x000007fefeef0000 - 0x000007fefef3d000 	C:\windows\system32\WS2_32.dll
0x000007fefefe0000 - 0x000007fefefe8000 	C:\windows\system32\NSI.dll
0x000007fefdb10000 - 0x000007fefdb4b000 	C:\windows\system32\WINMM.dll
0x000007fefc8c0000 - 0x000007fefc8cc000 	C:\windows\system32\VERSION.dll
0x0000000077c50000 - 0x0000000077c57000 	C:\windows\system32\PSAPI.DLL
0x000000006c800000 - 0x000000006c80f000 	C:\Program Files\Java\jdk1.8.0_92\jre\bin\verify.dll
0x000000006c7d0000 - 0x000000006c7f9000 	C:\Program Files\Java\jdk1.8.0_92\jre\bin\java.dll
0x000000006c7b0000 - 0x000000006c7c6000 	C:\Program Files\Java\jdk1.8.0_92\jre\bin\zip.dll
0x000007feff010000 - 0x000007feffd99000 	C:\windows\system32\SHELL32.dll
0x000007fefe880000 - 0x000007fefea83000 	C:\windows\system32\ole32.dll
0x000007fefd760000 - 0x000007fefd76f000 	C:\windows\system32\profapi.dll

VM Arguments:
jvm_args: -Djava.awt.headless=true -Xmx1024M -Dfile.encoding=GBK -Duser.country=CN -Duser.language=zh -Duser.variant 
java_command: com.android.dx.command.Main --dex --force-jumbo --num-threads=4 --output C:\Android\Project\MyGitDroid\app\build\intermediates\pre-dexed\debug\okhttp-3.3.0_01cc990dcf2d17d688f9fc2e7c93ea22339e41ab.jar C:\Users\Administrator\.gradle\caches\modules-2\files-2.1\com.squareup.okhttp3\okhttp\3.3.0\2b802460eea20f8f2ad9c08c74e0f14718e88aa9\okhttp-3.3.0.jar
java_class_path (initial): C:\Android\sdk\build-tools\24.0.1\lib\dx.jar
Launcher Type: SUN_STANDARD

Environment Variables:



---------------  S Y S T E M  ---------------

OS: Windows 7 , 64 bit Build 7601 (6.1.7601.19135)

CPU:total 4 (4 cores per cpu, 1 threads per core) family 6 model 42 stepping 7, cmov, cx8, fxsr, mmx, sse, sse2, sse3, ssse3, sse4.1, sse4.2, popcnt, avx, aes, clmul, tsc, tscinvbit

Memory: 4k page, physical 4104836k(312364k free), swap 5151576k(5080k free)

vm_info: Java HotSpot(TM) 64-Bit Server VM (25.92-b14) for windows-amd64 JRE (1.8.0_92-b14), built on Mar 31 2016 21:03:04 by "java_re" with MS VC++ 10.0 (VS2010)

time: Wed Aug 03 15:09:09 2016
elapsed time: 2 seconds (0d 0h 0m 2s)

