#
# There is insufficient memory for the Java Runtime Environment to continue.
# Native memory allocation (malloc) failed to allocate 291936 bytes for Chunk::new
# Possible reasons:
#   The system is out of physical RAM or swap space
#   In 32 bit mode, the process size limit was hit
# Possible solutions:
#   Reduce memory load on the system
#   Increase physical memory or swap space
#   Check if swap backing store is full
#   Use 64 bit Java on a 64 bit OS
#   Decrease Java heap size (-Xmx/-Xms)
#   Decrease number of Java threads
#   Decrease Java thread stack sizes (-Xss)
#   Set larger code cache with -XX:ReservedCodeCacheSize=
# This output file may be truncated or incomplete.
#
#  Out of Memory Error (allocation.cpp:390), pid=2248, tid=0x0000000000000d0c
#
# JRE version: Java(TM) SE Runtime Environment (8.0_92-b14) (build 1.8.0_92-b14)
# Java VM: Java HotSpot(TM) 64-Bit Server VM (25.92-b14 mixed mode windows-amd64 compressed oops)
# Failed to write core dump. Minidumps are not enabled by default on client versions of Windows
#

---------------  T H R E A D  ---------------

Current thread (0x00000000552bc800):  JavaThread "C2 CompilerThread0" daemon [_thread_in_native, id=3340, stack(0x0000000012210000,0x0000000012310000)]

Stack: [0x0000000012210000,0x0000000012310000]
[error occurred during error reporting (printing stack bounds), id 0xc0000005]

Native frames: (J=compiled Java code, j=interpreted, Vv=VM code, C=native code)


Current CompileTask:
C2:   1783  860       4       com.android.dx.ssa.NormalSsaInsn::accept (25 bytes)


---------------  P R O C E S S  ---------------

Java Threads: ( => current thread )
  0x00000000568cc800 JavaThread "pool-1-thread-4" [_thread_blocked, id=1840, stack(0x00000000580e0000,0x00000000581e0000)]
  0x00000000569cf000 JavaThread "pool-1-thread-3" [_thread_blocked, id=1488, stack(0x0000000057f50000,0x0000000058050000)]
  0x00000000569ce800 JavaThread "pool-1-thread-2" [_thread_blocked, id=2196, stack(0x0000000057d20000,0x0000000057e20000)]
  0x00000000569cd800 JavaThread "pool-2-thread-1" [_thread_blocked, id=2796, stack(0x0000000057e20000,0x0000000057f20000)]
  0x000000005698d800 JavaThread "pool-1-thread-1" [_thread_blocked, id=3212, stack(0x0000000057b80000,0x0000000057c80000)]
  0x0000000056620000 JavaThread "Service Thread" daemon [_thread_blocked, id=2804, stack(0x00000000571c0000,0x00000000572c0000)]
  0x0000000056616000 JavaThread "C1 CompilerThread2" daemon [_thread_blocked, id=344, stack(0x0000000056fc0000,0x00000000570c0000)]
  0x0000000056615000 JavaThread "C2 CompilerThread1" daemon [_thread_blocked, id=3500, stack(0x0000000056db0000,0x0000000056eb0000)]
=>0x00000000552bc800 JavaThread "C2 CompilerThread0" daemon [_thread_in_native, id=3340, stack(0x0000000012210000,0x0000000012310000)]
  0x0000000056613000 JavaThread "Attach Listener" daemon [_thread_blocked, id=1716, stack(0x0000000056c90000,0x0000000056d90000)]
  0x0000000056612000 JavaThread "Signal Dispatcher" daemon [_thread_blocked, id=3184, stack(0x0000000056a70000,0x0000000056b70000)]
  0x0000000055293800 JavaThread "Finalizer" daemon [_thread_blocked, id=3540, stack(0x0000000056230000,0x0000000056330000)]
  0x0000000055252000 JavaThread "Reference Handler" daemon [_thread_blocked, id=1132, stack(0x0000000056500000,0x0000000056600000)]
  0x00000000025cf000 JavaThread "main" [_thread_blocked, id=1548, stack(0x0000000002860000,0x0000000002960000)]

Other Threads:
  0x000000005524a800 VMThread [stack: 0x0000000056350000,0x0000000056450000] [id=3932]
  0x00000000566da800 WatcherThread [stack: 0x0000000056b70000,0x0000000056c70000] [id=2360]

VM state:not at safepoint (normal execution)

VM Mutex/Monitor currently owned by a thread: None

Heap:
 PSYoungGen      total 18944K, used 7676K [0x00000000eab00000, 0x00000000ed000000, 0x0000000100000000)
  eden space 16384K, 31% used [0x00000000eab00000,0x00000000eb002d18,0x00000000ebb00000)
  from space 2560K, 99% used [0x00000000ebb00000,0x00000000ebd7c470,0x00000000ebd80000)
  to   space 2560K, 0% used [0x00000000ecd80000,0x00000000ecd80000,0x00000000ed000000)
 ParOldGen       total 44032K, used 801K [0x00000000c0000000, 0x00000000c2b00000, 0x00000000eab00000)
  object space 44032K, 1% used [0x00000000c0000000,0x00000000c00c86b8,0x00000000c2b00000)
 Metaspace       used 5787K, capacity 6704K, committed 6784K, reserved 1056768K
  class space    used 596K, capacity 616K, committed 640K, reserved 1048576K

Card table byte_map: [0x0000000011d20000,0x0000000011f30000] byte_map_base: 0x0000000011720000

Marking Bits: (ParMarkBitMap*) 0x00000000619e64f0
 Begin Bits: [0x00000000126c0000, 0x00000000136c0000)
 End Bits:   [0x00000000136c0000, 0x00000000146c0000)

Polling page: 0x0000000000170000

CodeCache: size=245760Kb used=3615Kb max_used=3626Kb free=242144Kb
 bounds [0x0000000002960000, 0x0000000002cf0000, 0x0000000011960000]
 total_blobs=1138 nmethods=869 adapters=182
 compilation: enabled

Compilation events (10 events):
Event: 1.764 Thread 0x0000000056616000 nmethod 855 0x0000000002ce0bd0 code [0x0000000002ce0d20, 0x0000000002ce0e30]
Event: 1.764 Thread 0x0000000056616000  843       1       com.android.dx.cf.direct.MemberListParser::getDefiner (5 bytes)
Event: 1.764 Thread 0x0000000056616000 nmethod 843 0x0000000002ce0910 code [0x0000000002ce0a60, 0x0000000002ce0b70]
Event: 1.764 Thread 0x0000000056616000  868       1       com.android.dx.cf.iface.StdMember::getNat (5 bytes)
Event: 1.764 Thread 0x0000000056616000 nmethod 868 0x0000000002ce4850 code [0x0000000002ce49a0, 0x0000000002ce4ab0]
Event: 1.766 Thread 0x0000000056615000 nmethod 867 0x0000000002ce4150 code [0x0000000002ce42c0, 0x0000000002ce4538]
Event: 1.766 Thread 0x0000000056615000  869       4       com.android.dx.rop.code.RegisterSpecList::get (9 bytes)
Event: 1.767 Thread 0x0000000056615000 nmethod 869 0x0000000002ced5d0 code [0x0000000002ced720, 0x0000000002ced7d8]
Event: 1.767 Thread 0x0000000056615000  870       4       java.lang.String::startsWith (7 bytes)
Event: 1.769 Thread 0x0000000056615000 nmethod 870 0x0000000002ced910 code [0x0000000002ceda60, 0x0000000002cedbd8]

GC Heap History (2 events):
Event: 0.947 GC heap before
{Heap before GC invocations=1 (full 0):
 PSYoungGen      total 18944K, used 16384K [0x00000000eab00000, 0x00000000ec000000, 0x0000000100000000)
  eden space 16384K, 100% used [0x00000000eab00000,0x00000000ebb00000,0x00000000ebb00000)
  from space 2560K, 0% used [0x00000000ebd80000,0x00000000ebd80000,0x00000000ec000000)
  to   space 2560K, 0% used [0x00000000ebb00000,0x00000000ebb00000,0x00000000ebd80000)
 ParOldGen       total 44032K, used 0K [0x00000000c0000000, 0x00000000c2b00000, 0x00000000eab00000)
  object space 44032K, 0% used [0x00000000c0000000,0x00000000c0000000,0x00000000c2b00000)
 Metaspace       used 5410K, capacity 6384K, committed 6528K, reserved 1056768K
  class space    used 591K, capacity 616K, committed 640K, reserved 1048576K
Event: 1.101 GC heap after
Heap after GC invocations=1 (full 0):
 PSYoungGen      total 18944K, used 2545K [0x00000000eab00000, 0x00000000ed000000, 0x0000000100000000)
  eden space 16384K, 0% used [0x00000000eab00000,0x00000000eab00000,0x00000000ebb00000)
  from space 2560K, 99% used [0x00000000ebb00000,0x00000000ebd7c470,0x00000000ebd80000)
  to   space 2560K, 0% used [0x00000000ecd80000,0x00000000ecd80000,0x00000000ed000000)
 ParOldGen       total 44032K, used 801K [0x00000000c0000000, 0x00000000c2b00000, 0x00000000eab00000)
  object space 44032K, 1% used [0x00000000c0000000,0x00000000c00c86b8,0x00000000c2b00000)
 Metaspace       used 5410K, capacity 6384K, committed 6528K, reserved 1056768K
  class space    used 591K, capacity 616K, committed 640K, reserved 1048576K
}

Deoptimization events (7 events):
Event: 1.366 Thread 0x00000000025cf000 Uncommon trap: reason=unstable_if action=reinterpret pc=0x0000000002b596e0 method=java.util.BitSet.nextSetBit(I)I @ 87
Event: 1.368 Thread 0x00000000025cf000 Uncommon trap: reason=unstable_if action=reinterpret pc=0x0000000002b4174c method=java.util.HashMap.getNode(ILjava/lang/Object;)Ljava/util/HashMap$Node; @ 129
Event: 1.410 Thread 0x00000000025cf000 Uncommon trap: reason=class_check action=maybe_recompile pc=0x0000000002c14d40 method=com.android.dx.ssa.NormalSsaInsn.accept(Lcom/android/dx/ssa/SsaInsn$Visitor;)V @ 9
Event: 1.418 Thread 0x00000000025cf000 Uncommon trap: reason=class_check action=maybe_recompile pc=0x0000000002c14d40 method=com.android.dx.ssa.NormalSsaInsn.accept(Lcom/android/dx/ssa/SsaInsn$Visitor;)V @ 9
Event: 1.444 Thread 0x00000000569ce800 Uncommon trap: reason=class_check action=maybe_recompile pc=0x0000000002c14d40 method=com.android.dx.ssa.NormalSsaInsn.accept(Lcom/android/dx/ssa/SsaInsn$Visitor;)V @ 9
Event: 1.444 Thread 0x00000000569ce800 Uncommon trap: reason=class_check action=maybe_recompile pc=0x0000000002c14d40 method=com.android.dx.ssa.NormalSsaInsn.accept(Lcom/android/dx/ssa/SsaInsn$Visitor;)V @ 9
Event: 1.444 Thread 0x00000000569ce800 Uncommon trap: reason=class_check action=maybe_recompile pc=0x0000000002bc5620 method=com.android.dx.ssa.NormalSsaInsn.accept(Lcom/android/dx/ssa/SsaInsn$Visitor;)V @ 9

Internal exceptions (2 events):
Event: 0.137 Thread 0x00000000025cf000 Exception <a 'java/lang/NoSuchMethodError': Method sun.misc.Unsafe.defineClass(Ljava/lang/String;[BII)Ljava/lang/Class; name or signature does not match> (0x00000000eab07cc0) thrown at [D:\re\workspace\8-2-build-windows-amd64-cygwin\jdk8u92\6642\hotspot\sr†mÊ[…˜Á?
Event: 0.137 Thread 0x00000000025cf000 Exception <a 'java/lang/NoSuchMethodError': Method sun.misc.Unsafe.prefetchRead(Ljava/lang/Object;J)V name or signature does not match> (0x00000000eab07fa8) thrown at [D:\re\workspace\8-2-build-windows-amd64-cygwin\jdk8u92\6642\hotspot\src\share\vm\prims\j

Events (10 events):
Event: 1.444 Thread 0x00000000569ce800 DEOPT PACKING pc=0x0000000002bc5620 sp=0x0000000057e1e4d0
Event: 1.444 Thread 0x00000000569ce800 DEOPT UNPACKING pc=0x00000000029a582a sp=0x0000000057e1e470 mode 2
Event: 1.742 loading class com/android/dx/cf/attrib/AttLocalVariableTypeTable
Event: 1.742 loading class com/android/dx/cf/attrib/AttLocalVariableTypeTable done
Event: 1.742 Executing VM operation: ForceSafepoint
Event: 1.742 Executing VM operation: ForceSafepoint done
Event: 1.745 loading class com/android/dx/dex/file/MethodAnnotationStruct
Event: 1.745 loading class com/android/dx/dex/file/MethodAnnotationStruct done
Event: 1.764 loading class com/android/dx/cf/attrib/AttExceptions
Event: 1.764 loading class com/android/dx/cf/attrib/AttExceptions done


Dynamic libraries:
0x000000013f970000 - 0x000000013f9a7000 	C:\Program Files\Java\jdk1.8.0_92\bin\java.exe
0x0000000077420000 - 0x00000000775ca000 	C:\windows\SYSTEM32\ntdll.dll
0x0000000077200000 - 0x000000007731f000 	C:\windows\system32\kernel32.dll
0x000007fefd1d0000 - 0x000007fefd23b000 	C:\windows\system32\KERNELBASE.dll
0x000007feff320000 - 0x000007feff3fb000 	C:\windows\system32\ADVAPI32.dll
0x000007fefe930000 - 0x000007fefe9cf000 	C:\windows\system32\msvcrt.dll
0x000007feff680000 - 0x000007feff69f000 	C:\windows\SYSTEM32\sechost.dll
0x000007feff450000 - 0x000007feff57d000 	C:\windows\system32\RPCRT4.dll
0x0000000077320000 - 0x000000007741a000 	C:\windows\system32\USER32.dll
0x000007fefeb80000 - 0x000007fefebe7000 	C:\windows\system32\GDI32.dll
0x000007feff6a0000 - 0x000007feff6ae000 	C:\windows\system32\LPK.dll
0x000007fefd5a0000 - 0x000007fefd66a000 	C:\windows\system32\USP10.dll
0x000007fefb8e0000 - 0x000007fefbad4000 	C:\windows\WinSxS\amd64_microsoft.windows.common-controls_6595b64144ccf1df_6.0.7601.18837_none_fa3b1e3d17594757\COMCTL32.dll
0x000007feff5e0000 - 0x000007feff651000 	C:\windows\system32\SHLWAPI.dll
0x000007fefd850000 - 0x000007fefd87e000 	C:\windows\system32\IMM32.DLL
0x000007fefe9d0000 - 0x000007fefead9000 	C:\windows\system32\MSCTF.dll
0x000000006aee0000 - 0x000000006afb2000 	C:\Program Files\Java\jdk1.8.0_92\jre\bin\msvcr100.dll
0x00000000611d0000 - 0x0000000061a66000 	C:\Program Files\Java\jdk1.8.0_92\jre\bin\server\jvm.dll
0x000007fefb150000 - 0x000007fefb159000 	C:\windows\system32\WSOCK32.dll
0x000007feff400000 - 0x000007feff44d000 	C:\windows\system32\WS2_32.dll
0x000007fefe610000 - 0x000007fefe618000 	C:\windows\system32\NSI.dll
0x000007fefd270000 - 0x000007fefd2ab000 	C:\windows\system32\WINMM.dll
0x000007fefc250000 - 0x000007fefc25c000 	C:\windows\system32\VERSION.dll
0x00000000775e0000 - 0x00000000775e7000 	C:\windows\system32\PSAPI.DLL
0x0000000073770000 - 0x000000007377f000 	C:\Program Files\Java\jdk1.8.0_92\jre\bin\verify.dll
0x0000000071490000 - 0x00000000714b9000 	C:\Program Files\Java\jdk1.8.0_92\jre\bin\java.dll
0x0000000072430000 - 0x0000000072446000 	C:\Program Files\Java\jdk1.8.0_92\jre\bin\zip.dll
0x000007fefd880000 - 0x000007fefe609000 	C:\windows\system32\SHELL32.dll
0x000007feff110000 - 0x000007feff313000 	C:\windows\system32\ole32.dll
0x000007fefd0f0000 - 0x000007fefd0ff000 	C:\windows\system32\profapi.dll

VM Arguments:
jvm_args: -Djava.awt.headless=true -Xmx1024M -Dfile.encoding=GBK -Duser.country=CN -Duser.language=zh -Duser.variant 
java_command: com.android.dx.command.Main --dex --force-jumbo --num-threads=4 --output C:\Android\Project\MyGitDroid\app\build\intermediates\pre-dexed\debug\internal_impl-24.0.0_e98c77ecbb49475556e68f02980f07486adf963c.jar C:\Android\Project\MyGitDroid\app\build\intermediates\exploded-aar\com.android.support\support-v4\24.0.0\jars\libs\internal_impl-24.0.0.jar
java_class_path (initial): C:\Android\sdk\build-tools\24.0.1\lib\dx.jar
Launcher Type: SUN_STANDARD

Environment Variables:
JAVA_HOME=C:\Program Files\Java\jdk1.8.0_92
CLASSPATH=.
PATH=C:\Program Files\Java\jdk1.8.0_92\bin;C:\ProgramData\Oracle\Java\javapath;C:\windows\system32;C:\windows;C:\windows\System32\Wbem;C:\windows\System32\WindowsPowerShell\v1.0\;C:\Program Files (x86)\Intel\OpenCL SDK\2.0\bin\x86;C:\Program Files (x86)\Intel\OpenCL SDK\2.0\bin\x64
USERNAME=Administrator
OS=Windows_NT
PROCESSOR_IDENTIFIER=Intel64 Family 6 Model 42 Stepping 7, GenuineIntel



---------------  S Y S T E M  ---------------

OS: Windows 7 , 64 bit Build 7601 (6.1.7601.19135)

CPU:total 4 (4 cores per cpu, 1 threads per core) family 6 model 42 stepping 7, cmov, cx8, fxsr, mmx, sse, sse2, sse3, ssse3, sse4.1, sse4.2, popcnt, avx, aes, clmul, tsc, tscinvbit

Memory: 4k page, physical 4104836k(509460k free), swap 5151576k(5092k free)

vm_info: Java HotSpot(TM) 64-Bit Server VM (25.92-b14) for windows-amd64 JRE (1.8.0_92-b14), built on Mar 31 2016 21:03:04 by "java_re" with MS VC++ 10.0 (VS2010)

time: Thu Jul 28 15:50:24 2016
elapsed time: 1 seconds (0d 0h 0m 1s)

